[0.008s] Invoking command in '/home/sebastian-elliott-pedrosa/T1GR3/template_ws/build/ros_gz_example_gazebo': CMAKE_PREFIX_PATH=/home/sebastian-elliott-pedrosa/T1GR3/template_ws/install/ros_gz_example_description:/home/sebastian-elliott-pedrosa/T1GR3/template_ws/install/ros_gz_example_bringup:/home/sebastian-elliott-pedrosa/T1GR3/template_ws/install/ros_gz_example_gazebo:/home/sebastian-elliott-pedrosa/T1GR3/template_ws/install/ros_gz_example_application:/opt/ros/jazzy/opt/gz_sim_vendor:/opt/ros/jazzy/opt/gz_sensors_vendor:/opt/ros/jazzy/opt/gz_physics_vendor:/opt/ros/jazzy/opt/sdformat_vendor:/opt/ros/jazzy/opt/gz_gui_vendor:/opt/ros/jazzy/opt/gz_transport_vendor:/opt/ros/jazzy/opt/gz_rendering_vendor:/opt/ros/jazzy/opt/gz_plugin_vendor:/opt/ros/jazzy/opt/gz_fuel_tools_vendor:/opt/ros/jazzy/opt/gz_msgs_vendor:/opt/ros/jazzy/opt/gz_common_vendor:/opt/ros/jazzy/opt/gz_math_vendor:/opt/ros/jazzy/opt/gz_utils_vendor:/opt/ros/jazzy/opt/gz_tools_vendor:/opt/ros/jazzy/opt/gz_ogre_next_vendor:/opt/ros/jazzy/opt/gz_dartsim_vendor:/opt/ros/jazzy/opt/gz_cmake_vendor:/opt/ros/jazzy DEBUGINFOD_URLS=https://debuginfod.ubuntu.com GZ_SIM_RESOURCE_PATH=/home/sebastian-elliott-pedrosa/T1GR3/template_ws/install/ros_gz_example_description/share/ros_gz_example_description/models:${GZ_SIM_RESOURCE_PATH} VIRTUAL_ENV_PROMPT=(.venv) /usr/bin/cmake /home/sebastian-elliott-pedrosa/T1GR3/template_ws/src/ros_gz_project_template/ros_gz_example_gazebo -DAMENT_CMAKE_SYMLINK_INSTALL=1 -DCMAKE_INSTALL_PREFIX=/home/sebastian-elliott-pedrosa/T1GR3/template_ws/install/ros_gz_example_gazebo
[0.021s] -- Found ament_cmake: 2.5.3 (/opt/ros/jazzy/share/ament_cmake/cmake)
[0.175s] -- Override CMake install command with custom implementation using symlinks instead of copying resources
[0.183s] -- Found ros_gz_example_description: 0.0.0 (/home/sebastian-elliott-pedrosa/T1GR3/template_ws/install/ros_gz_example_description/share/ros_gz_example_description/cmake)
[0.188s] -- Looking for gz-plugin2 -- found version 2.0.3
[0.189s] -- Searching for dependencies of gz-plugin2
[0.189s] -- Looking for gz-utils2 -- found version 2.2.0
[0.189s] -- Searching for dependencies of gz-utils2
[0.190s] -- Searching for <gz-utils2> component [cli]
[0.190s] -- Looking for gz-utils2-cli -- found version 2.2.0
[0.190s] -- Searching for dependencies of gz-utils2-cli
[0.191s] -- Searching for <gz-plugin2> component [register]
[0.192s] -- Looking for gz-plugin2-register -- found version 2.0.3
[0.192s] -- Searching for dependencies of gz-plugin2-register
[0.193s] -- Looking for gz-common5 -- found version 5.7.0
[0.193s] -- Searching for dependencies of gz-common5
[0.193s] -- Looking for gz-utils2 -- found version 2.2.0
[0.194s] -- Looking for dlfcn.h - found
[0.194s] -- Looking for libdl - found
[0.200s] -- Checking for module 'uuid'
[0.215s] --   Found uuid, version 2.39.3
[0.251s] -- Searching for <gz-common5> component [profiler]
[0.251s] -- Looking for gz-common5-profiler -- found version 5.7.0
[0.251s] -- Searching for dependencies of gz-common5-profiler
[0.252s] -- Looking for gz-sim8 -- found version 8.8.0
[0.252s] -- Searching for dependencies of gz-sim8
[0.253s] -- Looking for sdformat14 -- found version 14.6.0
[0.253s] -- Searching for dependencies of sdformat14
[0.257s] -- Checking for module 'tinyxml2'
[0.273s] --   Found tinyxml2, version 10.0.0
[0.307s] -- Looking for gz-math7 -- found version 7.5.1
[0.308s] -- Searching for dependencies of gz-math7
[0.308s] -- Looking for gz-utils2 -- found version 2.2.0
[0.309s] -- Looking for gz-utils2 -- found version 2.2.0
[0.309s] -- Looking for gz-plugin2 -- found version 2.0.3
[0.310s] -- Searching for dependencies of gz-plugin2
[0.310s] -- Looking for gz-utils2 -- found version 2.2.0
[0.310s] -- Searching for <gz-plugin2> component [loader]
[0.310s] -- Looking for gz-plugin2-loader -- found version 2.0.3
[0.311s] -- Searching for dependencies of gz-plugin2-loader
[0.311s] -- Searching for <gz-plugin2> component [register]
[0.311s] -- Looking for gz-transport13 -- found version 13.4.0
[0.311s] -- Searching for dependencies of gz-transport13
[0.351s] -- Config-file not installed for ZeroMQ -- checking for pkg-config
[0.355s] -- Checking for module 'libzmq >= 4'
[0.371s] --   Found libzmq, version 4.3.5
[0.424s] -- Looking for gz-utils2 -- found version 2.2.0
[0.424s] -- Looking for gz-msgs10 -- found version 10.3.1
[0.424s] -- Searching for dependencies of gz-msgs10
[0.447s] -- Looking for gz-utils2 -- found version 2.2.0
[0.448s] -- Looking for gz-math7 -- found version 7.5.1
[0.551s] -- Searching for <gz-transport13> component [log]
[0.551s] -- Looking for gz-transport13-log -- found version 13.4.0
[0.551s] -- Searching for dependencies of gz-transport13-log
[0.552s] -- Searching for <gz-transport13> component [parameters]
[0.552s] -- Looking for gz-transport13-parameters -- found version 13.4.0
[0.552s] -- Searching for dependencies of gz-transport13-parameters
[0.553s] -- Looking for gz-msgs10 -- found version 10.3.1
[0.553s] -- Looking for gz-common5 -- found version 5.7.0
[0.553s] -- Searching for dependencies of gz-common5
[0.554s] -- Looking for gz-utils2 -- found version 2.2.0
[0.554s] -- Looking for dlfcn.h - found
[0.554s] -- Looking for libdl - found
[0.561s] -- Searching for <gz-common5> component [av]
[0.561s] -- Looking for gz-common5-av -- found version 5.7.0
[0.562s] -- Searching for dependencies of gz-common5-av
[0.567s] -- Checking for module 'libswscale'
[0.583s] --   Found libswscale, version 7.5.100
[0.627s] -- Checking for module 'libavdevice >= 56.4.100'
[0.643s] --   Found libavdevice, version 60.3.100
[0.699s] -- Checking for module 'libavformat'
[0.715s] --   Found libavformat, version 60.16.100
[0.762s] -- Checking for module 'libavcodec'
[0.778s] --   Found libavcodec, version 60.31.102
[0.824s] -- Checking for module 'libavutil'
[0.840s] --   Found libavutil, version 58.29.100
[0.877s] -- Searching for <gz-common5> component [events]
[0.877s] -- Looking for gz-common5-events -- found version 5.7.0
[0.878s] -- Searching for dependencies of gz-common5-events
[0.878s] -- Looking for gz-math7 -- found version 7.5.1
[0.878s] -- Searching for <gz-common5> component [graphics]
[0.879s] -- Looking for gz-common5-graphics -- found version 5.7.0
[0.879s] -- Searching for dependencies of gz-common5-graphics
[0.879s] -- Looking for gz-math7 -- found version 7.5.1
[0.881s] -- Searching for <gz-common5> component [io]
[0.881s] -- Looking for gz-common5-io -- found version 5.7.0
[0.882s] -- Searching for dependencies of gz-common5-io
[0.882s] -- Searching for <gz-common5> component [profiler]
[0.882s] -- Looking for gz-fuel_tools9 -- found version 9.1.0
[0.883s] -- Searching for dependencies of gz-fuel_tools9
[0.938s] -- Checking for module 'jsoncpp'
[0.955s] --   Found jsoncpp, version 1.9.5
[1.013s] -- Checking for module 'yaml-0.1'
[1.029s] --   Found yaml-0.1, version 0.2.5
[1.073s] -- Checking for module 'libzip'
[1.090s] --   Found libzip, version 1.7.3
[1.129s] -- Looking for gz-utils2 -- found version 2.2.0
[1.130s] -- Looking for gz-common5 -- found version 5.7.0
[1.130s] -- Searching for dependencies of gz-common5
[1.130s] -- Looking for gz-utils2 -- found version 2.2.0
[1.130s] -- Looking for dlfcn.h - found
[1.131s] -- Looking for libdl - found
[1.138s] -- Searching for <gz-common5> component [testing]
[1.138s] -- Looking for gz-common5-testing -- found version 5.7.0
[1.138s] -- Searching for dependencies of gz-common5-testing
[1.139s] -- Looking for gz-math7 -- found version 7.5.1
[1.139s] -- Looking for gz-msgs10 -- found version 10.3.1
[1.140s] -- Looking for gz-gui8 -- found version 8.3.0
[1.140s] -- Searching for dependencies of gz-gui8
[1.170s] -- Looking for gz-utils2 -- found version 2.2.0
[1.170s] -- Looking for gz-math7 -- found version 7.5.1
[1.170s] -- Looking for gz-common5 -- found version 5.7.0
[1.171s] -- Looking for gz-plugin2 -- found version 2.0.3
[1.171s] -- Looking for gz-transport13 -- found version 13.4.0
[1.172s] -- Looking for gz-rendering8 -- found version 8.2.1
[1.172s] -- Searching for dependencies of gz-rendering8
[1.172s] -- Looking for gz-math7 -- found version 7.5.1
[1.172s] -- Searching for dependencies of gz-math7
[1.173s] -- Looking for gz-utils2 -- found version 2.2.0
[1.173s] -- Searching for <gz-math7> component [eigen3]
[1.173s] -- Looking for gz-math7-eigen3 -- found version 7.5.1
[1.173s] -- Searching for dependencies of gz-math7-eigen3
[1.175s] -- Looking for gz-common5 -- found version 5.7.0
[1.175s] -- Searching for dependencies of gz-common5
[1.175s] -- Looking for gz-utils2 -- found version 2.2.0
[1.175s] -- Looking for dlfcn.h - found
[1.176s] -- Looking for libdl - found
[1.183s] -- Searching for <gz-common5> component [graphics]
[1.183s] -- Searching for <gz-common5> component [events]
[1.183s] -- Searching for <gz-common5> component [geospatial]
[1.183s] -- Looking for gz-common5-geospatial -- found version 5.7.0
[1.183s] -- Searching for dependencies of gz-common5-geospatial
[1.184s] -- Looking for gz-math7 -- found version 7.5.1
[1.184s] -- Looking for gz-common5 -- found version 5.7.0
[1.185s] -- Looking for gz-plugin2 -- found version 2.0.3
[1.185s] -- Searching for dependencies of gz-plugin2
[1.185s] -- Looking for gz-utils2 -- found version 2.2.0
[1.186s] -- Searching for <gz-plugin2> component [all]
[1.186s] -- Looking for all libraries of gz-plugin2 -- found version 2.0.3
[1.186s] -- Looking for gz-plugin2 -- found version 2.0.3
[1.187s] -- Looking for gz-utils2 -- found version 2.2.0
[1.190s] -- Looking for gz-msgs10 -- found version 10.3.1
[1.205s] -- Looking for gz-physics7 -- found version 7.4.0
[1.205s] -- Searching for dependencies of gz-physics7
[1.205s] -- Looking for gz-common5 -- found version 5.7.0
[1.205s] -- Looking for gz-math7 -- found version 7.5.1
[1.206s] -- Looking for gz-plugin2 -- found version 2.0.3
[1.206s] -- Looking for gz-utils2 -- found version 2.2.0
[1.207s] -- Searching for <gz-physics7> component [heightmap]
[1.207s] -- Looking for gz-physics7-heightmap -- found version 7.4.0
[1.208s] -- Searching for dependencies of gz-physics7-heightmap
[1.208s] -- Looking for gz-common5 -- found version 5.7.0
[1.208s] -- Searching for <gz-physics7> component [mesh]
[1.209s] -- Looking for gz-physics7-mesh -- found version 7.4.0
[1.209s] -- Searching for dependencies of gz-physics7-mesh
[1.209s] -- Looking for gz-common5 -- found version 5.7.0
[1.209s] -- Searching for <gz-physics7> component [sdf]
[1.210s] -- Looking for gz-physics7-sdf -- found version 7.4.0
[1.210s] -- Searching for dependencies of gz-physics7-sdf
[1.210s] -- Looking for sdformat14 -- found version 14.6.0
[1.211s] -- Looking for gz-sensors8 -- found version 8.2.1
[1.211s] -- Searching for dependencies of gz-sensors8
[1.235s] -- Looking for gz-math7 -- found version 7.5.1
[1.235s] -- Looking for gz-common5 -- found version 5.7.0
[1.236s] -- Looking for gz-transport13 -- found version 13.4.0
[1.236s] -- Looking for gz-rendering8 -- found version 8.2.1
[1.237s] -- Looking for gz-msgs10 -- found version 10.3.1
[1.237s] -- Looking for sdformat14 -- found version 14.6.0
[1.238s] -- Searching for <gz-sensors8> component [air_pressure]
[1.238s] -- Looking for gz-sensors8-air_pressure -- found version 8.2.1
[1.238s] -- Searching for dependencies of gz-sensors8-air_pressure
[1.239s] -- Searching for <gz-sensors8> component [air_speed]
[1.239s] -- Looking for gz-sensors8-air_speed -- found version 8.2.1
[1.239s] -- Searching for dependencies of gz-sensors8-air_speed
[1.240s] -- Searching for <gz-sensors8> component [altimeter]
[1.240s] -- Looking for gz-sensors8-altimeter -- found version 8.2.1
[1.241s] -- Searching for dependencies of gz-sensors8-altimeter
[1.241s] -- Searching for <gz-sensors8> component [imu]
[1.242s] -- Looking for gz-sensors8-imu -- found version 8.2.1
[1.242s] -- Searching for dependencies of gz-sensors8-imu
[1.242s] -- Searching for <gz-sensors8> component [force_torque]
[1.243s] -- Looking for gz-sensors8-force_torque -- found version 8.2.1
[1.243s] -- Searching for dependencies of gz-sensors8-force_torque
[1.243s] -- Searching for <gz-sensors8> component [logical_camera]
[1.244s] -- Looking for gz-sensors8-logical_camera -- found version 8.2.1
[1.244s] -- Searching for dependencies of gz-sensors8-logical_camera
[1.245s] -- Searching for <gz-sensors8> component [magnetometer]
[1.245s] -- Looking for gz-sensors8-magnetometer -- found version 8.2.1
[1.245s] -- Searching for dependencies of gz-sensors8-magnetometer
[1.246s] -- Searching for <gz-sensors8> component [navsat]
[1.246s] -- Looking for gz-sensors8-navsat -- found version 8.2.1
[1.246s] -- Searching for dependencies of gz-sensors8-navsat
[1.247s] -- Searching for <gz-sensors8> component [dvl]
[1.247s] -- Looking for gz-sensors8-dvl -- found version 8.2.1
[1.247s] -- Searching for dependencies of gz-sensors8-dvl
[1.248s] -- Looking for gz-sensors8 -- found version 8.2.1
[1.248s] -- Searching for dependencies of gz-sensors8
[1.272s] -- Looking for gz-math7 -- found version 7.5.1
[1.272s] -- Looking for gz-common5 -- found version 5.7.0
[1.273s] -- Looking for gz-transport13 -- found version 13.4.0
[1.273s] -- Looking for gz-rendering8 -- found version 8.2.1
[1.273s] -- Looking for gz-msgs10 -- found version 10.3.1
[1.274s] -- Looking for sdformat14 -- found version 14.6.0
[1.274s] -- Searching for <gz-sensors8> component [rendering]
[1.274s] -- Looking for gz-sensors8-rendering -- found version 8.2.1
[1.274s] -- Searching for dependencies of gz-sensors8-rendering
[1.275s] -- Searching for <gz-sensors8> component [rendering]
[1.275s] -- Searching for <gz-sensors8> component [lidar]
[1.276s] -- Looking for gz-sensors8-lidar -- found version 8.2.1
[1.276s] -- Searching for dependencies of gz-sensors8-lidar
[1.276s] -- Looking for gz-sensors8 -- found version 8.2.1
[1.277s] -- Searching for <gz-sensors8> component [gpu_lidar]
[1.277s] -- Looking for gz-sensors8-gpu_lidar -- found version 8.2.1
[1.277s] -- Searching for dependencies of gz-sensors8-gpu_lidar
[1.277s] -- Looking for gz-sensors8 -- found version 8.2.1
[1.278s] -- Searching for <gz-sensors8> component [camera]
[1.278s] -- Looking for gz-sensors8-camera -- found version 8.2.1
[1.278s] -- Searching for dependencies of gz-sensors8-camera
[1.279s] -- Looking for gz-sensors8 -- found version 8.2.1
[1.279s] -- Searching for <gz-sensors8> component [boundingbox_camera]
[1.280s] -- Looking for gz-sensors8-boundingbox_camera -- found version 8.2.1
[1.280s] -- Searching for dependencies of gz-sensors8-boundingbox_camera
[1.280s] -- Searching for <gz-sensors8> component [segmentation_camera]
[1.280s] -- Looking for gz-sensors8-segmentation_camera -- found version 8.2.1
[1.281s] -- Searching for dependencies of gz-sensors8-segmentation_camera
[1.281s] -- Searching for <gz-sensors8> component [depth_camera]
[1.281s] -- Looking for gz-sensors8-depth_camera -- found version 8.2.1
[1.282s] -- Searching for dependencies of gz-sensors8-depth_camera
[1.282s] -- Looking for gz-sensors8 -- found version 8.2.1
[1.282s] -- Searching for <gz-sensors8> component [rgbd_camera]
[1.283s] -- Looking for gz-sensors8-rgbd_camera -- found version 8.2.1
[1.283s] -- Searching for dependencies of gz-sensors8-rgbd_camera
[1.283s] -- Looking for gz-sensors8 -- found version 8.2.1
[1.284s] -- Searching for <gz-sensors8> component [thermal_camera]
[1.284s] -- Looking for gz-sensors8-thermal_camera -- found version 8.2.1
[1.284s] -- Searching for dependencies of gz-sensors8-thermal_camera
[1.284s] -- Looking for gz-sensors8 -- found version 8.2.1
[1.285s] -- Searching for <gz-sensors8> component [wide_angle_camera]
[1.285s] -- Looking for gz-sensors8-wide_angle_camera -- found version 8.2.1
[1.285s] -- Searching for dependencies of gz-sensors8-wide_angle_camera
[1.286s] -- Looking for gz-rendering8 -- found version 8.2.1
[1.286s] -- Looking for gz-math7 -- found version 7.5.1
[1.287s] -- Looking for gz-utils2 -- found version 2.2.0
[1.311s] -- Compiling against Gazebo Harmonic
[1.312s] -- Found ament_lint_auto: 0.17.1 (/opt/ros/jazzy/share/ament_lint_auto/cmake)
[1.384s] -- Configuring done (1.4s)
[1.405s] -- Generating done (0.0s)
[1.409s] -- Build files have been written to: /home/sebastian-elliott-pedrosa/T1GR3/template_ws/build/ros_gz_example_gazebo
[1.417s] Invoked command in '/home/sebastian-elliott-pedrosa/T1GR3/template_ws/build/ros_gz_example_gazebo' returned '0': CMAKE_PREFIX_PATH=/home/sebastian-elliott-pedrosa/T1GR3/template_ws/install/ros_gz_example_description:/home/sebastian-elliott-pedrosa/T1GR3/template_ws/install/ros_gz_example_bringup:/home/sebastian-elliott-pedrosa/T1GR3/template_ws/install/ros_gz_example_gazebo:/home/sebastian-elliott-pedrosa/T1GR3/template_ws/install/ros_gz_example_application:/opt/ros/jazzy/opt/gz_sim_vendor:/opt/ros/jazzy/opt/gz_sensors_vendor:/opt/ros/jazzy/opt/gz_physics_vendor:/opt/ros/jazzy/opt/sdformat_vendor:/opt/ros/jazzy/opt/gz_gui_vendor:/opt/ros/jazzy/opt/gz_transport_vendor:/opt/ros/jazzy/opt/gz_rendering_vendor:/opt/ros/jazzy/opt/gz_plugin_vendor:/opt/ros/jazzy/opt/gz_fuel_tools_vendor:/opt/ros/jazzy/opt/gz_msgs_vendor:/opt/ros/jazzy/opt/gz_common_vendor:/opt/ros/jazzy/opt/gz_math_vendor:/opt/ros/jazzy/opt/gz_utils_vendor:/opt/ros/jazzy/opt/gz_tools_vendor:/opt/ros/jazzy/opt/gz_ogre_next_vendor:/opt/ros/jazzy/opt/gz_dartsim_vendor:/opt/ros/jazzy/opt/gz_cmake_vendor:/opt/ros/jazzy DEBUGINFOD_URLS=https://debuginfod.ubuntu.com GZ_SIM_RESOURCE_PATH=/home/sebastian-elliott-pedrosa/T1GR3/template_ws/install/ros_gz_example_description/share/ros_gz_example_description/models:${GZ_SIM_RESOURCE_PATH} VIRTUAL_ENV_PROMPT=(.venv) /usr/bin/cmake /home/sebastian-elliott-pedrosa/T1GR3/template_ws/src/ros_gz_project_template/ros_gz_example_gazebo -DAMENT_CMAKE_SYMLINK_INSTALL=1 -DCMAKE_INSTALL_PREFIX=/home/sebastian-elliott-pedrosa/T1GR3/template_ws/install/ros_gz_example_gazebo
[1.418s] Invoking command in '/home/sebastian-elliott-pedrosa/T1GR3/template_ws/build/ros_gz_example_gazebo': CMAKE_PREFIX_PATH=/home/sebastian-elliott-pedrosa/T1GR3/template_ws/install/ros_gz_example_description:/home/sebastian-elliott-pedrosa/T1GR3/template_ws/install/ros_gz_example_bringup:/home/sebastian-elliott-pedrosa/T1GR3/template_ws/install/ros_gz_example_gazebo:/home/sebastian-elliott-pedrosa/T1GR3/template_ws/install/ros_gz_example_application:/opt/ros/jazzy/opt/gz_sim_vendor:/opt/ros/jazzy/opt/gz_sensors_vendor:/opt/ros/jazzy/opt/gz_physics_vendor:/opt/ros/jazzy/opt/sdformat_vendor:/opt/ros/jazzy/opt/gz_gui_vendor:/opt/ros/jazzy/opt/gz_transport_vendor:/opt/ros/jazzy/opt/gz_rendering_vendor:/opt/ros/jazzy/opt/gz_plugin_vendor:/opt/ros/jazzy/opt/gz_fuel_tools_vendor:/opt/ros/jazzy/opt/gz_msgs_vendor:/opt/ros/jazzy/opt/gz_common_vendor:/opt/ros/jazzy/opt/gz_math_vendor:/opt/ros/jazzy/opt/gz_utils_vendor:/opt/ros/jazzy/opt/gz_tools_vendor:/opt/ros/jazzy/opt/gz_ogre_next_vendor:/opt/ros/jazzy/opt/gz_dartsim_vendor:/opt/ros/jazzy/opt/gz_cmake_vendor:/opt/ros/jazzy DEBUGINFOD_URLS=https://debuginfod.ubuntu.com GZ_SIM_RESOURCE_PATH=/home/sebastian-elliott-pedrosa/T1GR3/template_ws/install/ros_gz_example_description/share/ros_gz_example_description/models:${GZ_SIM_RESOURCE_PATH} VIRTUAL_ENV_PROMPT=(.venv) /usr/bin/cmake --build /home/sebastian-elliott-pedrosa/T1GR3/template_ws/build/ros_gz_example_gazebo -- -j24 -l24
[1.482s] [ 25%] [32m[1mLinking CXX shared library libBasicSystem.so[0m
[1.482s] [ 50%] [32m[1mLinking CXX shared library libFullSystem.so[0m
[1.627s] [ 75%] Built target FullSystem
[1.628s] [100%] Built target BasicSystem
[1.641s] Invoked command in '/home/sebastian-elliott-pedrosa/T1GR3/template_ws/build/ros_gz_example_gazebo' returned '0': CMAKE_PREFIX_PATH=/home/sebastian-elliott-pedrosa/T1GR3/template_ws/install/ros_gz_example_description:/home/sebastian-elliott-pedrosa/T1GR3/template_ws/install/ros_gz_example_bringup:/home/sebastian-elliott-pedrosa/T1GR3/template_ws/install/ros_gz_example_gazebo:/home/sebastian-elliott-pedrosa/T1GR3/template_ws/install/ros_gz_example_application:/opt/ros/jazzy/opt/gz_sim_vendor:/opt/ros/jazzy/opt/gz_sensors_vendor:/opt/ros/jazzy/opt/gz_physics_vendor:/opt/ros/jazzy/opt/sdformat_vendor:/opt/ros/jazzy/opt/gz_gui_vendor:/opt/ros/jazzy/opt/gz_transport_vendor:/opt/ros/jazzy/opt/gz_rendering_vendor:/opt/ros/jazzy/opt/gz_plugin_vendor:/opt/ros/jazzy/opt/gz_fuel_tools_vendor:/opt/ros/jazzy/opt/gz_msgs_vendor:/opt/ros/jazzy/opt/gz_common_vendor:/opt/ros/jazzy/opt/gz_math_vendor:/opt/ros/jazzy/opt/gz_utils_vendor:/opt/ros/jazzy/opt/gz_tools_vendor:/opt/ros/jazzy/opt/gz_ogre_next_vendor:/opt/ros/jazzy/opt/gz_dartsim_vendor:/opt/ros/jazzy/opt/gz_cmake_vendor:/opt/ros/jazzy DEBUGINFOD_URLS=https://debuginfod.ubuntu.com GZ_SIM_RESOURCE_PATH=/home/sebastian-elliott-pedrosa/T1GR3/template_ws/install/ros_gz_example_description/share/ros_gz_example_description/models:${GZ_SIM_RESOURCE_PATH} VIRTUAL_ENV_PROMPT=(.venv) /usr/bin/cmake --build /home/sebastian-elliott-pedrosa/T1GR3/template_ws/build/ros_gz_example_gazebo -- -j24 -l24
[1.642s] Invoking command in '/home/sebastian-elliott-pedrosa/T1GR3/template_ws/build/ros_gz_example_gazebo': CMAKE_PREFIX_PATH=/home/sebastian-elliott-pedrosa/T1GR3/template_ws/install/ros_gz_example_description:/home/sebastian-elliott-pedrosa/T1GR3/template_ws/install/ros_gz_example_bringup:/home/sebastian-elliott-pedrosa/T1GR3/template_ws/install/ros_gz_example_gazebo:/home/sebastian-elliott-pedrosa/T1GR3/template_ws/install/ros_gz_example_application:/opt/ros/jazzy/opt/gz_sim_vendor:/opt/ros/jazzy/opt/gz_sensors_vendor:/opt/ros/jazzy/opt/gz_physics_vendor:/opt/ros/jazzy/opt/sdformat_vendor:/opt/ros/jazzy/opt/gz_gui_vendor:/opt/ros/jazzy/opt/gz_transport_vendor:/opt/ros/jazzy/opt/gz_rendering_vendor:/opt/ros/jazzy/opt/gz_plugin_vendor:/opt/ros/jazzy/opt/gz_fuel_tools_vendor:/opt/ros/jazzy/opt/gz_msgs_vendor:/opt/ros/jazzy/opt/gz_common_vendor:/opt/ros/jazzy/opt/gz_math_vendor:/opt/ros/jazzy/opt/gz_utils_vendor:/opt/ros/jazzy/opt/gz_tools_vendor:/opt/ros/jazzy/opt/gz_ogre_next_vendor:/opt/ros/jazzy/opt/gz_dartsim_vendor:/opt/ros/jazzy/opt/gz_cmake_vendor:/opt/ros/jazzy DEBUGINFOD_URLS=https://debuginfod.ubuntu.com GZ_SIM_RESOURCE_PATH=/home/sebastian-elliott-pedrosa/T1GR3/template_ws/install/ros_gz_example_description/share/ros_gz_example_description/models:${GZ_SIM_RESOURCE_PATH} VIRTUAL_ENV_PROMPT=(.venv) /usr/bin/cmake --install /home/sebastian-elliott-pedrosa/T1GR3/template_ws/build/ros_gz_example_gazebo
[1.650s] -- Install configuration: ""
[1.650s] -- Execute custom install script
[1.651s] -- Symlinking: /home/sebastian-elliott-pedrosa/T1GR3/template_ws/install/ros_gz_example_gazebo/lib/ros_gz_example_gazebo/libBasicSystem.so
[1.661s] -- Symlinking: /home/sebastian-elliott-pedrosa/T1GR3/template_ws/install/ros_gz_example_gazebo/lib/ros_gz_example_gazebo/libFullSystem.so
[1.670s] -- Symlinking: /home/sebastian-elliott-pedrosa/T1GR3/template_ws/install/ros_gz_example_gazebo/share/ros_gz_example_gazebo/worlds/diff_drive.sdf
[1.680s] -- Symlinking: /home/sebastian-elliott-pedrosa/T1GR3/template_ws/install/ros_gz_example_gazebo/share/ros_gz_example_gazebo/environment/ros_gz_example_gazebo.dsv
[1.689s] -- Symlinking: /home/sebastian-elliott-pedrosa/T1GR3/template_ws/install/ros_gz_example_gazebo/share/ros_gz_example_gazebo/environment/ros_gz_example_gazebo.sh
[1.699s] -- Symlinking: /home/sebastian-elliott-pedrosa/T1GR3/template_ws/install/ros_gz_example_gazebo/share/ament_index/resource_index/package_run_dependencies/ros_gz_example_gazebo
[1.708s] -- Symlinking: /home/sebastian-elliott-pedrosa/T1GR3/template_ws/install/ros_gz_example_gazebo/share/ament_index/resource_index/parent_prefix_path/ros_gz_example_gazebo
[1.718s] -- Symlinking: /home/sebastian-elliott-pedrosa/T1GR3/template_ws/install/ros_gz_example_gazebo/share/ros_gz_example_gazebo/environment/ament_prefix_path.sh
[1.727s] -- Symlinking: /home/sebastian-elliott-pedrosa/T1GR3/template_ws/install/ros_gz_example_gazebo/share/ros_gz_example_gazebo/environment/ament_prefix_path.dsv
[1.737s] -- Symlinking: /home/sebastian-elliott-pedrosa/T1GR3/template_ws/install/ros_gz_example_gazebo/share/ros_gz_example_gazebo/environment/path.sh
[1.746s] -- Symlinking: /home/sebastian-elliott-pedrosa/T1GR3/template_ws/install/ros_gz_example_gazebo/share/ros_gz_example_gazebo/environment/path.dsv
[1.756s] -- Symlinking: /home/sebastian-elliott-pedrosa/T1GR3/template_ws/install/ros_gz_example_gazebo/share/ros_gz_example_gazebo/local_setup.bash
[1.765s] -- Symlinking: /home/sebastian-elliott-pedrosa/T1GR3/template_ws/install/ros_gz_example_gazebo/share/ros_gz_example_gazebo/local_setup.sh
[1.774s] -- Symlinking: /home/sebastian-elliott-pedrosa/T1GR3/template_ws/install/ros_gz_example_gazebo/share/ros_gz_example_gazebo/local_setup.zsh
[1.784s] -- Symlinking: /home/sebastian-elliott-pedrosa/T1GR3/template_ws/install/ros_gz_example_gazebo/share/ros_gz_example_gazebo/local_setup.dsv
[1.793s] -- Symlinking: /home/sebastian-elliott-pedrosa/T1GR3/template_ws/install/ros_gz_example_gazebo/share/ros_gz_example_gazebo/package.dsv
[1.803s] -- Symlinking: /home/sebastian-elliott-pedrosa/T1GR3/template_ws/install/ros_gz_example_gazebo/share/ament_index/resource_index/packages/ros_gz_example_gazebo
[1.812s] -- Symlinking: /home/sebastian-elliott-pedrosa/T1GR3/template_ws/install/ros_gz_example_gazebo/share/ros_gz_example_gazebo/cmake/ros_gz_example_gazeboConfig.cmake
[1.822s] -- Symlinking: /home/sebastian-elliott-pedrosa/T1GR3/template_ws/install/ros_gz_example_gazebo/share/ros_gz_example_gazebo/cmake/ros_gz_example_gazeboConfig-version.cmake
[1.831s] -- Symlinking: /home/sebastian-elliott-pedrosa/T1GR3/template_ws/install/ros_gz_example_gazebo/share/ros_gz_example_gazebo/package.xml
[1.843s] Invoked command in '/home/sebastian-elliott-pedrosa/T1GR3/template_ws/build/ros_gz_example_gazebo' returned '0': CMAKE_PREFIX_PATH=/home/sebastian-elliott-pedrosa/T1GR3/template_ws/install/ros_gz_example_description:/home/sebastian-elliott-pedrosa/T1GR3/template_ws/install/ros_gz_example_bringup:/home/sebastian-elliott-pedrosa/T1GR3/template_ws/install/ros_gz_example_gazebo:/home/sebastian-elliott-pedrosa/T1GR3/template_ws/install/ros_gz_example_application:/opt/ros/jazzy/opt/gz_sim_vendor:/opt/ros/jazzy/opt/gz_sensors_vendor:/opt/ros/jazzy/opt/gz_physics_vendor:/opt/ros/jazzy/opt/sdformat_vendor:/opt/ros/jazzy/opt/gz_gui_vendor:/opt/ros/jazzy/opt/gz_transport_vendor:/opt/ros/jazzy/opt/gz_rendering_vendor:/opt/ros/jazzy/opt/gz_plugin_vendor:/opt/ros/jazzy/opt/gz_fuel_tools_vendor:/opt/ros/jazzy/opt/gz_msgs_vendor:/opt/ros/jazzy/opt/gz_common_vendor:/opt/ros/jazzy/opt/gz_math_vendor:/opt/ros/jazzy/opt/gz_utils_vendor:/opt/ros/jazzy/opt/gz_tools_vendor:/opt/ros/jazzy/opt/gz_ogre_next_vendor:/opt/ros/jazzy/opt/gz_dartsim_vendor:/opt/ros/jazzy/opt/gz_cmake_vendor:/opt/ros/jazzy DEBUGINFOD_URLS=https://debuginfod.ubuntu.com GZ_SIM_RESOURCE_PATH=/home/sebastian-elliott-pedrosa/T1GR3/template_ws/install/ros_gz_example_description/share/ros_gz_example_description/models:${GZ_SIM_RESOURCE_PATH} VIRTUAL_ENV_PROMPT=(.venv) /usr/bin/cmake --install /home/sebastian-elliott-pedrosa/T1GR3/template_ws/build/ros_gz_example_gazebo
