[0.012s] Invoking command in '/home/sebastian-elliott-pedrosa/T1GR3/build/ros_gz_example_description': CMAKE_PREFIX_PATH=${CMAKE_PREFIX_PATH}:/opt/ros/jazzy DEBUGINFOD_URLS=https://debuginfod.ubuntu.com VIRTUAL_ENV_PROMPT=(.venv) /usr/bin/cmake /home/sebastian-elliott-pedrosa/T1GR3/template_ws/src/ros_gz_project_template/ros_gz_example_description -DBUILD_TESTING=ON -DCMAKE_INSTALL_PREFIX=/home/sebastian-elliott-pedrosa/T1GR3/install/ros_gz_example_description
[0.065s] -- The C compiler identification is GNU 13.3.0
[0.120s] -- The CXX compiler identification is GNU 13.3.0
[0.137s] -- Detecting C compiler ABI info
[0.229s] -- Detecting C compiler ABI info - done
[0.238s] -- Check for working C compiler: /usr/bin/cc - skipped
[0.238s] -- Detecting C compile features
[0.238s] -- Detecting C compile features - done
[0.248s] -- Detecting CXX compiler ABI info
[0.347s] -- Detecting CXX compiler ABI info - done
[0.357s] -- Check for working CXX compiler: /usr/bin/c++ - skipped
[0.357s] -- Detecting CXX compile features
[0.357s] -- Detecting CXX compile features - done
[0.361s] -- Found ament_cmake: 2.5.3 (/opt/ros/jazzy/share/ament_cmake/cmake)
[0.463s] -- Found Python3: /home/sebastian-elliott-pedrosa/T1GR3/.venv/bin/python3 (found version "3.12.3") found components: Interpreter 
[0.578s] -- Found ament_lint_auto: 0.17.1 (/opt/ros/jazzy/share/ament_lint_auto/cmake)
[0.649s] -- Configuring done (0.6s)
[0.652s] -- Generating done (0.0s)
[0.654s] -- Build files have been written to: /home/sebastian-elliott-pedrosa/T1GR3/build/ros_gz_example_description
[0.658s] Invoked command in '/home/sebastian-elliott-pedrosa/T1GR3/build/ros_gz_example_description' returned '0': CMAKE_PREFIX_PATH=${CMAKE_PREFIX_PATH}:/opt/ros/jazzy DEBUGINFOD_URLS=https://debuginfod.ubuntu.com VIRTUAL_ENV_PROMPT=(.venv) /usr/bin/cmake /home/sebastian-elliott-pedrosa/T1GR3/template_ws/src/ros_gz_project_template/ros_gz_example_description -DBUILD_TESTING=ON -DCMAKE_INSTALL_PREFIX=/home/sebastian-elliott-pedrosa/T1GR3/install/ros_gz_example_description
[0.659s] Invoking command in '/home/sebastian-elliott-pedrosa/T1GR3/build/ros_gz_example_description': CMAKE_PREFIX_PATH=${CMAKE_PREFIX_PATH}:/opt/ros/jazzy DEBUGINFOD_URLS=https://debuginfod.ubuntu.com VIRTUAL_ENV_PROMPT=(.venv) /usr/bin/cmake --build /home/sebastian-elliott-pedrosa/T1GR3/build/ros_gz_example_description -- -j24 -l24
[0.706s] Invoked command in '/home/sebastian-elliott-pedrosa/T1GR3/build/ros_gz_example_description' returned '0': CMAKE_PREFIX_PATH=${CMAKE_PREFIX_PATH}:/opt/ros/jazzy DEBUGINFOD_URLS=https://debuginfod.ubuntu.com VIRTUAL_ENV_PROMPT=(.venv) /usr/bin/cmake --build /home/sebastian-elliott-pedrosa/T1GR3/build/ros_gz_example_description -- -j24 -l24
[0.707s] Invoking command in '/home/sebastian-elliott-pedrosa/T1GR3/build/ros_gz_example_description': CMAKE_PREFIX_PATH=${CMAKE_PREFIX_PATH}:/opt/ros/jazzy DEBUGINFOD_URLS=https://debuginfod.ubuntu.com VIRTUAL_ENV_PROMPT=(.venv) /usr/bin/cmake --install /home/sebastian-elliott-pedrosa/T1GR3/build/ros_gz_example_description
[0.716s] -- Install configuration: ""
[0.716s] -- Installing: /home/sebastian-elliott-pedrosa/T1GR3/install/ros_gz_example_description/share/ros_gz_example_description/models
[0.716s] -- Installing: /home/sebastian-elliott-pedrosa/T1GR3/install/ros_gz_example_description/share/ros_gz_example_description/models/rrbot
[0.716s] -- Installing: /home/sebastian-elliott-pedrosa/T1GR3/install/ros_gz_example_description/share/ros_gz_example_description/models/rrbot/model.sdf
[0.716s] -- Installing: /home/sebastian-elliott-pedrosa/T1GR3/install/ros_gz_example_description/share/ros_gz_example_description/models/diff_drive
[0.716s] -- Installing: /home/sebastian-elliott-pedrosa/T1GR3/install/ros_gz_example_description/share/ros_gz_example_description/models/diff_drive/model.config
[0.717s] -- Installing: /home/sebastian-elliott-pedrosa/T1GR3/install/ros_gz_example_description/share/ros_gz_example_description/models/diff_drive/model.sdf
[0.717s] -- Installing: /home/sebastian-elliott-pedrosa/T1GR3/install/ros_gz_example_description/share/ros_gz_example_description/environment/ros_gz_example_description.dsv
[0.717s] -- Installing: /home/sebastian-elliott-pedrosa/T1GR3/install/ros_gz_example_description/share/ros_gz_example_description/environment/ros_gz_example_description.sh
[0.717s] -- Installing: /home/sebastian-elliott-pedrosa/T1GR3/install/ros_gz_example_description/share/ament_index/resource_index/package_run_dependencies/ros_gz_example_description
[0.717s] -- Installing: /home/sebastian-elliott-pedrosa/T1GR3/install/ros_gz_example_description/share/ament_index/resource_index/parent_prefix_path/ros_gz_example_description
[0.718s] -- Installing: /home/sebastian-elliott-pedrosa/T1GR3/install/ros_gz_example_description/share/ros_gz_example_description/environment/ament_prefix_path.sh
[0.718s] -- Installing: /home/sebastian-elliott-pedrosa/T1GR3/install/ros_gz_example_description/share/ros_gz_example_description/environment/ament_prefix_path.dsv
[0.718s] -- Installing: /home/sebastian-elliott-pedrosa/T1GR3/install/ros_gz_example_description/share/ros_gz_example_description/environment/path.sh
[0.718s] -- Installing: /home/sebastian-elliott-pedrosa/T1GR3/install/ros_gz_example_description/share/ros_gz_example_description/environment/path.dsv
[0.718s] -- Installing: /home/sebastian-elliott-pedrosa/T1GR3/install/ros_gz_example_description/share/ros_gz_example_description/local_setup.bash
[0.719s] -- Installing: /home/sebastian-elliott-pedrosa/T1GR3/install/ros_gz_example_description/share/ros_gz_example_description/local_setup.sh
[0.719s] -- Installing: /home/sebastian-elliott-pedrosa/T1GR3/install/ros_gz_example_description/share/ros_gz_example_description/local_setup.zsh
[0.719s] -- Installing: /home/sebastian-elliott-pedrosa/T1GR3/install/ros_gz_example_description/share/ros_gz_example_description/local_setup.dsv
[0.719s] -- Installing: /home/sebastian-elliott-pedrosa/T1GR3/install/ros_gz_example_description/share/ros_gz_example_description/package.dsv
[0.719s] -- Installing: /home/sebastian-elliott-pedrosa/T1GR3/install/ros_gz_example_description/share/ament_index/resource_index/packages/ros_gz_example_description
[0.719s] -- Installing: /home/sebastian-elliott-pedrosa/T1GR3/install/ros_gz_example_description/share/ros_gz_example_description/cmake/ros_gz_example_descriptionConfig.cmake
[0.719s] -- Installing: /home/sebastian-elliott-pedrosa/T1GR3/install/ros_gz_example_description/share/ros_gz_example_description/cmake/ros_gz_example_descriptionConfig-version.cmake
[0.719s] -- Installing: /home/sebastian-elliott-pedrosa/T1GR3/install/ros_gz_example_description/share/ros_gz_example_description/package.xml
[0.732s] Invoked command in '/home/sebastian-elliott-pedrosa/T1GR3/build/ros_gz_example_description' returned '0': CMAKE_PREFIX_PATH=${CMAKE_PREFIX_PATH}:/opt/ros/jazzy DEBUGINFOD_URLS=https://debuginfod.ubuntu.com VIRTUAL_ENV_PROMPT=(.venv) /usr/bin/cmake --install /home/sebastian-elliott-pedrosa/T1GR3/build/ros_gz_example_description
