[0.005s] Invoking command in '/home/sebastian-elliott-pedrosa/template_ws/build/ros_gz_example_description': DEBUGINFOD_URLS=https://debuginfod.ubuntu.com /usr/bin/cmake /home/sebastian-elliott-pedrosa/template_ws/src/ros_gz_project_template/ros_gz_example_description -DBUILD_TESTING=ON -DCMAKE_INSTALL_PREFIX=/home/sebastian-elliott-pedrosa/template_ws/install/ros_gz_example_description
[0.054s] -- The C compiler identification is GNU 13.3.0
[0.104s] -- The CXX compiler identification is GNU 13.3.0
[0.119s] -- Detecting C compiler ABI info
[0.196s] -- Detecting C compiler ABI info - done
[0.204s] -- Check for working C compiler: /usr/bin/cc - skipped
[0.205s] -- Detecting C compile features
[0.205s] -- Detecting C compile features - done
[0.213s] -- Detecting CXX compiler ABI info
[0.300s] -- Detecting CXX compiler ABI info - done
[0.310s] -- Check for working CXX compiler: /usr/bin/c++ - skipped
[0.310s] -- Detecting CXX compile features
[0.310s] -- Detecting CXX compile features - done
[0.323s] [31mCMake Error at CMakeLists.txt:5 (find_package):
[0.323s]   By not providing "Findament_cmake.cmake" in CMAKE_MODULE_PATH this project
[0.323s]   has asked CMake to find a package configuration file provided by
[0.323s]   "ament_cmake", but CMake did not find one.
[0.323s] 
[0.323s]   Could not find a package configuration file provided by "ament_cmake" with
[0.323s]   any of the following names:
[0.323s] 
[0.323s]     ament_cmakeConfig.cmake
[0.323s]     ament_cmake-config.cmake
[0.324s] 
[0.324s]   Add the installation prefix of "ament_cmake" to CMAKE_PREFIX_PATH or set
[0.324s]   "ament_cmake_DIR" to a directory containing one of the above files.  If
[0.324s]   "ament_cmake" provides a separate development package or SDK, be sure it
[0.324s]   has been installed.
[0.324s] 
[0.324s] [0m
[0.324s] -- Configuring incomplete, errors occurred!
[0.327s] Invoked command in '/home/sebastian-elliott-pedrosa/template_ws/build/ros_gz_example_description' returned '1': DEBUGINFOD_URLS=https://debuginfod.ubuntu.com /usr/bin/cmake /home/sebastian-elliott-pedrosa/template_ws/src/ros_gz_project_template/ros_gz_example_description -DBUILD_TESTING=ON -DCMAKE_INSTALL_PREFIX=/home/sebastian-elliott-pedrosa/template_ws/install/ros_gz_example_description
