[0.007s] Invoking command in '/home/sebastian-elliott-pedrosa/T1GR3/build/ros_gz_example_gazebo': AMENT_PREFIX_PATH=/home/sebastian-elliott-pedrosa/T1GR3/install/ros_gz_example_description:${AMENT_PREFIX_PATH} CMAKE_PREFIX_PATH=/home/sebastian-elliott-pedrosa/T1GR3/install/ros_gz_example_description:/opt/ros/jazzy/opt/gz_sim_vendor:/opt/ros/jazzy/opt/gz_sensors_vendor:/opt/ros/jazzy/opt/gz_physics_vendor:/opt/ros/jazzy/opt/sdformat_vendor:/opt/ros/jazzy/opt/gz_gui_vendor:/opt/ros/jazzy/opt/gz_transport_vendor:/opt/ros/jazzy/opt/gz_rendering_vendor:/opt/ros/jazzy/opt/gz_plugin_vendor:/opt/ros/jazzy/opt/gz_fuel_tools_vendor:/opt/ros/jazzy/opt/gz_msgs_vendor:/opt/ros/jazzy/opt/gz_common_vendor:/opt/ros/jazzy/opt/gz_math_vendor:/opt/ros/jazzy/opt/gz_utils_vendor:/opt/ros/jazzy/opt/gz_tools_vendor:/opt/ros/jazzy/opt/gz_ogre_next_vendor:/opt/ros/jazzy/opt/gz_dartsim_vendor:/opt/ros/jazzy/opt/gz_cmake_vendor:/opt/ros/jazzy DEBUGINFOD_URLS=https://debuginfod.ubuntu.com GZ_SIM_RESOURCE_PATH=/home/sebastian-elliott-pedrosa/T1GR3/install/ros_gz_example_description/share/ros_gz_example_description/models VIRTUAL_ENV_PROMPT=(.venv) /usr/bin/cmake /home/sebastian-elliott-pedrosa/T1GR3/template_ws/src/ros_gz_project_template/ros_gz_example_gazebo -DBUILD_TESTING=ON -DCMAKE_INSTALL_PREFIX=/home/sebastian-elliott-pedrosa/T1GR3/install/ros_gz_example_gazebo
[0.061s] -- The C compiler identification is GNU 13.3.0
[0.115s] -- The CXX compiler identification is GNU 13.3.0
[0.131s] -- Detecting C compiler ABI info
[0.221s] -- Detecting C compiler ABI info - done
[0.230s] -- Check for working C compiler: /usr/bin/cc - skipped
[0.230s] -- Detecting C compile features
[0.231s] -- Detecting C compile features - done
[0.240s] -- Detecting CXX compiler ABI info
[0.340s] -- Detecting CXX compiler ABI info - done
[0.349s] -- Check for working CXX compiler: /usr/bin/c++ - skipped
[0.349s] -- Detecting CXX compile features
[0.350s] -- Detecting CXX compile features - done
[0.354s] -- Found ament_cmake: 2.5.3 (/opt/ros/jazzy/share/ament_cmake/cmake)
[0.458s] -- Found Python3: /home/sebastian-elliott-pedrosa/T1GR3/.venv/bin/python3 (found version "3.12.3") found components: Interpreter 
[0.573s] -- Found ros_gz_example_description: 0.0.0 (/home/sebastian-elliott-pedrosa/T1GR3/install/ros_gz_example_description/share/ros_gz_example_description/cmake)
[0.582s] -- Looking for gz-plugin2 -- found version 2.0.3
[0.582s] -- Searching for dependencies of gz-plugin2
[0.584s] -- Looking for gz-utils2 -- found version 2.2.0
[0.584s] -- Searching for dependencies of gz-utils2
[0.585s] -- Searching for <gz-utils2> component [cli]
[0.587s] -- Looking for gz-utils2-cli -- found version 2.2.0
[0.587s] -- Searching for dependencies of gz-utils2-cli
[0.588s] -- Searching for <gz-plugin2> component [register]
[0.590s] -- Looking for gz-plugin2-register -- found version 2.0.3
[0.591s] -- Searching for dependencies of gz-plugin2-register
[0.595s] -- Looking for gz-common5 -- found version 5.7.0
[0.595s] -- Searching for dependencies of gz-common5
[0.595s] -- Looking for gz-utils2 -- found version 2.2.0
[0.596s] -- Looking for dlfcn.h - found
[0.606s] -- Looking for libdl - found
[0.608s] -- Found DL: TRUE  
[0.614s] -- Checking for module 'uuid'
[0.631s] --   Found uuid, version 2.39.3
[0.670s] -- Found UUID: TRUE  
[0.670s] -- Searching for <gz-common5> component [profiler]
[0.672s] -- Looking for gz-common5-profiler -- found version 5.7.0
[0.673s] -- Searching for dependencies of gz-common5-profiler
[0.674s] -- Looking for gz-sim8 -- found version 8.8.0
[0.674s] -- Searching for dependencies of gz-sim8
[0.675s] -- Looking for sdformat14 -- found version 14.6.0
[0.676s] -- Searching for dependencies of sdformat14
[0.680s] -- Checking for module 'tinyxml2'
[0.697s] --   Found tinyxml2, version 10.0.0
[0.736s] -- Looking for gz-math7 -- found version 7.5.1
[0.736s] -- Searching for dependencies of gz-math7
[0.737s] -- Looking for gz-utils2 -- found version 2.2.0
[0.737s] -- Looking for gz-utils2 -- found version 2.2.0
[0.738s] -- Looking for gz-plugin2 -- found version 2.0.3
[0.738s] -- Searching for dependencies of gz-plugin2
[0.739s] -- Looking for gz-utils2 -- found version 2.2.0
[0.739s] -- Searching for <gz-plugin2> component [loader]
[0.740s] -- Looking for gz-plugin2-loader -- found version 2.0.3
[0.741s] -- Searching for dependencies of gz-plugin2-loader
[0.741s] -- Searching for <gz-plugin2> component [register]
[0.742s] -- Looking for gz-transport13 -- found version 13.4.0
[0.743s] -- Searching for dependencies of gz-transport13
[0.865s] -- Found Protobuf: /usr/lib/x86_64-linux-gnu/libprotobuf.so (found version "3.21.12") 
[0.882s] -- Config-file not installed for ZeroMQ -- checking for pkg-config
[0.887s] -- Checking for module 'libzmq >= 4'
[0.904s] --   Found libzmq, version 4.3.5
[0.953s] -- Found ZeroMQ: TRUE (Required is at least version "4") 
[0.960s] -- Looking for gz-utils2 -- found version 2.2.0
[0.962s] -- Looking for gz-msgs10 -- found version 10.3.1
[0.962s] -- Searching for dependencies of gz-msgs10
[0.986s] -- Looking for gz-utils2 -- found version 2.2.0
[0.986s] -- Looking for gz-math7 -- found version 7.5.1
[1.090s] -- Searching for <gz-transport13> component [log]
[1.091s] -- Looking for gz-transport13-log -- found version 13.4.0
[1.092s] -- Searching for dependencies of gz-transport13-log
[1.092s] -- Searching for <gz-transport13> component [parameters]
[1.093s] -- Looking for gz-transport13-parameters -- found version 13.4.0
[1.094s] -- Searching for dependencies of gz-transport13-parameters
[1.094s] -- Looking for gz-msgs10 -- found version 10.3.1
[1.095s] -- Looking for gz-common5 -- found version 5.7.0
[1.095s] -- Searching for dependencies of gz-common5
[1.095s] -- Looking for gz-utils2 -- found version 2.2.0
[1.095s] -- Looking for dlfcn.h - found
[1.095s] -- Looking for libdl - found
[1.103s] -- Searching for <gz-common5> component [av]
[1.105s] -- Looking for gz-common5-av -- found version 5.7.0
[1.105s] -- Searching for dependencies of gz-common5-av
[1.110s] -- Checking for module 'libswscale'
[1.128s] --   Found libswscale, version 7.5.100
[1.169s] -- Found SWSCALE: TRUE  
[1.174s] -- Checking for module 'libavdevice >= 56.4.100'
[1.191s] --   Found libavdevice, version 60.3.100
[1.246s] -- Found AVDEVICE: TRUE (Required is at least version "56.4.100") 
[1.251s] -- Checking for module 'libavformat'
[1.269s] --   Found libavformat, version 60.16.100
[1.315s] -- Found AVFORMAT: TRUE  
[1.320s] -- Checking for module 'libavcodec'
[1.338s] --   Found libavcodec, version 60.31.102
[1.383s] -- Found AVCODEC: TRUE  
[1.388s] -- Checking for module 'libavutil'
[1.405s] --   Found libavutil, version 58.29.100
[1.447s] -- Found AVUTIL: TRUE  
[1.447s] -- Searching for <gz-common5> component [events]
[1.449s] -- Looking for gz-common5-events -- found version 5.7.0
[1.450s] -- Searching for dependencies of gz-common5-events
[1.450s] -- Looking for gz-math7 -- found version 7.5.1
[1.451s] -- Searching for <gz-common5> component [graphics]
[1.453s] -- Looking for gz-common5-graphics -- found version 5.7.0
[1.453s] -- Searching for dependencies of gz-common5-graphics
[1.453s] -- Looking for gz-math7 -- found version 7.5.1
[1.459s] -- Found GzAssimp: TRUE (found version "5.3.0") 
[1.459s] -- Searching for <gz-common5> component [io]
[1.462s] -- Looking for gz-common5-io -- found version 5.7.0
[1.462s] -- Searching for dependencies of gz-common5-io
[1.462s] -- Searching for <gz-common5> component [profiler]
[1.464s] -- Looking for gz-fuel_tools9 -- found version 9.1.0
[1.464s] -- Searching for dependencies of gz-fuel_tools9
[1.565s] -- Found CURL: /usr/lib/x86_64-linux-gnu/libcurl.so (found version "8.5.0")  
[1.576s] -- Checking for module 'jsoncpp'
[1.594s] --   Found jsoncpp, version 1.9.5
[1.635s] -- Found JSONCPP: TRUE  
[1.655s] -- Checking for module 'yaml-0.1'
[1.672s] --   Found yaml-0.1, version 0.2.5
[1.714s] -- Found YAML: TRUE  
[1.719s] -- Checking for module 'libzip'
[1.736s] --   Found libzip, version 1.7.3
[1.778s] -- Found ZIP: TRUE  
[1.778s] -- Looking for gz-utils2 -- found version 2.2.0
[1.778s] -- Looking for gz-common5 -- found version 5.7.0
[1.778s] -- Searching for dependencies of gz-common5
[1.779s] -- Looking for gz-utils2 -- found version 2.2.0
[1.779s] -- Looking for dlfcn.h - found
[1.779s] -- Looking for libdl - found
[1.786s] -- Searching for <gz-common5> component [testing]
[1.788s] -- Looking for gz-common5-testing -- found version 5.7.0
[1.789s] -- Searching for dependencies of gz-common5-testing
[1.789s] -- Looking for gz-math7 -- found version 7.5.1
[1.790s] -- Looking for gz-msgs10 -- found version 10.3.1
[1.792s] -- Looking for gz-gui8 -- found version 8.3.0
[1.792s] -- Searching for dependencies of gz-gui8
[1.821s] -- Looking for gz-utils2 -- found version 2.2.0
[1.821s] -- Looking for gz-math7 -- found version 7.5.1
[1.822s] -- Looking for gz-common5 -- found version 5.7.0
[1.822s] -- Looking for gz-plugin2 -- found version 2.0.3
[1.822s] -- Looking for gz-transport13 -- found version 13.4.0
[1.824s] -- Looking for gz-rendering8 -- found version 8.2.1
[1.824s] -- Searching for dependencies of gz-rendering8
[1.824s] -- Looking for gz-math7 -- found version 7.5.1
[1.824s] -- Searching for dependencies of gz-math7
[1.825s] -- Looking for gz-utils2 -- found version 2.2.0
[1.825s] -- Searching for <gz-math7> component [eigen3]
[1.827s] -- Looking for gz-math7-eigen3 -- found version 7.5.1
[1.827s] -- Searching for dependencies of gz-math7-eigen3
[1.838s] -- Looking for gz-common5 -- found version 5.7.0
[1.838s] -- Searching for dependencies of gz-common5
[1.839s] -- Looking for gz-utils2 -- found version 2.2.0
[1.839s] -- Looking for dlfcn.h - found
[1.839s] -- Looking for libdl - found
[1.846s] -- Searching for <gz-common5> component [graphics]
[1.846s] -- Searching for <gz-common5> component [events]
[1.846s] -- Searching for <gz-common5> component [geospatial]
[1.848s] -- Looking for gz-common5-geospatial -- found version 5.7.0
[1.848s] -- Searching for dependencies of gz-common5-geospatial
[1.849s] -- Looking for gz-math7 -- found version 7.5.1
[1.849s] -- Looking for gz-common5 -- found version 5.7.0
[1.850s] -- Looking for gz-plugin2 -- found version 2.0.3
[1.850s] -- Searching for dependencies of gz-plugin2
[1.850s] -- Looking for gz-utils2 -- found version 2.2.0
[1.851s] -- Searching for <gz-plugin2> component [all]
[1.852s] -- Looking for all libraries of gz-plugin2 -- found version 2.0.3
[1.853s] -- Looking for gz-plugin2 -- found version 2.0.3
[1.853s] -- Looking for gz-utils2 -- found version 2.2.0
[1.865s] -- Found OpenGL: /usr/lib/x86_64-linux-gnu/libOpenGL.so  found components: OpenGL 
[1.866s] -- Looking for gz-msgs10 -- found version 10.3.1
[1.888s] -- Looking for gz-physics7 -- found version 7.4.0
[1.888s] -- Searching for dependencies of gz-physics7
[1.889s] -- Looking for gz-common5 -- found version 5.7.0
[1.889s] -- Looking for gz-math7 -- found version 7.5.1
[1.889s] -- Looking for gz-plugin2 -- found version 2.0.3
[1.890s] -- Looking for gz-utils2 -- found version 2.2.0
[1.890s] -- Searching for <gz-physics7> component [heightmap]
[1.892s] -- Looking for gz-physics7-heightmap -- found version 7.4.0
[1.892s] -- Searching for dependencies of gz-physics7-heightmap
[1.892s] -- Looking for gz-common5 -- found version 5.7.0
[1.892s] -- Searching for <gz-physics7> component [mesh]
[1.894s] -- Looking for gz-physics7-mesh -- found version 7.4.0
[1.894s] -- Searching for dependencies of gz-physics7-mesh
[1.894s] -- Looking for gz-common5 -- found version 5.7.0
[1.894s] -- Searching for <gz-physics7> component [sdf]
[1.896s] -- Looking for gz-physics7-sdf -- found version 7.4.0
[1.896s] -- Searching for dependencies of gz-physics7-sdf
[1.896s] -- Looking for sdformat14 -- found version 14.6.0
[1.897s] -- Looking for gz-sensors8 -- found version 8.2.1
[1.898s] -- Searching for dependencies of gz-sensors8
[1.921s] -- Looking for gz-math7 -- found version 7.5.1
[1.922s] -- Looking for gz-common5 -- found version 5.7.0
[1.922s] -- Looking for gz-transport13 -- found version 13.4.0
[1.922s] -- Looking for gz-rendering8 -- found version 8.2.1
[1.923s] -- Looking for gz-msgs10 -- found version 10.3.1
[1.923s] -- Looking for sdformat14 -- found version 14.6.0
[1.924s] -- Searching for <gz-sensors8> component [air_pressure]
[1.925s] -- Looking for gz-sensors8-air_pressure -- found version 8.2.1
[1.925s] -- Searching for dependencies of gz-sensors8-air_pressure
[1.925s] -- Searching for <gz-sensors8> component [air_speed]
[1.926s] -- Looking for gz-sensors8-air_speed -- found version 8.2.1
[1.926s] -- Searching for dependencies of gz-sensors8-air_speed
[1.927s] -- Searching for <gz-sensors8> component [altimeter]
[1.928s] -- Looking for gz-sensors8-altimeter -- found version 8.2.1
[1.928s] -- Searching for dependencies of gz-sensors8-altimeter
[1.928s] -- Searching for <gz-sensors8> component [imu]
[1.929s] -- Looking for gz-sensors8-imu -- found version 8.2.1
[1.929s] -- Searching for dependencies of gz-sensors8-imu
[1.930s] -- Searching for <gz-sensors8> component [force_torque]
[1.931s] -- Looking for gz-sensors8-force_torque -- found version 8.2.1
[1.931s] -- Searching for dependencies of gz-sensors8-force_torque
[1.931s] -- Searching for <gz-sensors8> component [logical_camera]
[1.932s] -- Looking for gz-sensors8-logical_camera -- found version 8.2.1
[1.932s] -- Searching for dependencies of gz-sensors8-logical_camera
[1.933s] -- Searching for <gz-sensors8> component [magnetometer]
[1.934s] -- Looking for gz-sensors8-magnetometer -- found version 8.2.1
[1.934s] -- Searching for dependencies of gz-sensors8-magnetometer
[1.934s] -- Searching for <gz-sensors8> component [navsat]
[1.935s] -- Looking for gz-sensors8-navsat -- found version 8.2.1
[1.936s] -- Searching for dependencies of gz-sensors8-navsat
[1.936s] -- Searching for <gz-sensors8> component [dvl]
[1.937s] -- Looking for gz-sensors8-dvl -- found version 8.2.1
[1.937s] -- Searching for dependencies of gz-sensors8-dvl
[1.937s] -- Looking for gz-sensors8 -- found version 8.2.1
[1.938s] -- Searching for dependencies of gz-sensors8
[1.962s] -- Looking for gz-math7 -- found version 7.5.1
[1.962s] -- Looking for gz-common5 -- found version 5.7.0
[1.963s] -- Looking for gz-transport13 -- found version 13.4.0
[1.963s] -- Looking for gz-rendering8 -- found version 8.2.1
[1.963s] -- Looking for gz-msgs10 -- found version 10.3.1
[1.964s] -- Looking for sdformat14 -- found version 14.6.0
[1.964s] -- Searching for <gz-sensors8> component [rendering]
[1.965s] -- Looking for gz-sensors8-rendering -- found version 8.2.1
[1.965s] -- Searching for dependencies of gz-sensors8-rendering
[1.966s] -- Searching for <gz-sensors8> component [rendering]
[1.966s] -- Searching for <gz-sensors8> component [lidar]
[1.967s] -- Looking for gz-sensors8-lidar -- found version 8.2.1
[1.967s] -- Searching for dependencies of gz-sensors8-lidar
[1.968s] -- Looking for gz-sensors8 -- found version 8.2.1
[1.968s] -- Searching for <gz-sensors8> component [gpu_lidar]
[1.969s] -- Looking for gz-sensors8-gpu_lidar -- found version 8.2.1
[1.969s] -- Searching for dependencies of gz-sensors8-gpu_lidar
[1.970s] -- Looking for gz-sensors8 -- found version 8.2.1
[1.970s] -- Searching for <gz-sensors8> component [camera]
[1.971s] -- Looking for gz-sensors8-camera -- found version 8.2.1
[1.971s] -- Searching for dependencies of gz-sensors8-camera
[1.972s] -- Looking for gz-sensors8 -- found version 8.2.1
[1.972s] -- Searching for <gz-sensors8> component [boundingbox_camera]
[1.973s] -- Looking for gz-sensors8-boundingbox_camera -- found version 8.2.1
[1.973s] -- Searching for dependencies of gz-sensors8-boundingbox_camera
[1.974s] -- Searching for <gz-sensors8> component [segmentation_camera]
[1.975s] -- Looking for gz-sensors8-segmentation_camera -- found version 8.2.1
[1.975s] -- Searching for dependencies of gz-sensors8-segmentation_camera
[1.976s] -- Searching for <gz-sensors8> component [depth_camera]
[1.977s] -- Looking for gz-sensors8-depth_camera -- found version 8.2.1
[1.977s] -- Searching for dependencies of gz-sensors8-depth_camera
[1.977s] -- Looking for gz-sensors8 -- found version 8.2.1
[1.978s] -- Searching for <gz-sensors8> component [rgbd_camera]
[1.979s] -- Looking for gz-sensors8-rgbd_camera -- found version 8.2.1
[1.979s] -- Searching for dependencies of gz-sensors8-rgbd_camera
[1.979s] -- Looking for gz-sensors8 -- found version 8.2.1
[1.979s] -- Searching for <gz-sensors8> component [thermal_camera]
[1.980s] -- Looking for gz-sensors8-thermal_camera -- found version 8.2.1
[1.981s] -- Searching for dependencies of gz-sensors8-thermal_camera
[1.981s] -- Looking for gz-sensors8 -- found version 8.2.1
[1.981s] -- Searching for <gz-sensors8> component [wide_angle_camera]
[1.982s] -- Looking for gz-sensors8-wide_angle_camera -- found version 8.2.1
[1.983s] -- Searching for dependencies of gz-sensors8-wide_angle_camera
[1.983s] -- Looking for gz-rendering8 -- found version 8.2.1
[1.984s] -- Looking for gz-math7 -- found version 7.5.1
[1.984s] -- Looking for gz-utils2 -- found version 2.2.0
[2.009s] -- Compiling against Gazebo Harmonic
[2.013s] -- Found ament_lint_auto: 0.17.1 (/opt/ros/jazzy/share/ament_lint_auto/cmake)
[2.084s] -- Configuring done (2.1s)
[2.105s] -- Generating done (0.0s)
[2.109s] -- Build files have been written to: /home/sebastian-elliott-pedrosa/T1GR3/build/ros_gz_example_gazebo
[2.120s] Invoked command in '/home/sebastian-elliott-pedrosa/T1GR3/build/ros_gz_example_gazebo' returned '0': AMENT_PREFIX_PATH=/home/sebastian-elliott-pedrosa/T1GR3/install/ros_gz_example_description:${AMENT_PREFIX_PATH} CMAKE_PREFIX_PATH=/home/sebastian-elliott-pedrosa/T1GR3/install/ros_gz_example_description:/opt/ros/jazzy/opt/gz_sim_vendor:/opt/ros/jazzy/opt/gz_sensors_vendor:/opt/ros/jazzy/opt/gz_physics_vendor:/opt/ros/jazzy/opt/sdformat_vendor:/opt/ros/jazzy/opt/gz_gui_vendor:/opt/ros/jazzy/opt/gz_transport_vendor:/opt/ros/jazzy/opt/gz_rendering_vendor:/opt/ros/jazzy/opt/gz_plugin_vendor:/opt/ros/jazzy/opt/gz_fuel_tools_vendor:/opt/ros/jazzy/opt/gz_msgs_vendor:/opt/ros/jazzy/opt/gz_common_vendor:/opt/ros/jazzy/opt/gz_math_vendor:/opt/ros/jazzy/opt/gz_utils_vendor:/opt/ros/jazzy/opt/gz_tools_vendor:/opt/ros/jazzy/opt/gz_ogre_next_vendor:/opt/ros/jazzy/opt/gz_dartsim_vendor:/opt/ros/jazzy/opt/gz_cmake_vendor:/opt/ros/jazzy DEBUGINFOD_URLS=https://debuginfod.ubuntu.com GZ_SIM_RESOURCE_PATH=/home/sebastian-elliott-pedrosa/T1GR3/install/ros_gz_example_description/share/ros_gz_example_description/models VIRTUAL_ENV_PROMPT=(.venv) /usr/bin/cmake /home/sebastian-elliott-pedrosa/T1GR3/template_ws/src/ros_gz_project_template/ros_gz_example_gazebo -DBUILD_TESTING=ON -DCMAKE_INSTALL_PREFIX=/home/sebastian-elliott-pedrosa/T1GR3/install/ros_gz_example_gazebo
[2.121s] Invoking command in '/home/sebastian-elliott-pedrosa/T1GR3/build/ros_gz_example_gazebo': AMENT_PREFIX_PATH=/home/sebastian-elliott-pedrosa/T1GR3/install/ros_gz_example_description:${AMENT_PREFIX_PATH} CMAKE_PREFIX_PATH=/home/sebastian-elliott-pedrosa/T1GR3/install/ros_gz_example_description:/opt/ros/jazzy/opt/gz_sim_vendor:/opt/ros/jazzy/opt/gz_sensors_vendor:/opt/ros/jazzy/opt/gz_physics_vendor:/opt/ros/jazzy/opt/sdformat_vendor:/opt/ros/jazzy/opt/gz_gui_vendor:/opt/ros/jazzy/opt/gz_transport_vendor:/opt/ros/jazzy/opt/gz_rendering_vendor:/opt/ros/jazzy/opt/gz_plugin_vendor:/opt/ros/jazzy/opt/gz_fuel_tools_vendor:/opt/ros/jazzy/opt/gz_msgs_vendor:/opt/ros/jazzy/opt/gz_common_vendor:/opt/ros/jazzy/opt/gz_math_vendor:/opt/ros/jazzy/opt/gz_utils_vendor:/opt/ros/jazzy/opt/gz_tools_vendor:/opt/ros/jazzy/opt/gz_ogre_next_vendor:/opt/ros/jazzy/opt/gz_dartsim_vendor:/opt/ros/jazzy/opt/gz_cmake_vendor:/opt/ros/jazzy DEBUGINFOD_URLS=https://debuginfod.ubuntu.com GZ_SIM_RESOURCE_PATH=/home/sebastian-elliott-pedrosa/T1GR3/install/ros_gz_example_description/share/ros_gz_example_description/models VIRTUAL_ENV_PROMPT=(.venv) /usr/bin/cmake --build /home/sebastian-elliott-pedrosa/T1GR3/build/ros_gz_example_gazebo -- -j24 -l24
[2.177s] [ 25%] [32mBuilding CXX object CMakeFiles/FullSystem.dir/src/FullSystem.cc.o[0m
[2.178s] [ 50%] [32mBuilding CXX object CMakeFiles/BasicSystem.dir/src/BasicSystem.cc.o[0m
[3.703s] [ 75%] [32m[1mLinking CXX shared library libBasicSystem.so[0m
[3.787s] [100%] [32m[1mLinking CXX shared library libFullSystem.so[0m
[3.846s] [100%] Built target BasicSystem
[3.927s] [100%] Built target FullSystem
[3.940s] Invoked command in '/home/sebastian-elliott-pedrosa/T1GR3/build/ros_gz_example_gazebo' returned '0': AMENT_PREFIX_PATH=/home/sebastian-elliott-pedrosa/T1GR3/install/ros_gz_example_description:${AMENT_PREFIX_PATH} CMAKE_PREFIX_PATH=/home/sebastian-elliott-pedrosa/T1GR3/install/ros_gz_example_description:/opt/ros/jazzy/opt/gz_sim_vendor:/opt/ros/jazzy/opt/gz_sensors_vendor:/opt/ros/jazzy/opt/gz_physics_vendor:/opt/ros/jazzy/opt/sdformat_vendor:/opt/ros/jazzy/opt/gz_gui_vendor:/opt/ros/jazzy/opt/gz_transport_vendor:/opt/ros/jazzy/opt/gz_rendering_vendor:/opt/ros/jazzy/opt/gz_plugin_vendor:/opt/ros/jazzy/opt/gz_fuel_tools_vendor:/opt/ros/jazzy/opt/gz_msgs_vendor:/opt/ros/jazzy/opt/gz_common_vendor:/opt/ros/jazzy/opt/gz_math_vendor:/opt/ros/jazzy/opt/gz_utils_vendor:/opt/ros/jazzy/opt/gz_tools_vendor:/opt/ros/jazzy/opt/gz_ogre_next_vendor:/opt/ros/jazzy/opt/gz_dartsim_vendor:/opt/ros/jazzy/opt/gz_cmake_vendor:/opt/ros/jazzy DEBUGINFOD_URLS=https://debuginfod.ubuntu.com GZ_SIM_RESOURCE_PATH=/home/sebastian-elliott-pedrosa/T1GR3/install/ros_gz_example_description/share/ros_gz_example_description/models VIRTUAL_ENV_PROMPT=(.venv) /usr/bin/cmake --build /home/sebastian-elliott-pedrosa/T1GR3/build/ros_gz_example_gazebo -- -j24 -l24
[3.941s] Invoking command in '/home/sebastian-elliott-pedrosa/T1GR3/build/ros_gz_example_gazebo': AMENT_PREFIX_PATH=/home/sebastian-elliott-pedrosa/T1GR3/install/ros_gz_example_description:${AMENT_PREFIX_PATH} CMAKE_PREFIX_PATH=/home/sebastian-elliott-pedrosa/T1GR3/install/ros_gz_example_description:/opt/ros/jazzy/opt/gz_sim_vendor:/opt/ros/jazzy/opt/gz_sensors_vendor:/opt/ros/jazzy/opt/gz_physics_vendor:/opt/ros/jazzy/opt/sdformat_vendor:/opt/ros/jazzy/opt/gz_gui_vendor:/opt/ros/jazzy/opt/gz_transport_vendor:/opt/ros/jazzy/opt/gz_rendering_vendor:/opt/ros/jazzy/opt/gz_plugin_vendor:/opt/ros/jazzy/opt/gz_fuel_tools_vendor:/opt/ros/jazzy/opt/gz_msgs_vendor:/opt/ros/jazzy/opt/gz_common_vendor:/opt/ros/jazzy/opt/gz_math_vendor:/opt/ros/jazzy/opt/gz_utils_vendor:/opt/ros/jazzy/opt/gz_tools_vendor:/opt/ros/jazzy/opt/gz_ogre_next_vendor:/opt/ros/jazzy/opt/gz_dartsim_vendor:/opt/ros/jazzy/opt/gz_cmake_vendor:/opt/ros/jazzy DEBUGINFOD_URLS=https://debuginfod.ubuntu.com GZ_SIM_RESOURCE_PATH=/home/sebastian-elliott-pedrosa/T1GR3/install/ros_gz_example_description/share/ros_gz_example_description/models VIRTUAL_ENV_PROMPT=(.venv) /usr/bin/cmake --install /home/sebastian-elliott-pedrosa/T1GR3/build/ros_gz_example_gazebo
[3.949s] -- Install configuration: ""
[3.950s] -- Installing: /home/sebastian-elliott-pedrosa/T1GR3/install/ros_gz_example_gazebo/lib/ros_gz_example_gazebo/libBasicSystem.so
[3.950s] -- Set non-toolchain portion of runtime path of "/home/sebastian-elliott-pedrosa/T1GR3/install/ros_gz_example_gazebo/lib/ros_gz_example_gazebo/libBasicSystem.so" to ""
[3.950s] -- Installing: /home/sebastian-elliott-pedrosa/T1GR3/install/ros_gz_example_gazebo/lib/ros_gz_example_gazebo/libFullSystem.so
[3.951s] -- Set non-toolchain portion of runtime path of "/home/sebastian-elliott-pedrosa/T1GR3/install/ros_gz_example_gazebo/lib/ros_gz_example_gazebo/libFullSystem.so" to ""
[3.951s] -- Installing: /home/sebastian-elliott-pedrosa/T1GR3/install/ros_gz_example_gazebo/share/ros_gz_example_gazebo/worlds
[3.951s] -- Installing: /home/sebastian-elliott-pedrosa/T1GR3/install/ros_gz_example_gazebo/share/ros_gz_example_gazebo/worlds/diff_drive.sdf
[3.952s] -- Installing: /home/sebastian-elliott-pedrosa/T1GR3/install/ros_gz_example_gazebo/share/ros_gz_example_gazebo/environment/ros_gz_example_gazebo.dsv
[3.952s] -- Installing: /home/sebastian-elliott-pedrosa/T1GR3/install/ros_gz_example_gazebo/share/ros_gz_example_gazebo/environment/ros_gz_example_gazebo.sh
[3.952s] -- Installing: /home/sebastian-elliott-pedrosa/T1GR3/install/ros_gz_example_gazebo/share/ament_index/resource_index/package_run_dependencies/ros_gz_example_gazebo
[3.952s] -- Installing: /home/sebastian-elliott-pedrosa/T1GR3/install/ros_gz_example_gazebo/share/ament_index/resource_index/parent_prefix_path/ros_gz_example_gazebo
[3.952s] -- Installing: /home/sebastian-elliott-pedrosa/T1GR3/install/ros_gz_example_gazebo/share/ros_gz_example_gazebo/environment/ament_prefix_path.sh
[3.952s] -- Installing: /home/sebastian-elliott-pedrosa/T1GR3/install/ros_gz_example_gazebo/share/ros_gz_example_gazebo/environment/ament_prefix_path.dsv
[3.953s] -- Installing: /home/sebastian-elliott-pedrosa/T1GR3/install/ros_gz_example_gazebo/share/ros_gz_example_gazebo/environment/path.sh
[3.953s] -- Installing: /home/sebastian-elliott-pedrosa/T1GR3/install/ros_gz_example_gazebo/share/ros_gz_example_gazebo/environment/path.dsv
[3.953s] -- Installing: /home/sebastian-elliott-pedrosa/T1GR3/install/ros_gz_example_gazebo/share/ros_gz_example_gazebo/local_setup.bash
[3.953s] -- Installing: /home/sebastian-elliott-pedrosa/T1GR3/install/ros_gz_example_gazebo/share/ros_gz_example_gazebo/local_setup.sh
[3.953s] -- Installing: /home/sebastian-elliott-pedrosa/T1GR3/install/ros_gz_example_gazebo/share/ros_gz_example_gazebo/local_setup.zsh
[3.953s] -- Installing: /home/sebastian-elliott-pedrosa/T1GR3/install/ros_gz_example_gazebo/share/ros_gz_example_gazebo/local_setup.dsv
[3.953s] -- Installing: /home/sebastian-elliott-pedrosa/T1GR3/install/ros_gz_example_gazebo/share/ros_gz_example_gazebo/package.dsv
[3.954s] -- Installing: /home/sebastian-elliott-pedrosa/T1GR3/install/ros_gz_example_gazebo/share/ament_index/resource_index/packages/ros_gz_example_gazebo
[3.954s] -- Installing: /home/sebastian-elliott-pedrosa/T1GR3/install/ros_gz_example_gazebo/share/ros_gz_example_gazebo/cmake/ros_gz_example_gazeboConfig.cmake
[3.954s] -- Installing: /home/sebastian-elliott-pedrosa/T1GR3/install/ros_gz_example_gazebo/share/ros_gz_example_gazebo/cmake/ros_gz_example_gazeboConfig-version.cmake
[3.954s] -- Installing: /home/sebastian-elliott-pedrosa/T1GR3/install/ros_gz_example_gazebo/share/ros_gz_example_gazebo/package.xml
[3.956s] Invoked command in '/home/sebastian-elliott-pedrosa/T1GR3/build/ros_gz_example_gazebo' returned '0': AMENT_PREFIX_PATH=/home/sebastian-elliott-pedrosa/T1GR3/install/ros_gz_example_description:${AMENT_PREFIX_PATH} CMAKE_PREFIX_PATH=/home/sebastian-elliott-pedrosa/T1GR3/install/ros_gz_example_description:/opt/ros/jazzy/opt/gz_sim_vendor:/opt/ros/jazzy/opt/gz_sensors_vendor:/opt/ros/jazzy/opt/gz_physics_vendor:/opt/ros/jazzy/opt/sdformat_vendor:/opt/ros/jazzy/opt/gz_gui_vendor:/opt/ros/jazzy/opt/gz_transport_vendor:/opt/ros/jazzy/opt/gz_rendering_vendor:/opt/ros/jazzy/opt/gz_plugin_vendor:/opt/ros/jazzy/opt/gz_fuel_tools_vendor:/opt/ros/jazzy/opt/gz_msgs_vendor:/opt/ros/jazzy/opt/gz_common_vendor:/opt/ros/jazzy/opt/gz_math_vendor:/opt/ros/jazzy/opt/gz_utils_vendor:/opt/ros/jazzy/opt/gz_tools_vendor:/opt/ros/jazzy/opt/gz_ogre_next_vendor:/opt/ros/jazzy/opt/gz_dartsim_vendor:/opt/ros/jazzy/opt/gz_cmake_vendor:/opt/ros/jazzy DEBUGINFOD_URLS=https://debuginfod.ubuntu.com GZ_SIM_RESOURCE_PATH=/home/sebastian-elliott-pedrosa/T1GR3/install/ros_gz_example_description/share/ros_gz_example_description/models VIRTUAL_ENV_PROMPT=(.venv) /usr/bin/cmake --install /home/sebastian-elliott-pedrosa/T1GR3/build/ros_gz_example_gazebo
