[0.012s] Invoking command in '/home/sebastian-elliott-pedrosa/template_ws/build/ros_gz_example_gazebo': AMENT_PREFIX_PATH=/home/sebastian-elliott-pedrosa/template_ws/install/ros_gz_example_description:${AMENT_PREFIX_PATH} CMAKE_PREFIX_PATH=/home/sebastian-elliott-pedrosa/template_ws/install/ros_gz_example_description:/opt/ros/jazzy/opt/gz_math_vendor:/opt/ros/jazzy/opt/gz_utils_vendor:/opt/ros/jazzy/opt/gz_cmake_vendor:/opt/ros/jazzy DEBUGINFOD_URLS=https://debuginfod.ubuntu.com GZ_SIM_RESOURCE_PATH=/home/sebastian-elliott-pedrosa/template_ws/install/ros_gz_example_description/share/ros_gz_example_description/models /usr/bin/cmake /home/sebastian-elliott-pedrosa/template_ws/src/ros_gz_project_template/ros_gz_example_gazebo -DBUILD_TESTING=ON -DCMAKE_INSTALL_PREFIX=/home/sebastian-elliott-pedrosa/template_ws/install/ros_gz_example_gazebo
[0.023s] -- Found ament_cmake: 2.5.3 (/opt/ros/jazzy/share/ament_cmake/cmake)
[0.195s] -- Found ros_gz_example_description: 0.0.0 (/home/sebastian-elliott-pedrosa/template_ws/install/ros_gz_example_description/share/ros_gz_example_description/cmake)
[0.200s] -- Looking for gz-plugin2 -- found version 2.0.4
[0.201s] -- Searching for dependencies of gz-plugin2
[0.201s] -- Looking for gz-utils2 -- found version 2.2.0
[0.201s] -- Searching for dependencies of gz-utils2
[0.202s] -- Searching for <gz-utils2> component [cli]
[0.202s] -- Looking for gz-utils2-cli -- found version 2.2.0
[0.202s] -- Searching for dependencies of gz-utils2-cli
[0.203s] -- Searching for <gz-plugin2> component [register]
[0.203s] -- Looking for gz-plugin2-register -- found version 2.0.4
[0.203s] -- Searching for dependencies of gz-plugin2-register
[0.204s] -- Looking for gz-common5 -- found version 5.7.1
[0.204s] -- Searching for dependencies of gz-common5
[0.204s] -- Looking for gz-utils2 -- found version 2.2.0
[0.204s] -- Looking for dlfcn.h - found
[0.205s] -- Looking for libdl - found
[0.210s] -- Checking for module 'uuid'
[0.223s] --   Found uuid, version 2.39.3
[0.255s] -- Searching for <gz-common5> component [profiler]
[0.255s] -- Looking for gz-common5-profiler -- found version 5.7.1
[0.255s] -- Searching for dependencies of gz-common5-profiler
[0.270s] -- Looking for gz-sim8 -- found version 8.9.0
[0.270s] -- Searching for dependencies of gz-sim8
[0.273s] -- Looking for sdformat14 -- found version 14.7.0
[0.274s] -- Searching for dependencies of sdformat14
[0.278s] -- Checking for module 'tinyxml2'
[0.291s] --   Found tinyxml2, version 10.0.0
[0.326s] -- Looking for gz-math7 -- found version 7.5.1
[0.326s] -- Searching for dependencies of gz-math7
[0.327s] -- Looking for gz-utils2 -- found version 2.2.0
[0.327s] -- Looking for gz-utils2 -- found version 2.2.0
[0.329s] -- Looking for gz-plugin2 -- found version 2.0.4
[0.329s] -- Searching for dependencies of gz-plugin2
[0.329s] -- Looking for gz-utils2 -- found version 2.2.0
[0.329s] -- Searching for <gz-plugin2> component [loader]
[0.332s] -- Looking for gz-plugin2-loader -- found version 2.0.4
[0.332s] -- Searching for dependencies of gz-plugin2-loader
[0.333s] -- Searching for <gz-plugin2> component [register]
[0.337s] -- Looking for gz-transport13 -- found version 13.4.1
[0.337s] -- Searching for dependencies of gz-transport13
[0.474s] -- Found Protobuf: /usr/lib/x86_64-linux-gnu/libprotobuf.so (found version "3.21.12") 
[0.489s] -- Config-file not installed for ZeroMQ -- checking for pkg-config
[0.493s] -- Checking for module 'libzmq >= 4'
[0.507s] --   Found libzmq, version 4.3.5
[0.547s] -- Found ZeroMQ: TRUE (Required is at least version "4") 
[0.554s] -- Looking for gz-utils2 -- found version 2.2.0
[0.557s] -- Looking for gz-msgs10 -- found version 10.3.2
[0.557s] -- Searching for dependencies of gz-msgs10
[0.578s] -- Looking for gz-utils2 -- found version 2.2.0
[0.578s] -- Looking for gz-math7 -- found version 7.5.1
[0.586s] -- Searching for <gz-transport13> component [log]
[0.589s] -- Looking for gz-transport13-log -- found version 13.4.1
[0.589s] -- Searching for dependencies of gz-transport13-log
[0.590s] -- Searching for <gz-transport13> component [parameters]
[0.592s] -- Looking for gz-transport13-parameters -- found version 13.4.1
[0.592s] -- Searching for dependencies of gz-transport13-parameters
[0.593s] -- Looking for gz-msgs10 -- found version 10.3.2
[0.594s] -- Looking for gz-common5 -- found version 5.7.1
[0.594s] -- Searching for dependencies of gz-common5
[0.594s] -- Looking for gz-utils2 -- found version 2.2.0
[0.594s] -- Looking for dlfcn.h - found
[0.594s] -- Looking for libdl - found
[0.601s] -- Searching for <gz-common5> component [av]
[0.604s] -- Looking for gz-common5-av -- found version 5.7.1
[0.604s] -- Searching for dependencies of gz-common5-av
[0.609s] -- Checking for module 'libswscale'
[0.623s] --   Found libswscale, version 7.5.100
[0.658s] -- Found SWSCALE: TRUE  
[0.662s] -- Checking for module 'libavdevice >= 56.4.100'
[0.676s] --   Found libavdevice, version 60.3.100
[0.721s] -- Found AVDEVICE: TRUE (Required is at least version "56.4.100") 
[0.726s] -- Checking for module 'libavformat'
[0.739s] --   Found libavformat, version 60.16.100
[0.776s] -- Found AVFORMAT: TRUE  
[0.781s] -- Checking for module 'libavcodec'
[0.794s] --   Found libavcodec, version 60.31.102
[0.830s] -- Found AVCODEC: TRUE  
[0.835s] -- Checking for module 'libavutil'
[0.848s] --   Found libavutil, version 58.29.100
[0.884s] -- Found AVUTIL: TRUE  
[0.887s] -- Searching for <gz-common5> component [events]
[0.890s] -- Looking for gz-common5-events -- found version 5.7.1
[0.890s] -- Searching for dependencies of gz-common5-events
[0.890s] -- Looking for gz-math7 -- found version 7.5.1
[0.891s] -- Searching for <gz-common5> component [graphics]
[0.894s] -- Looking for gz-common5-graphics -- found version 5.7.1
[0.894s] -- Searching for dependencies of gz-common5-graphics
[0.894s] -- Looking for gz-math7 -- found version 7.5.1
[0.899s] -- Found GzAssimp: TRUE (found version "5.3.0") 
[0.900s] -- Searching for <gz-common5> component [io]
[0.902s] -- Looking for gz-common5-io -- found version 5.7.1
[0.903s] -- Searching for dependencies of gz-common5-io
[0.903s] -- Searching for <gz-common5> component [profiler]
[0.906s] -- Looking for gz-fuel_tools9 -- found version 9.1.1
[0.906s] -- Searching for dependencies of gz-fuel_tools9
[0.994s] -- Found CURL: /usr/lib/x86_64-linux-gnu/libcurl.so (found version "8.5.0")  
[1.002s] -- Checking for module 'jsoncpp'
[1.016s] --   Found jsoncpp, version 1.9.5
[1.052s] -- Found JSONCPP: TRUE  
[1.070s] -- Checking for module 'yaml-0.1'
[1.086s] --   Found yaml-0.1, version 0.2.5
[1.121s] -- Found YAML: TRUE  
[1.126s] -- Checking for module 'libzip'
[1.140s] --   Found libzip, version 1.7.3
[1.175s] -- Found ZIP: TRUE  
[1.175s] -- Looking for gz-utils2 -- found version 2.2.0
[1.176s] -- Looking for gz-common5 -- found version 5.7.1
[1.176s] -- Searching for dependencies of gz-common5
[1.176s] -- Looking for gz-utils2 -- found version 2.2.0
[1.176s] -- Looking for dlfcn.h - found
[1.176s] -- Looking for libdl - found
[1.183s] -- Searching for <gz-common5> component [testing]
[1.189s] -- Looking for gz-common5-testing -- found version 5.7.1
[1.189s] -- Searching for dependencies of gz-common5-testing
[1.190s] -- Looking for gz-math7 -- found version 7.5.1
[1.190s] -- Looking for gz-msgs10 -- found version 10.3.2
[1.194s] -- Looking for gz-gui8 -- found version 8.4.0
[1.195s] -- Searching for dependencies of gz-gui8
[1.221s] -- Looking for gz-utils2 -- found version 2.2.0
[1.221s] -- Looking for gz-math7 -- found version 7.5.1
[1.222s] -- Looking for gz-common5 -- found version 5.7.1
[1.222s] -- Looking for gz-plugin2 -- found version 2.0.4
[1.222s] -- Looking for gz-transport13 -- found version 13.4.1
[1.227s] -- Looking for gz-rendering8 -- found version 8.2.2
[1.227s] -- Searching for dependencies of gz-rendering8
[1.227s] -- Looking for gz-math7 -- found version 7.5.1
[1.228s] -- Searching for dependencies of gz-math7
[1.228s] -- Looking for gz-utils2 -- found version 2.2.0
[1.228s] -- Searching for <gz-math7> component [eigen3]
[1.229s] -- Looking for gz-math7-eigen3 -- found version 7.5.1
[1.229s] -- Searching for dependencies of gz-math7-eigen3
[1.239s] -- Looking for gz-common5 -- found version 5.7.1
[1.239s] -- Searching for dependencies of gz-common5
[1.240s] -- Looking for gz-utils2 -- found version 2.2.0
[1.240s] -- Looking for dlfcn.h - found
[1.240s] -- Looking for libdl - found
[1.247s] -- Searching for <gz-common5> component [graphics]
[1.247s] -- Searching for <gz-common5> component [events]
[1.247s] -- Searching for <gz-common5> component [geospatial]
[1.250s] -- Looking for gz-common5-geospatial -- found version 5.7.1
[1.250s] -- Searching for dependencies of gz-common5-geospatial
[1.250s] -- Looking for gz-math7 -- found version 7.5.1
[1.251s] -- Looking for gz-common5 -- found version 5.7.1
[1.252s] -- Looking for gz-plugin2 -- found version 2.0.4
[1.252s] -- Searching for dependencies of gz-plugin2
[1.252s] -- Looking for gz-utils2 -- found version 2.2.0
[1.252s] -- Searching for <gz-plugin2> component [all]
[1.255s] -- Looking for all libraries of gz-plugin2 -- found version 2.0.4
[1.255s] -- Looking for gz-plugin2 -- found version 2.0.4
[1.256s] -- Looking for gz-utils2 -- found version 2.2.0
[1.266s] -- Found OpenGL: /usr/lib/x86_64-linux-gnu/libOpenGL.so  found components: OpenGL 
[1.268s] -- Looking for gz-msgs10 -- found version 10.3.2
[1.306s] -- Looking for gz-physics7 -- found version 7.5.0
[1.306s] -- Searching for dependencies of gz-physics7
[1.307s] -- Looking for gz-common5 -- found version 5.7.1
[1.307s] -- Looking for gz-math7 -- found version 7.5.1
[1.307s] -- Looking for gz-plugin2 -- found version 2.0.4
[1.308s] -- Looking for gz-utils2 -- found version 2.2.0
[1.309s] -- Searching for <gz-physics7> component [heightmap]
[1.312s] -- Looking for gz-physics7-heightmap -- found version 7.5.0
[1.312s] -- Searching for dependencies of gz-physics7-heightmap
[1.312s] -- Looking for gz-common5 -- found version 5.7.1
[1.313s] -- Searching for <gz-physics7> component [mesh]
[1.316s] -- Looking for gz-physics7-mesh -- found version 7.5.0
[1.316s] -- Searching for dependencies of gz-physics7-mesh
[1.316s] -- Looking for gz-common5 -- found version 5.7.1
[1.317s] -- Searching for <gz-physics7> component [sdf]
[1.319s] -- Looking for gz-physics7-sdf -- found version 7.5.0
[1.319s] -- Searching for dependencies of gz-physics7-sdf
[1.320s] -- Looking for sdformat14 -- found version 14.7.0
[1.326s] -- Looking for gz-sensors8 -- found version 8.2.2
[1.326s] -- Searching for dependencies of gz-sensors8
[1.348s] -- Looking for gz-math7 -- found version 7.5.1
[1.348s] -- Looking for gz-common5 -- found version 5.7.1
[1.349s] -- Looking for gz-transport13 -- found version 13.4.1
[1.349s] -- Looking for gz-rendering8 -- found version 8.2.2
[1.349s] -- Looking for gz-msgs10 -- found version 10.3.2
[1.350s] -- Looking for sdformat14 -- found version 14.7.0
[1.350s] -- Searching for <gz-sensors8> component [air_pressure]
[1.353s] -- Looking for gz-sensors8-air_pressure -- found version 8.2.2
[1.353s] -- Searching for dependencies of gz-sensors8-air_pressure
[1.354s] -- Searching for <gz-sensors8> component [air_speed]
[1.357s] -- Looking for gz-sensors8-air_speed -- found version 8.2.2
[1.357s] -- Searching for dependencies of gz-sensors8-air_speed
[1.357s] -- Searching for <gz-sensors8> component [altimeter]
[1.360s] -- Looking for gz-sensors8-altimeter -- found version 8.2.2
[1.360s] -- Searching for dependencies of gz-sensors8-altimeter
[1.361s] -- Searching for <gz-sensors8> component [imu]
[1.363s] -- Looking for gz-sensors8-imu -- found version 8.2.2
[1.363s] -- Searching for dependencies of gz-sensors8-imu
[1.364s] -- Searching for <gz-sensors8> component [force_torque]
[1.367s] -- Looking for gz-sensors8-force_torque -- found version 8.2.2
[1.367s] -- Searching for dependencies of gz-sensors8-force_torque
[1.368s] -- Searching for <gz-sensors8> component [logical_camera]
[1.370s] -- Looking for gz-sensors8-logical_camera -- found version 8.2.2
[1.370s] -- Searching for dependencies of gz-sensors8-logical_camera
[1.371s] -- Searching for <gz-sensors8> component [magnetometer]
[1.374s] -- Looking for gz-sensors8-magnetometer -- found version 8.2.2
[1.374s] -- Searching for dependencies of gz-sensors8-magnetometer
[1.375s] -- Searching for <gz-sensors8> component [navsat]
[1.377s] -- Looking for gz-sensors8-navsat -- found version 8.2.2
[1.377s] -- Searching for dependencies of gz-sensors8-navsat
[1.378s] -- Searching for <gz-sensors8> component [dvl]
[1.381s] -- Looking for gz-sensors8-dvl -- found version 8.2.2
[1.381s] -- Searching for dependencies of gz-sensors8-dvl
[1.381s] -- Looking for gz-sensors8 -- found version 8.2.2
[1.381s] -- Searching for dependencies of gz-sensors8
[1.403s] -- Looking for gz-math7 -- found version 7.5.1
[1.403s] -- Looking for gz-common5 -- found version 5.7.1
[1.404s] -- Looking for gz-transport13 -- found version 13.4.1
[1.404s] -- Looking for gz-rendering8 -- found version 8.2.2
[1.404s] -- Looking for gz-msgs10 -- found version 10.3.2
[1.405s] -- Looking for sdformat14 -- found version 14.7.0
[1.405s] -- Searching for <gz-sensors8> component [rendering]
[1.408s] -- Looking for gz-sensors8-rendering -- found version 8.2.2
[1.408s] -- Searching for dependencies of gz-sensors8-rendering
[1.410s] -- Searching for <gz-sensors8> component [rendering]
[1.410s] -- Searching for <gz-sensors8> component [lidar]
[1.412s] -- Looking for gz-sensors8-lidar -- found version 8.2.2
[1.412s] -- Searching for dependencies of gz-sensors8-lidar
[1.413s] -- Looking for gz-sensors8 -- found version 8.2.2
[1.413s] -- Searching for <gz-sensors8> component [gpu_lidar]
[1.416s] -- Looking for gz-sensors8-gpu_lidar -- found version 8.2.2
[1.416s] -- Searching for dependencies of gz-sensors8-gpu_lidar
[1.416s] -- Looking for gz-sensors8 -- found version 8.2.2
[1.417s] -- Searching for <gz-sensors8> component [camera]
[1.420s] -- Looking for gz-sensors8-camera -- found version 8.2.2
[1.420s] -- Searching for dependencies of gz-sensors8-camera
[1.420s] -- Looking for gz-sensors8 -- found version 8.2.2
[1.421s] -- Searching for <gz-sensors8> component [boundingbox_camera]
[1.424s] -- Looking for gz-sensors8-boundingbox_camera -- found version 8.2.2
[1.424s] -- Searching for dependencies of gz-sensors8-boundingbox_camera
[1.425s] -- Searching for <gz-sensors8> component [segmentation_camera]
[1.427s] -- Looking for gz-sensors8-segmentation_camera -- found version 8.2.2
[1.427s] -- Searching for dependencies of gz-sensors8-segmentation_camera
[1.428s] -- Searching for <gz-sensors8> component [depth_camera]
[1.431s] -- Looking for gz-sensors8-depth_camera -- found version 8.2.2
[1.431s] -- Searching for dependencies of gz-sensors8-depth_camera
[1.431s] -- Looking for gz-sensors8 -- found version 8.2.2
[1.432s] -- Searching for <gz-sensors8> component [rgbd_camera]
[1.435s] -- Looking for gz-sensors8-rgbd_camera -- found version 8.2.2
[1.435s] -- Searching for dependencies of gz-sensors8-rgbd_camera
[1.435s] -- Looking for gz-sensors8 -- found version 8.2.2
[1.436s] -- Searching for <gz-sensors8> component [thermal_camera]
[1.438s] -- Looking for gz-sensors8-thermal_camera -- found version 8.2.2
[1.439s] -- Searching for dependencies of gz-sensors8-thermal_camera
[1.439s] -- Looking for gz-sensors8 -- found version 8.2.2
[1.440s] -- Searching for <gz-sensors8> component [wide_angle_camera]
[1.442s] -- Looking for gz-sensors8-wide_angle_camera -- found version 8.2.2
[1.442s] -- Searching for dependencies of gz-sensors8-wide_angle_camera
[1.444s] -- Looking for gz-rendering8 -- found version 8.2.2
[1.444s] -- Looking for gz-math7 -- found version 7.5.1
[1.444s] -- Looking for gz-utils2 -- found version 2.2.0
[1.467s] -- Compiling against Gazebo Harmonic
[1.469s] -- Found ament_lint_auto: 0.17.1 (/opt/ros/jazzy/share/ament_lint_auto/cmake)
[1.541s] -- Configuring done (1.5s)
[1.560s] -- Generating done (0.0s)
[1.564s] -- Build files have been written to: /home/sebastian-elliott-pedrosa/template_ws/build/ros_gz_example_gazebo
[1.572s] Invoked command in '/home/sebastian-elliott-pedrosa/template_ws/build/ros_gz_example_gazebo' returned '0': AMENT_PREFIX_PATH=/home/sebastian-elliott-pedrosa/template_ws/install/ros_gz_example_description:${AMENT_PREFIX_PATH} CMAKE_PREFIX_PATH=/home/sebastian-elliott-pedrosa/template_ws/install/ros_gz_example_description:/opt/ros/jazzy/opt/gz_math_vendor:/opt/ros/jazzy/opt/gz_utils_vendor:/opt/ros/jazzy/opt/gz_cmake_vendor:/opt/ros/jazzy DEBUGINFOD_URLS=https://debuginfod.ubuntu.com GZ_SIM_RESOURCE_PATH=/home/sebastian-elliott-pedrosa/template_ws/install/ros_gz_example_description/share/ros_gz_example_description/models /usr/bin/cmake /home/sebastian-elliott-pedrosa/template_ws/src/ros_gz_project_template/ros_gz_example_gazebo -DBUILD_TESTING=ON -DCMAKE_INSTALL_PREFIX=/home/sebastian-elliott-pedrosa/template_ws/install/ros_gz_example_gazebo
[1.572s] Invoking command in '/home/sebastian-elliott-pedrosa/template_ws/build/ros_gz_example_gazebo': AMENT_PREFIX_PATH=/home/sebastian-elliott-pedrosa/template_ws/install/ros_gz_example_description:${AMENT_PREFIX_PATH} CMAKE_PREFIX_PATH=/home/sebastian-elliott-pedrosa/template_ws/install/ros_gz_example_description:/opt/ros/jazzy/opt/gz_math_vendor:/opt/ros/jazzy/opt/gz_utils_vendor:/opt/ros/jazzy/opt/gz_cmake_vendor:/opt/ros/jazzy DEBUGINFOD_URLS=https://debuginfod.ubuntu.com GZ_SIM_RESOURCE_PATH=/home/sebastian-elliott-pedrosa/template_ws/install/ros_gz_example_description/share/ros_gz_example_description/models /usr/bin/cmake --build /home/sebastian-elliott-pedrosa/template_ws/build/ros_gz_example_gazebo -- -j24 -l24
[1.619s] [ 25%] [32mBuilding CXX object CMakeFiles/BasicSystem.dir/src/BasicSystem.cc.o[0m
[1.620s] [ 50%] [32mBuilding CXX object CMakeFiles/FullSystem.dir/src/FullSystem.cc.o[0m
[3.222s] [ 75%] [32m[1mLinking CXX shared library libBasicSystem.so[0m
[3.301s] [100%] [32m[1mLinking CXX shared library libFullSystem.so[0m
[3.367s] [100%] Built target BasicSystem
[3.433s] [100%] Built target FullSystem
[3.444s] Invoked command in '/home/sebastian-elliott-pedrosa/template_ws/build/ros_gz_example_gazebo' returned '0': AMENT_PREFIX_PATH=/home/sebastian-elliott-pedrosa/template_ws/install/ros_gz_example_description:${AMENT_PREFIX_PATH} CMAKE_PREFIX_PATH=/home/sebastian-elliott-pedrosa/template_ws/install/ros_gz_example_description:/opt/ros/jazzy/opt/gz_math_vendor:/opt/ros/jazzy/opt/gz_utils_vendor:/opt/ros/jazzy/opt/gz_cmake_vendor:/opt/ros/jazzy DEBUGINFOD_URLS=https://debuginfod.ubuntu.com GZ_SIM_RESOURCE_PATH=/home/sebastian-elliott-pedrosa/template_ws/install/ros_gz_example_description/share/ros_gz_example_description/models /usr/bin/cmake --build /home/sebastian-elliott-pedrosa/template_ws/build/ros_gz_example_gazebo -- -j24 -l24
[3.445s] Invoking command in '/home/sebastian-elliott-pedrosa/template_ws/build/ros_gz_example_gazebo': AMENT_PREFIX_PATH=/home/sebastian-elliott-pedrosa/template_ws/install/ros_gz_example_description:${AMENT_PREFIX_PATH} CMAKE_PREFIX_PATH=/home/sebastian-elliott-pedrosa/template_ws/install/ros_gz_example_description:/opt/ros/jazzy/opt/gz_math_vendor:/opt/ros/jazzy/opt/gz_utils_vendor:/opt/ros/jazzy/opt/gz_cmake_vendor:/opt/ros/jazzy DEBUGINFOD_URLS=https://debuginfod.ubuntu.com GZ_SIM_RESOURCE_PATH=/home/sebastian-elliott-pedrosa/template_ws/install/ros_gz_example_description/share/ros_gz_example_description/models /usr/bin/cmake --install /home/sebastian-elliott-pedrosa/template_ws/build/ros_gz_example_gazebo
[3.451s] -- Install configuration: ""
[3.451s] -- Installing: /home/sebastian-elliott-pedrosa/template_ws/install/ros_gz_example_gazebo/lib/ros_gz_example_gazebo/libBasicSystem.so
[3.452s] -- Set non-toolchain portion of runtime path of "/home/sebastian-elliott-pedrosa/template_ws/install/ros_gz_example_gazebo/lib/ros_gz_example_gazebo/libBasicSystem.so" to ""
[3.452s] -- Installing: /home/sebastian-elliott-pedrosa/template_ws/install/ros_gz_example_gazebo/lib/ros_gz_example_gazebo/libFullSystem.so
[3.453s] -- Set non-toolchain portion of runtime path of "/home/sebastian-elliott-pedrosa/template_ws/install/ros_gz_example_gazebo/lib/ros_gz_example_gazebo/libFullSystem.so" to ""
[3.453s] -- Installing: /home/sebastian-elliott-pedrosa/template_ws/install/ros_gz_example_gazebo/share/ros_gz_example_gazebo/worlds
[3.453s] -- Installing: /home/sebastian-elliott-pedrosa/template_ws/install/ros_gz_example_gazebo/share/ros_gz_example_gazebo/worlds/diff_drive.sdf
[3.453s] -- Installing: /home/sebastian-elliott-pedrosa/template_ws/install/ros_gz_example_gazebo/share/ros_gz_example_gazebo/environment/ros_gz_example_gazebo.dsv
[3.453s] -- Installing: /home/sebastian-elliott-pedrosa/template_ws/install/ros_gz_example_gazebo/share/ros_gz_example_gazebo/environment/ros_gz_example_gazebo.sh
[3.454s] -- Installing: /home/sebastian-elliott-pedrosa/template_ws/install/ros_gz_example_gazebo/share/ament_index/resource_index/package_run_dependencies/ros_gz_example_gazebo
[3.454s] -- Installing: /home/sebastian-elliott-pedrosa/template_ws/install/ros_gz_example_gazebo/share/ament_index/resource_index/parent_prefix_path/ros_gz_example_gazebo
[3.454s] -- Installing: /home/sebastian-elliott-pedrosa/template_ws/install/ros_gz_example_gazebo/share/ros_gz_example_gazebo/environment/ament_prefix_path.sh
[3.454s] -- Installing: /home/sebastian-elliott-pedrosa/template_ws/install/ros_gz_example_gazebo/share/ros_gz_example_gazebo/environment/ament_prefix_path.dsv
[3.454s] -- Installing: /home/sebastian-elliott-pedrosa/template_ws/install/ros_gz_example_gazebo/share/ros_gz_example_gazebo/environment/path.sh
[3.454s] -- Installing: /home/sebastian-elliott-pedrosa/template_ws/install/ros_gz_example_gazebo/share/ros_gz_example_gazebo/environment/path.dsv
[3.454s] -- Installing: /home/sebastian-elliott-pedrosa/template_ws/install/ros_gz_example_gazebo/share/ros_gz_example_gazebo/local_setup.bash
[3.454s] -- Installing: /home/sebastian-elliott-pedrosa/template_ws/install/ros_gz_example_gazebo/share/ros_gz_example_gazebo/local_setup.sh
[3.455s] -- Installing: /home/sebastian-elliott-pedrosa/template_ws/install/ros_gz_example_gazebo/share/ros_gz_example_gazebo/local_setup.zsh
[3.455s] -- Installing: /home/sebastian-elliott-pedrosa/template_ws/install/ros_gz_example_gazebo/share/ros_gz_example_gazebo/local_setup.dsv
[3.455s] -- Installing: /home/sebastian-elliott-pedrosa/template_ws/install/ros_gz_example_gazebo/share/ros_gz_example_gazebo/package.dsv
[3.455s] -- Installing: /home/sebastian-elliott-pedrosa/template_ws/install/ros_gz_example_gazebo/share/ament_index/resource_index/packages/ros_gz_example_gazebo
[3.455s] -- Installing: /home/sebastian-elliott-pedrosa/template_ws/install/ros_gz_example_gazebo/share/ros_gz_example_gazebo/cmake/ros_gz_example_gazeboConfig.cmake
[3.455s] -- Installing: /home/sebastian-elliott-pedrosa/template_ws/install/ros_gz_example_gazebo/share/ros_gz_example_gazebo/cmake/ros_gz_example_gazeboConfig-version.cmake
[3.455s] -- Installing: /home/sebastian-elliott-pedrosa/template_ws/install/ros_gz_example_gazebo/share/ros_gz_example_gazebo/package.xml
[3.457s] Invoked command in '/home/sebastian-elliott-pedrosa/template_ws/build/ros_gz_example_gazebo' returned '0': AMENT_PREFIX_PATH=/home/sebastian-elliott-pedrosa/template_ws/install/ros_gz_example_description:${AMENT_PREFIX_PATH} CMAKE_PREFIX_PATH=/home/sebastian-elliott-pedrosa/template_ws/install/ros_gz_example_description:/opt/ros/jazzy/opt/gz_math_vendor:/opt/ros/jazzy/opt/gz_utils_vendor:/opt/ros/jazzy/opt/gz_cmake_vendor:/opt/ros/jazzy DEBUGINFOD_URLS=https://debuginfod.ubuntu.com GZ_SIM_RESOURCE_PATH=/home/sebastian-elliott-pedrosa/template_ws/install/ros_gz_example_description/share/ros_gz_example_description/models /usr/bin/cmake --install /home/sebastian-elliott-pedrosa/template_ws/build/ros_gz_example_gazebo
