[0.009s] Invoking command in '/home/sebastian-elliott-pedrosa/T1GR3/build/ros_gz_example_application': CMAKE_PREFIX_PATH=${CMAKE_PREFIX_PATH}:/opt/ros/jazzy DEBUGINFOD_URLS=https://debuginfod.ubuntu.com VIRTUAL_ENV_PROMPT=(.venv) /usr/bin/cmake /home/sebastian-elliott-pedrosa/T1GR3/template_ws/src/ros_gz_project_template/ros_gz_example_application -DBUILD_TESTING=ON -DCMAKE_INSTALL_PREFIX=/home/sebastian-elliott-pedrosa/T1GR3/install/ros_gz_example_application
[0.062s] -- The C compiler identification is GNU 13.3.0
[0.117s] -- The CXX compiler identification is GNU 13.3.0
[0.133s] -- Detecting C compiler ABI info
[0.221s] -- Detecting C compiler ABI info - done
[0.230s] -- Check for working C compiler: /usr/bin/cc - skipped
[0.230s] -- Detecting C compile features
[0.231s] -- Detecting C compile features - done
[0.240s] -- Detecting CXX compiler ABI info
[0.341s] -- Detecting CXX compiler ABI info - done
[0.351s] -- Check for working CXX compiler: /usr/bin/c++ - skipped
[0.351s] -- Detecting CXX compile features
[0.352s] -- Detecting CXX compile features - done
[0.356s] -- Found ament_cmake: 2.5.3 (/opt/ros/jazzy/share/ament_cmake/cmake)
[0.458s] -- Found Python3: /home/sebastian-elliott-pedrosa/T1GR3/.venv/bin/python3 (found version "3.12.3") found components: Interpreter 
[0.636s] -- Configuring done (0.6s)
[0.639s] -- Generating done (0.0s)
[0.641s] -- Build files have been written to: /home/sebastian-elliott-pedrosa/T1GR3/build/ros_gz_example_application
[0.646s] Invoked command in '/home/sebastian-elliott-pedrosa/T1GR3/build/ros_gz_example_application' returned '0': CMAKE_PREFIX_PATH=${CMAKE_PREFIX_PATH}:/opt/ros/jazzy DEBUGINFOD_URLS=https://debuginfod.ubuntu.com VIRTUAL_ENV_PROMPT=(.venv) /usr/bin/cmake /home/sebastian-elliott-pedrosa/T1GR3/template_ws/src/ros_gz_project_template/ros_gz_example_application -DBUILD_TESTING=ON -DCMAKE_INSTALL_PREFIX=/home/sebastian-elliott-pedrosa/T1GR3/install/ros_gz_example_application
[0.647s] Invoking command in '/home/sebastian-elliott-pedrosa/T1GR3/build/ros_gz_example_application': CMAKE_PREFIX_PATH=${CMAKE_PREFIX_PATH}:/opt/ros/jazzy DEBUGINFOD_URLS=https://debuginfod.ubuntu.com VIRTUAL_ENV_PROMPT=(.venv) /usr/bin/cmake --build /home/sebastian-elliott-pedrosa/T1GR3/build/ros_gz_example_application -- -j24 -l24
[0.689s] Invoked command in '/home/sebastian-elliott-pedrosa/T1GR3/build/ros_gz_example_application' returned '0': CMAKE_PREFIX_PATH=${CMAKE_PREFIX_PATH}:/opt/ros/jazzy DEBUGINFOD_URLS=https://debuginfod.ubuntu.com VIRTUAL_ENV_PROMPT=(.venv) /usr/bin/cmake --build /home/sebastian-elliott-pedrosa/T1GR3/build/ros_gz_example_application -- -j24 -l24
[0.699s] Invoking command in '/home/sebastian-elliott-pedrosa/T1GR3/build/ros_gz_example_application': CMAKE_PREFIX_PATH=${CMAKE_PREFIX_PATH}:/opt/ros/jazzy DEBUGINFOD_URLS=https://debuginfod.ubuntu.com VIRTUAL_ENV_PROMPT=(.venv) /usr/bin/cmake --install /home/sebastian-elliott-pedrosa/T1GR3/build/ros_gz_example_application
[0.707s] -- Install configuration: ""
[0.707s] -- Installing: /home/sebastian-elliott-pedrosa/T1GR3/install/ros_gz_example_application/share/ament_index/resource_index/package_run_dependencies/ros_gz_example_application
[0.707s] -- Installing: /home/sebastian-elliott-pedrosa/T1GR3/install/ros_gz_example_application/share/ament_index/resource_index/parent_prefix_path/ros_gz_example_application
[0.707s] -- Installing: /home/sebastian-elliott-pedrosa/T1GR3/install/ros_gz_example_application/share/ros_gz_example_application/environment/ament_prefix_path.sh
[0.708s] -- Installing: /home/sebastian-elliott-pedrosa/T1GR3/install/ros_gz_example_application/share/ros_gz_example_application/environment/ament_prefix_path.dsv
[0.708s] -- Installing: /home/sebastian-elliott-pedrosa/T1GR3/install/ros_gz_example_application/share/ros_gz_example_application/environment/path.sh
[0.708s] -- Installing: /home/sebastian-elliott-pedrosa/T1GR3/install/ros_gz_example_application/share/ros_gz_example_application/environment/path.dsv
[0.708s] -- Installing: /home/sebastian-elliott-pedrosa/T1GR3/install/ros_gz_example_application/share/ros_gz_example_application/local_setup.bash
[0.708s] -- Installing: /home/sebastian-elliott-pedrosa/T1GR3/install/ros_gz_example_application/share/ros_gz_example_application/local_setup.sh
[0.708s] -- Installing: /home/sebastian-elliott-pedrosa/T1GR3/install/ros_gz_example_application/share/ros_gz_example_application/local_setup.zsh
[0.708s] -- Installing: /home/sebastian-elliott-pedrosa/T1GR3/install/ros_gz_example_application/share/ros_gz_example_application/local_setup.dsv
[0.709s] -- Installing: /home/sebastian-elliott-pedrosa/T1GR3/install/ros_gz_example_application/share/ros_gz_example_application/package.dsv
[0.709s] -- Installing: /home/sebastian-elliott-pedrosa/T1GR3/install/ros_gz_example_application/share/ament_index/resource_index/packages/ros_gz_example_application
[0.709s] -- Installing: /home/sebastian-elliott-pedrosa/T1GR3/install/ros_gz_example_application/share/ros_gz_example_application/cmake/ros_gz_example_applicationConfig.cmake
[0.709s] -- Installing: /home/sebastian-elliott-pedrosa/T1GR3/install/ros_gz_example_application/share/ros_gz_example_application/cmake/ros_gz_example_applicationConfig-version.cmake
[0.709s] -- Installing: /home/sebastian-elliott-pedrosa/T1GR3/install/ros_gz_example_application/share/ros_gz_example_application/package.xml
[0.710s] -- Installing: /home/sebastian-elliott-pedrosa/T1GR3/install/ros_gz_example_application/lib/ros_gz_example_application/autonomous_drone.py
[0.712s] Invoked command in '/home/sebastian-elliott-pedrosa/T1GR3/build/ros_gz_example_application' returned '0': CMAKE_PREFIX_PATH=${CMAKE_PREFIX_PATH}:/opt/ros/jazzy DEBUGINFOD_URLS=https://debuginfod.ubuntu.com VIRTUAL_ENV_PROMPT=(.venv) /usr/bin/cmake --install /home/sebastian-elliott-pedrosa/T1GR3/build/ros_gz_example_application
