[0.188s] Invoking command in '/home/sebastian-elliott-pedrosa/template_ws/build/ros_gz_example_application': CMAKE_PREFIX_PATH=${CMAKE_PREFIX_PATH}:/opt/ros/jazzy DEBUGINFOD_URLS=https://debuginfod.ubuntu.com VIRTUAL_ENV_PROMPT=(env) /usr/bin/cmake /home/sebastian-elliott-pedrosa/template_ws/src/ros_gz_project_template/ros_gz_example_application -DAMENT_CMAKE_SYMLINK_INSTALL=1 -DCMAKE_INSTALL_PREFIX=/home/sebastian-elliott-pedrosa/template_ws/install/ros_gz_example_application
[0.240s] -- The C compiler identification is GNU 13.3.0
[0.293s] -- The CXX compiler identification is GNU 13.3.0
[0.310s] -- Detecting C compiler ABI info
[0.398s] -- Detecting C compiler ABI info - done
[0.406s] -- Check for working C compiler: /usr/bin/cc - skipped
[0.407s] -- Detecting C compile features
[0.407s] -- Detecting C compile features - done
[0.416s] -- Detecting CXX compiler ABI info
[0.515s] -- Detecting CXX compiler ABI info - done
[0.524s] -- Check for working CXX compiler: /usr/bin/c++ - skipped
[0.525s] -- Detecting CXX compile features
[0.525s] -- Detecting CXX compile features - done
[0.529s] -- Found ament_cmake: 2.5.3 (/opt/ros/jazzy/share/ament_cmake/cmake)
[0.655s] -- Found Python3: /home/sebastian-elliott-pedrosa/template_ws/env/bin/python3 (found version "3.12.3") found components: Interpreter 
[0.715s] -- Override CMake install command with custom implementation using symlinks instead of copying resources
[0.844s] -- Configuring done (0.6s)
[0.848s] -- Generating done (0.0s)
[0.849s] -- Build files have been written to: /home/sebastian-elliott-pedrosa/template_ws/build/ros_gz_example_application
[0.855s] Invoked command in '/home/sebastian-elliott-pedrosa/template_ws/build/ros_gz_example_application' returned '0': CMAKE_PREFIX_PATH=${CMAKE_PREFIX_PATH}:/opt/ros/jazzy DEBUGINFOD_URLS=https://debuginfod.ubuntu.com VIRTUAL_ENV_PROMPT=(env) /usr/bin/cmake /home/sebastian-elliott-pedrosa/template_ws/src/ros_gz_project_template/ros_gz_example_application -DAMENT_CMAKE_SYMLINK_INSTALL=1 -DCMAKE_INSTALL_PREFIX=/home/sebastian-elliott-pedrosa/template_ws/install/ros_gz_example_application
[0.855s] Invoking command in '/home/sebastian-elliott-pedrosa/template_ws/build/ros_gz_example_application': CMAKE_PREFIX_PATH=${CMAKE_PREFIX_PATH}:/opt/ros/jazzy DEBUGINFOD_URLS=https://debuginfod.ubuntu.com VIRTUAL_ENV_PROMPT=(env) /usr/bin/cmake --build /home/sebastian-elliott-pedrosa/template_ws/build/ros_gz_example_application -- -j24 -l24
[0.902s] Invoked command in '/home/sebastian-elliott-pedrosa/template_ws/build/ros_gz_example_application' returned '0': CMAKE_PREFIX_PATH=${CMAKE_PREFIX_PATH}:/opt/ros/jazzy DEBUGINFOD_URLS=https://debuginfod.ubuntu.com VIRTUAL_ENV_PROMPT=(env) /usr/bin/cmake --build /home/sebastian-elliott-pedrosa/template_ws/build/ros_gz_example_application -- -j24 -l24
[0.902s] Invoking command in '/home/sebastian-elliott-pedrosa/template_ws/build/ros_gz_example_application': CMAKE_PREFIX_PATH=${CMAKE_PREFIX_PATH}:/opt/ros/jazzy DEBUGINFOD_URLS=https://debuginfod.ubuntu.com VIRTUAL_ENV_PROMPT=(env) /usr/bin/cmake --install /home/sebastian-elliott-pedrosa/template_ws/build/ros_gz_example_application
[0.911s] -- Install configuration: ""
[0.912s] -- Execute custom install script
[0.912s] -- Symlinking: /home/sebastian-elliott-pedrosa/template_ws/install/ros_gz_example_application/share/ament_index/resource_index/package_run_dependencies/ros_gz_example_application
[0.922s] -- Symlinking: /home/sebastian-elliott-pedrosa/template_ws/install/ros_gz_example_application/share/ament_index/resource_index/parent_prefix_path/ros_gz_example_application
[0.932s] -- Symlinking: /home/sebastian-elliott-pedrosa/template_ws/install/ros_gz_example_application/share/ros_gz_example_application/environment/ament_prefix_path.sh
[0.943s] -- Symlinking: /home/sebastian-elliott-pedrosa/template_ws/install/ros_gz_example_application/share/ros_gz_example_application/environment/ament_prefix_path.dsv
[0.953s] -- Symlinking: /home/sebastian-elliott-pedrosa/template_ws/install/ros_gz_example_application/share/ros_gz_example_application/environment/path.sh
[0.963s] -- Symlinking: /home/sebastian-elliott-pedrosa/template_ws/install/ros_gz_example_application/share/ros_gz_example_application/environment/path.dsv
[0.973s] -- Symlinking: /home/sebastian-elliott-pedrosa/template_ws/install/ros_gz_example_application/share/ros_gz_example_application/local_setup.bash
[0.983s] -- Symlinking: /home/sebastian-elliott-pedrosa/template_ws/install/ros_gz_example_application/share/ros_gz_example_application/local_setup.sh
[0.993s] -- Symlinking: /home/sebastian-elliott-pedrosa/template_ws/install/ros_gz_example_application/share/ros_gz_example_application/local_setup.zsh
[1.004s] -- Symlinking: /home/sebastian-elliott-pedrosa/template_ws/install/ros_gz_example_application/share/ros_gz_example_application/local_setup.dsv
[1.014s] -- Symlinking: /home/sebastian-elliott-pedrosa/template_ws/install/ros_gz_example_application/share/ros_gz_example_application/package.dsv
[1.025s] -- Symlinking: /home/sebastian-elliott-pedrosa/template_ws/install/ros_gz_example_application/share/ament_index/resource_index/packages/ros_gz_example_application
[1.035s] -- Symlinking: /home/sebastian-elliott-pedrosa/template_ws/install/ros_gz_example_application/share/ros_gz_example_application/cmake/ros_gz_example_applicationConfig.cmake
[1.045s] -- Symlinking: /home/sebastian-elliott-pedrosa/template_ws/install/ros_gz_example_application/share/ros_gz_example_application/cmake/ros_gz_example_applicationConfig-version.cmake
[1.054s] -- Symlinking: /home/sebastian-elliott-pedrosa/template_ws/install/ros_gz_example_application/share/ros_gz_example_application/package.xml
[1.064s] -- Symlinking: /home/sebastian-elliott-pedrosa/template_ws/install/ros_gz_example_application/lib/ros_gz_example_application/autonomous_drone.py
[1.075s] Invoked command in '/home/sebastian-elliott-pedrosa/template_ws/build/ros_gz_example_application' returned '0': CMAKE_PREFIX_PATH=${CMAKE_PREFIX_PATH}:/opt/ros/jazzy DEBUGINFOD_URLS=https://debuginfod.ubuntu.com VIRTUAL_ENV_PROMPT=(env) /usr/bin/cmake --install /home/sebastian-elliott-pedrosa/template_ws/build/ros_gz_example_application
