[0.007s] Invoking command in '/home/sebastian-elliott-pedrosa/template_ws/build/ros_gz_example_gazebo': CMAKE_PREFIX_PATH=/home/sebastian-elliott-pedrosa/template_ws/install/ros_gz_example_description:/home/sebastian-elliott-pedrosa/template_ws/install/ros_gz_example_bringup:/home/sebastian-elliott-pedrosa/template_ws/install/ros_gz_example_gazebo:/home/sebastian-elliott-pedrosa/template_ws/install/ros_gz_example_application:/opt/ros/jazzy/opt/gz_sim_vendor:/opt/ros/jazzy/opt/gz_sensors_vendor:/opt/ros/jazzy/opt/gz_physics_vendor:/opt/ros/jazzy/opt/sdformat_vendor:/opt/ros/jazzy/opt/gz_gui_vendor:/opt/ros/jazzy/opt/gz_transport_vendor:/opt/ros/jazzy/opt/gz_rendering_vendor:/opt/ros/jazzy/opt/gz_plugin_vendor:/opt/ros/jazzy/opt/gz_fuel_tools_vendor:/opt/ros/jazzy/opt/gz_msgs_vendor:/opt/ros/jazzy/opt/gz_common_vendor:/opt/ros/jazzy/opt/gz_math_vendor:/opt/ros/jazzy/opt/gz_utils_vendor:/opt/ros/jazzy/opt/gz_tools_vendor:/opt/ros/jazzy/opt/gz_ogre_next_vendor:/opt/ros/jazzy/opt/gz_dartsim_vendor:/opt/ros/jazzy/opt/gz_cmake_vendor:/opt/ros/jazzy DEBUGINFOD_URLS=https://debuginfod.ubuntu.com GZ_SIM_RESOURCE_PATH=/home/sebastian-elliott-pedrosa/template_ws/install/ros_gz_example_description/share/ros_gz_example_description/models:${GZ_SIM_RESOURCE_PATH} VIRTUAL_ENV_PROMPT=(env) /usr/bin/cmake /home/sebastian-elliott-pedrosa/template_ws/src/ros_gz_project_template/ros_gz_example_gazebo -DAMENT_CMAKE_SYMLINK_INSTALL=1 -DCMAKE_INSTALL_PREFIX=/home/sebastian-elliott-pedrosa/template_ws/install/ros_gz_example_gazebo
[0.061s] -- The C compiler identification is GNU 13.3.0
[0.113s] -- The CXX compiler identification is GNU 13.3.0
[0.129s] -- Detecting C compiler ABI info
[0.218s] -- Detecting C compiler ABI info - done
[0.227s] -- Check for working C compiler: /usr/bin/cc - skipped
[0.227s] -- Detecting C compile features
[0.227s] -- Detecting C compile features - done
[0.237s] -- Detecting CXX compiler ABI info
[0.340s] -- Detecting CXX compiler ABI info - done
[0.350s] -- Check for working CXX compiler: /usr/bin/c++ - skipped
[0.350s] -- Detecting CXX compile features
[0.350s] -- Detecting CXX compile features - done
[0.355s] -- Found ament_cmake: 2.5.3 (/opt/ros/jazzy/share/ament_cmake/cmake)
[0.482s] -- Found Python3: /home/sebastian-elliott-pedrosa/template_ws/env/bin/python3 (found version "3.12.3") found components: Interpreter 
[0.541s] -- Override CMake install command with custom implementation using symlinks instead of copying resources
[0.595s] -- Found ros_gz_example_description: 0.0.0 (/home/sebastian-elliott-pedrosa/template_ws/install/ros_gz_example_description/share/ros_gz_example_description/cmake)
[0.604s] -- Looking for gz-plugin2 -- found version 2.0.3
[0.605s] -- Searching for dependencies of gz-plugin2
[0.607s] -- Looking for gz-utils2 -- found version 2.2.0
[0.607s] -- Searching for dependencies of gz-utils2
[0.607s] -- Searching for <gz-utils2> component [cli]
[0.610s] -- Looking for gz-utils2-cli -- found version 2.2.0
[0.610s] -- Searching for dependencies of gz-utils2-cli
[0.611s] -- Searching for <gz-plugin2> component [register]
[0.612s] -- Looking for gz-plugin2-register -- found version 2.0.3
[0.612s] -- Searching for dependencies of gz-plugin2-register
[0.615s] -- Looking for gz-common5 -- found version 5.7.0
[0.615s] -- Searching for dependencies of gz-common5
[0.615s] -- Looking for gz-utils2 -- found version 2.2.0
[0.616s] -- Looking for dlfcn.h - found
[0.626s] -- Looking for libdl - found
[0.627s] -- Found DL: TRUE  
[0.633s] -- Checking for module 'uuid'
[0.650s] --   Found uuid, version 2.39.3
[0.688s] -- Found UUID: TRUE  
[0.688s] -- Searching for <gz-common5> component [profiler]
[0.690s] -- Looking for gz-common5-profiler -- found version 5.7.0
[0.690s] -- Searching for dependencies of gz-common5-profiler
[0.692s] -- Looking for gz-sim8 -- found version 8.8.0
[0.692s] -- Searching for dependencies of gz-sim8
[0.694s] -- Looking for sdformat14 -- found version 14.6.0
[0.694s] -- Searching for dependencies of sdformat14
[0.698s] -- Checking for module 'tinyxml2'
[0.714s] --   Found tinyxml2, version 10.0.0
[0.754s] -- Looking for gz-math7 -- found version 7.5.1
[0.754s] -- Searching for dependencies of gz-math7
[0.755s] -- Looking for gz-utils2 -- found version 2.2.0
[0.755s] -- Looking for gz-utils2 -- found version 2.2.0
[0.756s] -- Looking for gz-plugin2 -- found version 2.0.3
[0.756s] -- Searching for dependencies of gz-plugin2
[0.757s] -- Looking for gz-utils2 -- found version 2.2.0
[0.757s] -- Searching for <gz-plugin2> component [loader]
[0.758s] -- Looking for gz-plugin2-loader -- found version 2.0.3
[0.759s] -- Searching for dependencies of gz-plugin2-loader
[0.759s] -- Searching for <gz-plugin2> component [register]
[0.761s] -- Looking for gz-transport13 -- found version 13.4.0
[0.761s] -- Searching for dependencies of gz-transport13
[0.882s] -- Found Protobuf: /usr/lib/x86_64-linux-gnu/libprotobuf.so (found version "3.21.12") 
[0.898s] -- Config-file not installed for ZeroMQ -- checking for pkg-config
[0.903s] -- Checking for module 'libzmq >= 4'
[0.920s] --   Found libzmq, version 4.3.5
[0.969s] -- Found ZeroMQ: TRUE (Required is at least version "4") 
[0.976s] -- Looking for gz-utils2 -- found version 2.2.0
[0.978s] -- Looking for gz-msgs10 -- found version 10.3.1
[0.978s] -- Searching for dependencies of gz-msgs10
[1.002s] -- Looking for gz-utils2 -- found version 2.2.0
[1.002s] -- Looking for gz-math7 -- found version 7.5.1
[1.130s] -- Searching for <gz-transport13> component [log]
[1.132s] -- Looking for gz-transport13-log -- found version 13.4.0
[1.132s] -- Searching for dependencies of gz-transport13-log
[1.132s] -- Searching for <gz-transport13> component [parameters]
[1.134s] -- Looking for gz-transport13-parameters -- found version 13.4.0
[1.134s] -- Searching for dependencies of gz-transport13-parameters
[1.135s] -- Looking for gz-msgs10 -- found version 10.3.1
[1.135s] -- Looking for gz-common5 -- found version 5.7.0
[1.135s] -- Searching for dependencies of gz-common5
[1.136s] -- Looking for gz-utils2 -- found version 2.2.0
[1.136s] -- Looking for dlfcn.h - found
[1.136s] -- Looking for libdl - found
[1.143s] -- Searching for <gz-common5> component [av]
[1.145s] -- Looking for gz-common5-av -- found version 5.7.0
[1.145s] -- Searching for dependencies of gz-common5-av
[1.151s] -- Checking for module 'libswscale'
[1.168s] --   Found libswscale, version 7.5.100
[1.211s] -- Found SWSCALE: TRUE  
[1.216s] -- Checking for module 'libavdevice >= 56.4.100'
[1.233s] --   Found libavdevice, version 60.3.100
[1.286s] -- Found AVDEVICE: TRUE (Required is at least version "56.4.100") 
[1.291s] -- Checking for module 'libavformat'
[1.308s] --   Found libavformat, version 60.16.100
[1.353s] -- Found AVFORMAT: TRUE  
[1.358s] -- Checking for module 'libavcodec'
[1.375s] --   Found libavcodec, version 60.31.102
[1.418s] -- Found AVCODEC: TRUE  
[1.423s] -- Checking for module 'libavutil'
[1.440s] --   Found libavutil, version 58.29.100
[1.481s] -- Found AVUTIL: TRUE  
[1.481s] -- Searching for <gz-common5> component [events]
[1.484s] -- Looking for gz-common5-events -- found version 5.7.0
[1.484s] -- Searching for dependencies of gz-common5-events
[1.484s] -- Looking for gz-math7 -- found version 7.5.1
[1.484s] -- Searching for <gz-common5> component [graphics]
[1.487s] -- Looking for gz-common5-graphics -- found version 5.7.0
[1.487s] -- Searching for dependencies of gz-common5-graphics
[1.487s] -- Looking for gz-math7 -- found version 7.5.1
[1.493s] -- Found GzAssimp: TRUE (found version "5.3.0") 
[1.493s] -- Searching for <gz-common5> component [io]
[1.495s] -- Looking for gz-common5-io -- found version 5.7.0
[1.495s] -- Searching for dependencies of gz-common5-io
[1.496s] -- Searching for <gz-common5> component [profiler]
[1.498s] -- Looking for gz-fuel_tools9 -- found version 9.1.0
[1.498s] -- Searching for dependencies of gz-fuel_tools9
[1.599s] -- Found CURL: /usr/lib/x86_64-linux-gnu/libcurl.so (found version "8.5.0")  
[1.610s] -- Checking for module 'jsoncpp'
[1.627s] --   Found jsoncpp, version 1.9.5
[1.669s] -- Found JSONCPP: TRUE  
[1.690s] -- Checking for module 'yaml-0.1'
[1.707s] --   Found yaml-0.1, version 0.2.5
[1.748s] -- Found YAML: TRUE  
[1.753s] -- Checking for module 'libzip'
[1.771s] --   Found libzip, version 1.7.3
[1.812s] -- Found ZIP: TRUE  
[1.813s] -- Looking for gz-utils2 -- found version 2.2.0
[1.813s] -- Looking for gz-common5 -- found version 5.7.0
[1.813s] -- Searching for dependencies of gz-common5
[1.813s] -- Looking for gz-utils2 -- found version 2.2.0
[1.814s] -- Looking for dlfcn.h - found
[1.814s] -- Looking for libdl - found
[1.821s] -- Searching for <gz-common5> component [testing]
[1.823s] -- Looking for gz-common5-testing -- found version 5.7.0
[1.823s] -- Searching for dependencies of gz-common5-testing
[1.824s] -- Looking for gz-math7 -- found version 7.5.1
[1.825s] -- Looking for gz-msgs10 -- found version 10.3.1
[1.827s] -- Looking for gz-gui8 -- found version 8.3.0
[1.827s] -- Searching for dependencies of gz-gui8
[1.855s] -- Looking for gz-utils2 -- found version 2.2.0
[1.856s] -- Looking for gz-math7 -- found version 7.5.1
[1.856s] -- Looking for gz-common5 -- found version 5.7.0
[1.856s] -- Looking for gz-plugin2 -- found version 2.0.3
[1.857s] -- Looking for gz-transport13 -- found version 13.4.0
[1.858s] -- Looking for gz-rendering8 -- found version 8.2.1
[1.859s] -- Searching for dependencies of gz-rendering8
[1.859s] -- Looking for gz-math7 -- found version 7.5.1
[1.859s] -- Searching for dependencies of gz-math7
[1.859s] -- Looking for gz-utils2 -- found version 2.2.0
[1.859s] -- Searching for <gz-math7> component [eigen3]
[1.862s] -- Looking for gz-math7-eigen3 -- found version 7.5.1
[1.862s] -- Searching for dependencies of gz-math7-eigen3
[1.873s] -- Looking for gz-common5 -- found version 5.7.0
[1.873s] -- Searching for dependencies of gz-common5
[1.873s] -- Looking for gz-utils2 -- found version 2.2.0
[1.873s] -- Looking for dlfcn.h - found
[1.873s] -- Looking for libdl - found
[1.881s] -- Searching for <gz-common5> component [graphics]
[1.881s] -- Searching for <gz-common5> component [events]
[1.881s] -- Searching for <gz-common5> component [geospatial]
[1.883s] -- Looking for gz-common5-geospatial -- found version 5.7.0
[1.883s] -- Searching for dependencies of gz-common5-geospatial
[1.883s] -- Looking for gz-math7 -- found version 7.5.1
[1.884s] -- Looking for gz-common5 -- found version 5.7.0
[1.885s] -- Looking for gz-plugin2 -- found version 2.0.3
[1.885s] -- Searching for dependencies of gz-plugin2
[1.885s] -- Looking for gz-utils2 -- found version 2.2.0
[1.885s] -- Searching for <gz-plugin2> component [all]
[1.887s] -- Looking for all libraries of gz-plugin2 -- found version 2.0.3
[1.887s] -- Looking for gz-plugin2 -- found version 2.0.3
[1.888s] -- Looking for gz-utils2 -- found version 2.2.0
[1.900s] -- Found OpenGL: /usr/lib/x86_64-linux-gnu/libOpenGL.so  found components: OpenGL 
[1.901s] -- Looking for gz-msgs10 -- found version 10.3.1
[1.923s] -- Looking for gz-physics7 -- found version 7.4.0
[1.923s] -- Searching for dependencies of gz-physics7
[1.923s] -- Looking for gz-common5 -- found version 5.7.0
[1.924s] -- Looking for gz-math7 -- found version 7.5.1
[1.924s] -- Looking for gz-plugin2 -- found version 2.0.3
[1.924s] -- Looking for gz-utils2 -- found version 2.2.0
[1.925s] -- Searching for <gz-physics7> component [heightmap]
[1.927s] -- Looking for gz-physics7-heightmap -- found version 7.4.0
[1.927s] -- Searching for dependencies of gz-physics7-heightmap
[1.927s] -- Looking for gz-common5 -- found version 5.7.0
[1.927s] -- Searching for <gz-physics7> component [mesh]
[1.929s] -- Looking for gz-physics7-mesh -- found version 7.4.0
[1.929s] -- Searching for dependencies of gz-physics7-mesh
[1.929s] -- Looking for gz-common5 -- found version 5.7.0
[1.930s] -- Searching for <gz-physics7> component [sdf]
[1.931s] -- Looking for gz-physics7-sdf -- found version 7.4.0
[1.931s] -- Searching for dependencies of gz-physics7-sdf
[1.931s] -- Looking for sdformat14 -- found version 14.6.0
[1.933s] -- Looking for gz-sensors8 -- found version 8.2.1
[1.933s] -- Searching for dependencies of gz-sensors8
[1.957s] -- Looking for gz-math7 -- found version 7.5.1
[1.957s] -- Looking for gz-common5 -- found version 5.7.0
[1.957s] -- Looking for gz-transport13 -- found version 13.4.0
[1.958s] -- Looking for gz-rendering8 -- found version 8.2.1
[1.958s] -- Looking for gz-msgs10 -- found version 10.3.1
[1.958s] -- Looking for sdformat14 -- found version 14.6.0
[1.959s] -- Searching for <gz-sensors8> component [air_pressure]
[1.960s] -- Looking for gz-sensors8-air_pressure -- found version 8.2.1
[1.960s] -- Searching for dependencies of gz-sensors8-air_pressure
[1.961s] -- Searching for <gz-sensors8> component [air_speed]
[1.962s] -- Looking for gz-sensors8-air_speed -- found version 8.2.1
[1.962s] -- Searching for dependencies of gz-sensors8-air_speed
[1.962s] -- Searching for <gz-sensors8> component [altimeter]
[1.963s] -- Looking for gz-sensors8-altimeter -- found version 8.2.1
[1.963s] -- Searching for dependencies of gz-sensors8-altimeter
[1.964s] -- Searching for <gz-sensors8> component [imu]
[1.965s] -- Looking for gz-sensors8-imu -- found version 8.2.1
[1.965s] -- Searching for dependencies of gz-sensors8-imu
[1.965s] -- Searching for <gz-sensors8> component [force_torque]
[1.967s] -- Looking for gz-sensors8-force_torque -- found version 8.2.1
[1.967s] -- Searching for dependencies of gz-sensors8-force_torque
[1.967s] -- Searching for <gz-sensors8> component [logical_camera]
[1.968s] -- Looking for gz-sensors8-logical_camera -- found version 8.2.1
[1.968s] -- Searching for dependencies of gz-sensors8-logical_camera
[1.969s] -- Searching for <gz-sensors8> component [magnetometer]
[1.970s] -- Looking for gz-sensors8-magnetometer -- found version 8.2.1
[1.970s] -- Searching for dependencies of gz-sensors8-magnetometer
[1.970s] -- Searching for <gz-sensors8> component [navsat]
[1.972s] -- Looking for gz-sensors8-navsat -- found version 8.2.1
[1.972s] -- Searching for dependencies of gz-sensors8-navsat
[1.972s] -- Searching for <gz-sensors8> component [dvl]
[1.973s] -- Looking for gz-sensors8-dvl -- found version 8.2.1
[1.973s] -- Searching for dependencies of gz-sensors8-dvl
[1.974s] -- Looking for gz-sensors8 -- found version 8.2.1
[1.974s] -- Searching for dependencies of gz-sensors8
[1.998s] -- Looking for gz-math7 -- found version 7.5.1
[1.998s] -- Looking for gz-common5 -- found version 5.7.0
[1.998s] -- Looking for gz-transport13 -- found version 13.4.0
[1.999s] -- Looking for gz-rendering8 -- found version 8.2.1
[1.999s] -- Looking for gz-msgs10 -- found version 10.3.1
[2.000s] -- Looking for sdformat14 -- found version 14.6.0
[2.000s] -- Searching for <gz-sensors8> component [rendering]
[2.001s] -- Looking for gz-sensors8-rendering -- found version 8.2.1
[2.001s] -- Searching for dependencies of gz-sensors8-rendering
[2.002s] -- Searching for <gz-sensors8> component [rendering]
[2.002s] -- Searching for <gz-sensors8> component [lidar]
[2.003s] -- Looking for gz-sensors8-lidar -- found version 8.2.1
[2.003s] -- Searching for dependencies of gz-sensors8-lidar
[2.004s] -- Looking for gz-sensors8 -- found version 8.2.1
[2.004s] -- Searching for <gz-sensors8> component [gpu_lidar]
[2.005s] -- Looking for gz-sensors8-gpu_lidar -- found version 8.2.1
[2.005s] -- Searching for dependencies of gz-sensors8-gpu_lidar
[2.006s] -- Looking for gz-sensors8 -- found version 8.2.1
[2.006s] -- Searching for <gz-sensors8> component [camera]
[2.007s] -- Looking for gz-sensors8-camera -- found version 8.2.1
[2.007s] -- Searching for dependencies of gz-sensors8-camera
[2.008s] -- Looking for gz-sensors8 -- found version 8.2.1
[2.008s] -- Searching for <gz-sensors8> component [boundingbox_camera]
[2.009s] -- Looking for gz-sensors8-boundingbox_camera -- found version 8.2.1
[2.009s] -- Searching for dependencies of gz-sensors8-boundingbox_camera
[2.010s] -- Searching for <gz-sensors8> component [segmentation_camera]
[2.011s] -- Looking for gz-sensors8-segmentation_camera -- found version 8.2.1
[2.011s] -- Searching for dependencies of gz-sensors8-segmentation_camera
[2.011s] -- Searching for <gz-sensors8> component [depth_camera]
[2.012s] -- Looking for gz-sensors8-depth_camera -- found version 8.2.1
[2.013s] -- Searching for dependencies of gz-sensors8-depth_camera
[2.013s] -- Looking for gz-sensors8 -- found version 8.2.1
[2.013s] -- Searching for <gz-sensors8> component [rgbd_camera]
[2.015s] -- Looking for gz-sensors8-rgbd_camera -- found version 8.2.1
[2.015s] -- Searching for dependencies of gz-sensors8-rgbd_camera
[2.015s] -- Looking for gz-sensors8 -- found version 8.2.1
[2.015s] -- Searching for <gz-sensors8> component [thermal_camera]
[2.017s] -- Looking for gz-sensors8-thermal_camera -- found version 8.2.1
[2.017s] -- Searching for dependencies of gz-sensors8-thermal_camera
[2.017s] -- Looking for gz-sensors8 -- found version 8.2.1
[2.017s] -- Searching for <gz-sensors8> component [wide_angle_camera]
[2.019s] -- Looking for gz-sensors8-wide_angle_camera -- found version 8.2.1
[2.019s] -- Searching for dependencies of gz-sensors8-wide_angle_camera
[2.020s] -- Looking for gz-rendering8 -- found version 8.2.1
[2.020s] -- Looking for gz-math7 -- found version 7.5.1
[2.020s] -- Looking for gz-utils2 -- found version 2.2.0
[2.045s] -- Compiling against Gazebo Harmonic
[2.049s] -- Found ament_lint_auto: 0.17.1 (/opt/ros/jazzy/share/ament_lint_auto/cmake)
[2.125s] -- Configuring done (2.1s)
[2.147s] -- Generating done (0.0s)
[2.152s] -- Build files have been written to: /home/sebastian-elliott-pedrosa/template_ws/build/ros_gz_example_gazebo
[2.162s] Invoked command in '/home/sebastian-elliott-pedrosa/template_ws/build/ros_gz_example_gazebo' returned '0': CMAKE_PREFIX_PATH=/home/sebastian-elliott-pedrosa/template_ws/install/ros_gz_example_description:/home/sebastian-elliott-pedrosa/template_ws/install/ros_gz_example_bringup:/home/sebastian-elliott-pedrosa/template_ws/install/ros_gz_example_gazebo:/home/sebastian-elliott-pedrosa/template_ws/install/ros_gz_example_application:/opt/ros/jazzy/opt/gz_sim_vendor:/opt/ros/jazzy/opt/gz_sensors_vendor:/opt/ros/jazzy/opt/gz_physics_vendor:/opt/ros/jazzy/opt/sdformat_vendor:/opt/ros/jazzy/opt/gz_gui_vendor:/opt/ros/jazzy/opt/gz_transport_vendor:/opt/ros/jazzy/opt/gz_rendering_vendor:/opt/ros/jazzy/opt/gz_plugin_vendor:/opt/ros/jazzy/opt/gz_fuel_tools_vendor:/opt/ros/jazzy/opt/gz_msgs_vendor:/opt/ros/jazzy/opt/gz_common_vendor:/opt/ros/jazzy/opt/gz_math_vendor:/opt/ros/jazzy/opt/gz_utils_vendor:/opt/ros/jazzy/opt/gz_tools_vendor:/opt/ros/jazzy/opt/gz_ogre_next_vendor:/opt/ros/jazzy/opt/gz_dartsim_vendor:/opt/ros/jazzy/opt/gz_cmake_vendor:/opt/ros/jazzy DEBUGINFOD_URLS=https://debuginfod.ubuntu.com GZ_SIM_RESOURCE_PATH=/home/sebastian-elliott-pedrosa/template_ws/install/ros_gz_example_description/share/ros_gz_example_description/models:${GZ_SIM_RESOURCE_PATH} VIRTUAL_ENV_PROMPT=(env) /usr/bin/cmake /home/sebastian-elliott-pedrosa/template_ws/src/ros_gz_project_template/ros_gz_example_gazebo -DAMENT_CMAKE_SYMLINK_INSTALL=1 -DCMAKE_INSTALL_PREFIX=/home/sebastian-elliott-pedrosa/template_ws/install/ros_gz_example_gazebo
[2.163s] Invoking command in '/home/sebastian-elliott-pedrosa/template_ws/build/ros_gz_example_gazebo': CMAKE_PREFIX_PATH=/home/sebastian-elliott-pedrosa/template_ws/install/ros_gz_example_description:/home/sebastian-elliott-pedrosa/template_ws/install/ros_gz_example_bringup:/home/sebastian-elliott-pedrosa/template_ws/install/ros_gz_example_gazebo:/home/sebastian-elliott-pedrosa/template_ws/install/ros_gz_example_application:/opt/ros/jazzy/opt/gz_sim_vendor:/opt/ros/jazzy/opt/gz_sensors_vendor:/opt/ros/jazzy/opt/gz_physics_vendor:/opt/ros/jazzy/opt/sdformat_vendor:/opt/ros/jazzy/opt/gz_gui_vendor:/opt/ros/jazzy/opt/gz_transport_vendor:/opt/ros/jazzy/opt/gz_rendering_vendor:/opt/ros/jazzy/opt/gz_plugin_vendor:/opt/ros/jazzy/opt/gz_fuel_tools_vendor:/opt/ros/jazzy/opt/gz_msgs_vendor:/opt/ros/jazzy/opt/gz_common_vendor:/opt/ros/jazzy/opt/gz_math_vendor:/opt/ros/jazzy/opt/gz_utils_vendor:/opt/ros/jazzy/opt/gz_tools_vendor:/opt/ros/jazzy/opt/gz_ogre_next_vendor:/opt/ros/jazzy/opt/gz_dartsim_vendor:/opt/ros/jazzy/opt/gz_cmake_vendor:/opt/ros/jazzy DEBUGINFOD_URLS=https://debuginfod.ubuntu.com GZ_SIM_RESOURCE_PATH=/home/sebastian-elliott-pedrosa/template_ws/install/ros_gz_example_description/share/ros_gz_example_description/models:${GZ_SIM_RESOURCE_PATH} VIRTUAL_ENV_PROMPT=(env) /usr/bin/cmake --build /home/sebastian-elliott-pedrosa/template_ws/build/ros_gz_example_gazebo -- -j24 -l24
[2.219s] [ 25%] [32mBuilding CXX object CMakeFiles/FullSystem.dir/src/FullSystem.cc.o[0m
[2.219s] [ 50%] [32mBuilding CXX object CMakeFiles/BasicSystem.dir/src/BasicSystem.cc.o[0m
[3.715s] [ 75%] [32m[1mLinking CXX shared library libBasicSystem.so[0m
[3.810s] [100%] [32m[1mLinking CXX shared library libFullSystem.so[0m
[3.853s] [100%] Built target BasicSystem
[3.947s] [100%] Built target FullSystem
[3.962s] Invoked command in '/home/sebastian-elliott-pedrosa/template_ws/build/ros_gz_example_gazebo' returned '0': CMAKE_PREFIX_PATH=/home/sebastian-elliott-pedrosa/template_ws/install/ros_gz_example_description:/home/sebastian-elliott-pedrosa/template_ws/install/ros_gz_example_bringup:/home/sebastian-elliott-pedrosa/template_ws/install/ros_gz_example_gazebo:/home/sebastian-elliott-pedrosa/template_ws/install/ros_gz_example_application:/opt/ros/jazzy/opt/gz_sim_vendor:/opt/ros/jazzy/opt/gz_sensors_vendor:/opt/ros/jazzy/opt/gz_physics_vendor:/opt/ros/jazzy/opt/sdformat_vendor:/opt/ros/jazzy/opt/gz_gui_vendor:/opt/ros/jazzy/opt/gz_transport_vendor:/opt/ros/jazzy/opt/gz_rendering_vendor:/opt/ros/jazzy/opt/gz_plugin_vendor:/opt/ros/jazzy/opt/gz_fuel_tools_vendor:/opt/ros/jazzy/opt/gz_msgs_vendor:/opt/ros/jazzy/opt/gz_common_vendor:/opt/ros/jazzy/opt/gz_math_vendor:/opt/ros/jazzy/opt/gz_utils_vendor:/opt/ros/jazzy/opt/gz_tools_vendor:/opt/ros/jazzy/opt/gz_ogre_next_vendor:/opt/ros/jazzy/opt/gz_dartsim_vendor:/opt/ros/jazzy/opt/gz_cmake_vendor:/opt/ros/jazzy DEBUGINFOD_URLS=https://debuginfod.ubuntu.com GZ_SIM_RESOURCE_PATH=/home/sebastian-elliott-pedrosa/template_ws/install/ros_gz_example_description/share/ros_gz_example_description/models:${GZ_SIM_RESOURCE_PATH} VIRTUAL_ENV_PROMPT=(env) /usr/bin/cmake --build /home/sebastian-elliott-pedrosa/template_ws/build/ros_gz_example_gazebo -- -j24 -l24
[3.963s] Invoking command in '/home/sebastian-elliott-pedrosa/template_ws/build/ros_gz_example_gazebo': CMAKE_PREFIX_PATH=/home/sebastian-elliott-pedrosa/template_ws/install/ros_gz_example_description:/home/sebastian-elliott-pedrosa/template_ws/install/ros_gz_example_bringup:/home/sebastian-elliott-pedrosa/template_ws/install/ros_gz_example_gazebo:/home/sebastian-elliott-pedrosa/template_ws/install/ros_gz_example_application:/opt/ros/jazzy/opt/gz_sim_vendor:/opt/ros/jazzy/opt/gz_sensors_vendor:/opt/ros/jazzy/opt/gz_physics_vendor:/opt/ros/jazzy/opt/sdformat_vendor:/opt/ros/jazzy/opt/gz_gui_vendor:/opt/ros/jazzy/opt/gz_transport_vendor:/opt/ros/jazzy/opt/gz_rendering_vendor:/opt/ros/jazzy/opt/gz_plugin_vendor:/opt/ros/jazzy/opt/gz_fuel_tools_vendor:/opt/ros/jazzy/opt/gz_msgs_vendor:/opt/ros/jazzy/opt/gz_common_vendor:/opt/ros/jazzy/opt/gz_math_vendor:/opt/ros/jazzy/opt/gz_utils_vendor:/opt/ros/jazzy/opt/gz_tools_vendor:/opt/ros/jazzy/opt/gz_ogre_next_vendor:/opt/ros/jazzy/opt/gz_dartsim_vendor:/opt/ros/jazzy/opt/gz_cmake_vendor:/opt/ros/jazzy DEBUGINFOD_URLS=https://debuginfod.ubuntu.com GZ_SIM_RESOURCE_PATH=/home/sebastian-elliott-pedrosa/template_ws/install/ros_gz_example_description/share/ros_gz_example_description/models:${GZ_SIM_RESOURCE_PATH} VIRTUAL_ENV_PROMPT=(env) /usr/bin/cmake --install /home/sebastian-elliott-pedrosa/template_ws/build/ros_gz_example_gazebo
[3.972s] -- Install configuration: ""
[3.972s] -- Execute custom install script
[3.972s] -- Symlinking: /home/sebastian-elliott-pedrosa/template_ws/install/ros_gz_example_gazebo/lib/ros_gz_example_gazebo/libBasicSystem.so
[3.983s] -- Symlinking: /home/sebastian-elliott-pedrosa/template_ws/install/ros_gz_example_gazebo/lib/ros_gz_example_gazebo/libFullSystem.so
[3.994s] -- Symlinking: /home/sebastian-elliott-pedrosa/template_ws/install/ros_gz_example_gazebo/share/ros_gz_example_gazebo/worlds/diff_drive.sdf
[4.003s] -- Symlinking: /home/sebastian-elliott-pedrosa/template_ws/install/ros_gz_example_gazebo/share/ros_gz_example_gazebo/environment/ros_gz_example_gazebo.dsv
[4.012s] -- Symlinking: /home/sebastian-elliott-pedrosa/template_ws/install/ros_gz_example_gazebo/share/ros_gz_example_gazebo/environment/ros_gz_example_gazebo.sh
[4.022s] -- Symlinking: /home/sebastian-elliott-pedrosa/template_ws/install/ros_gz_example_gazebo/share/ament_index/resource_index/package_run_dependencies/ros_gz_example_gazebo
[4.030s] -- Symlinking: /home/sebastian-elliott-pedrosa/template_ws/install/ros_gz_example_gazebo/share/ament_index/resource_index/parent_prefix_path/ros_gz_example_gazebo
[4.039s] -- Symlinking: /home/sebastian-elliott-pedrosa/template_ws/install/ros_gz_example_gazebo/share/ros_gz_example_gazebo/environment/ament_prefix_path.sh
[4.048s] -- Symlinking: /home/sebastian-elliott-pedrosa/template_ws/install/ros_gz_example_gazebo/share/ros_gz_example_gazebo/environment/ament_prefix_path.dsv
[4.059s] -- Symlinking: /home/sebastian-elliott-pedrosa/template_ws/install/ros_gz_example_gazebo/share/ros_gz_example_gazebo/environment/path.sh
[4.069s] -- Symlinking: /home/sebastian-elliott-pedrosa/template_ws/install/ros_gz_example_gazebo/share/ros_gz_example_gazebo/environment/path.dsv
[4.078s] -- Symlinking: /home/sebastian-elliott-pedrosa/template_ws/install/ros_gz_example_gazebo/share/ros_gz_example_gazebo/local_setup.bash
[4.087s] -- Symlinking: /home/sebastian-elliott-pedrosa/template_ws/install/ros_gz_example_gazebo/share/ros_gz_example_gazebo/local_setup.sh
[4.097s] -- Symlinking: /home/sebastian-elliott-pedrosa/template_ws/install/ros_gz_example_gazebo/share/ros_gz_example_gazebo/local_setup.zsh
[4.106s] -- Symlinking: /home/sebastian-elliott-pedrosa/template_ws/install/ros_gz_example_gazebo/share/ros_gz_example_gazebo/local_setup.dsv
[4.115s] -- Symlinking: /home/sebastian-elliott-pedrosa/template_ws/install/ros_gz_example_gazebo/share/ros_gz_example_gazebo/package.dsv
[4.124s] -- Symlinking: /home/sebastian-elliott-pedrosa/template_ws/install/ros_gz_example_gazebo/share/ament_index/resource_index/packages/ros_gz_example_gazebo
[4.133s] -- Symlinking: /home/sebastian-elliott-pedrosa/template_ws/install/ros_gz_example_gazebo/share/ros_gz_example_gazebo/cmake/ros_gz_example_gazeboConfig.cmake
[4.142s] -- Symlinking: /home/sebastian-elliott-pedrosa/template_ws/install/ros_gz_example_gazebo/share/ros_gz_example_gazebo/cmake/ros_gz_example_gazeboConfig-version.cmake
[4.151s] -- Symlinking: /home/sebastian-elliott-pedrosa/template_ws/install/ros_gz_example_gazebo/share/ros_gz_example_gazebo/package.xml
[4.163s] Invoked command in '/home/sebastian-elliott-pedrosa/template_ws/build/ros_gz_example_gazebo' returned '0': CMAKE_PREFIX_PATH=/home/sebastian-elliott-pedrosa/template_ws/install/ros_gz_example_description:/home/sebastian-elliott-pedrosa/template_ws/install/ros_gz_example_bringup:/home/sebastian-elliott-pedrosa/template_ws/install/ros_gz_example_gazebo:/home/sebastian-elliott-pedrosa/template_ws/install/ros_gz_example_application:/opt/ros/jazzy/opt/gz_sim_vendor:/opt/ros/jazzy/opt/gz_sensors_vendor:/opt/ros/jazzy/opt/gz_physics_vendor:/opt/ros/jazzy/opt/sdformat_vendor:/opt/ros/jazzy/opt/gz_gui_vendor:/opt/ros/jazzy/opt/gz_transport_vendor:/opt/ros/jazzy/opt/gz_rendering_vendor:/opt/ros/jazzy/opt/gz_plugin_vendor:/opt/ros/jazzy/opt/gz_fuel_tools_vendor:/opt/ros/jazzy/opt/gz_msgs_vendor:/opt/ros/jazzy/opt/gz_common_vendor:/opt/ros/jazzy/opt/gz_math_vendor:/opt/ros/jazzy/opt/gz_utils_vendor:/opt/ros/jazzy/opt/gz_tools_vendor:/opt/ros/jazzy/opt/gz_ogre_next_vendor:/opt/ros/jazzy/opt/gz_dartsim_vendor:/opt/ros/jazzy/opt/gz_cmake_vendor:/opt/ros/jazzy DEBUGINFOD_URLS=https://debuginfod.ubuntu.com GZ_SIM_RESOURCE_PATH=/home/sebastian-elliott-pedrosa/template_ws/install/ros_gz_example_description/share/ros_gz_example_description/models:${GZ_SIM_RESOURCE_PATH} VIRTUAL_ENV_PROMPT=(env) /usr/bin/cmake --install /home/sebastian-elliott-pedrosa/template_ws/build/ros_gz_example_gazebo
