[0.009s] Invoking command in '/home/sebastian-elliott-pedrosa/template_ws/build/ros_gz_example_application': CMAKE_PREFIX_PATH=${CMAKE_PREFIX_PATH}:/opt/ros/jazzy DEBUGINFOD_URLS=https://debuginfod.ubuntu.com VIRTUAL_ENV_PROMPT=(env) /usr/bin/cmake --build /home/sebastian-elliott-pedrosa/template_ws/build/ros_gz_example_application -- -j24 -l24
[0.059s] Invoked command in '/home/sebastian-elliott-pedrosa/template_ws/build/ros_gz_example_application' returned '0': CMAKE_PREFIX_PATH=${CMAKE_PREFIX_PATH}:/opt/ros/jazzy DEBUGINFOD_URLS=https://debuginfod.ubuntu.com VIRTUAL_ENV_PROMPT=(env) /usr/bin/cmake --build /home/sebastian-elliott-pedrosa/template_ws/build/ros_gz_example_application -- -j24 -l24
[0.060s] Invoking command in '/home/sebastian-elliott-pedrosa/template_ws/build/ros_gz_example_application': CMAKE_PREFIX_PATH=${CMAKE_PREFIX_PATH}:/opt/ros/jazzy DEBUGINFOD_URLS=https://debuginfod.ubuntu.com VIRTUAL_ENV_PROMPT=(env) /usr/bin/cmake --install /home/sebastian-elliott-pedrosa/template_ws/build/ros_gz_example_application
[0.068s] -- Install configuration: ""
[0.069s] -- Execute custom install script
[0.069s] -- Up-to-date symlink: /home/sebastian-elliott-pedrosa/template_ws/install/ros_gz_example_application/share/ament_index/resource_index/package_run_dependencies/ros_gz_example_application
[0.069s] -- Up-to-date symlink: /home/sebastian-elliott-pedrosa/template_ws/install/ros_gz_example_application/share/ament_index/resource_index/parent_prefix_path/ros_gz_example_application
[0.069s] -- Up-to-date symlink: /home/sebastian-elliott-pedrosa/template_ws/install/ros_gz_example_application/share/ros_gz_example_application/environment/ament_prefix_path.sh
[0.069s] -- Up-to-date symlink: /home/sebastian-elliott-pedrosa/template_ws/install/ros_gz_example_application/share/ros_gz_example_application/environment/ament_prefix_path.dsv
[0.069s] -- Up-to-date symlink: /home/sebastian-elliott-pedrosa/template_ws/install/ros_gz_example_application/share/ros_gz_example_application/environment/path.sh
[0.070s] -- Up-to-date symlink: /home/sebastian-elliott-pedrosa/template_ws/install/ros_gz_example_application/share/ros_gz_example_application/environment/path.dsv
[0.070s] -- Up-to-date symlink: /home/sebastian-elliott-pedrosa/template_ws/install/ros_gz_example_application/share/ros_gz_example_application/local_setup.bash
[0.070s] -- Up-to-date symlink: /home/sebastian-elliott-pedrosa/template_ws/install/ros_gz_example_application/share/ros_gz_example_application/local_setup.sh
[0.070s] -- Up-to-date symlink: /home/sebastian-elliott-pedrosa/template_ws/install/ros_gz_example_application/share/ros_gz_example_application/local_setup.zsh
[0.070s] -- Up-to-date symlink: /home/sebastian-elliott-pedrosa/template_ws/install/ros_gz_example_application/share/ros_gz_example_application/local_setup.dsv
[0.070s] -- Symlinking: /home/sebastian-elliott-pedrosa/template_ws/install/ros_gz_example_application/share/ros_gz_example_application/package.dsv
[0.081s] -- Up-to-date symlink: /home/sebastian-elliott-pedrosa/template_ws/install/ros_gz_example_application/share/ament_index/resource_index/packages/ros_gz_example_application
[0.081s] -- Up-to-date symlink: /home/sebastian-elliott-pedrosa/template_ws/install/ros_gz_example_application/share/ros_gz_example_application/cmake/ros_gz_example_applicationConfig.cmake
[0.081s] -- Up-to-date symlink: /home/sebastian-elliott-pedrosa/template_ws/install/ros_gz_example_application/share/ros_gz_example_application/cmake/ros_gz_example_applicationConfig-version.cmake
[0.081s] -- Up-to-date symlink: /home/sebastian-elliott-pedrosa/template_ws/install/ros_gz_example_application/share/ros_gz_example_application/package.xml
[0.081s] -- Up-to-date symlink: /home/sebastian-elliott-pedrosa/template_ws/install/ros_gz_example_application/lib/ros_gz_example_application/autonomous_drone.py
[0.097s] Invoked command in '/home/sebastian-elliott-pedrosa/template_ws/build/ros_gz_example_application' returned '0': CMAKE_PREFIX_PATH=${CMAKE_PREFIX_PATH}:/opt/ros/jazzy DEBUGINFOD_URLS=https://debuginfod.ubuntu.com VIRTUAL_ENV_PROMPT=(env) /usr/bin/cmake --install /home/sebastian-elliott-pedrosa/template_ws/build/ros_gz_example_application
