-- Found ament_cmake: 2.5.3 (/opt/ros/jazzy/share/ament_cmake/cmake)
-- Override CMake install command with custom implementation using symlinks instead of copying resources
-- Configuring done (0.2s)
-- Generating done (0.0s)
-- Build files have been written to: /home/sebastian-elliott-pedrosa/T1GR3/template_ws/build/ros_gz_example_application
-- Install configuration: ""
-- Execute custom install script
-- Symlinking: /home/sebastian-elliott-pedrosa/T1GR3/template_ws/install/ros_gz_example_application/share/ament_index/resource_index/package_run_dependencies/ros_gz_example_application
-- Symlinking: /home/sebastian-elliott-pedrosa/T1GR3/template_ws/install/ros_gz_example_application/share/ament_index/resource_index/parent_prefix_path/ros_gz_example_application
-- Symlinking: /home/sebastian-elliott-pedrosa/T1GR3/template_ws/install/ros_gz_example_application/share/ros_gz_example_application/environment/ament_prefix_path.sh
-- Symlinking: /home/sebastian-elliott-pedrosa/T1GR3/template_ws/install/ros_gz_example_application/share/ros_gz_example_application/environment/ament_prefix_path.dsv
-- Symlinking: /home/sebastian-elliott-pedrosa/T1GR3/template_ws/install/ros_gz_example_application/share/ros_gz_example_application/environment/path.sh
-- Symlinking: /home/sebastian-elliott-pedrosa/T1GR3/template_ws/install/ros_gz_example_application/share/ros_gz_example_application/environment/path.dsv
-- Symlinking: /home/sebastian-elliott-pedrosa/T1GR3/template_ws/install/ros_gz_example_application/share/ros_gz_example_application/local_setup.bash
-- Symlinking: /home/sebastian-elliott-pedrosa/T1GR3/template_ws/install/ros_gz_example_application/share/ros_gz_example_application/local_setup.sh
-- Symlinking: /home/sebastian-elliott-pedrosa/T1GR3/template_ws/install/ros_gz_example_application/share/ros_gz_example_application/local_setup.zsh
-- Symlinking: /home/sebastian-elliott-pedrosa/T1GR3/template_ws/install/ros_gz_example_application/share/ros_gz_example_application/local_setup.dsv
-- Symlinking: /home/sebastian-elliott-pedrosa/T1GR3/template_ws/install/ros_gz_example_application/share/ros_gz_example_application/package.dsv
-- Symlinking: /home/sebastian-elliott-pedrosa/T1GR3/template_ws/install/ros_gz_example_application/share/ament_index/resource_index/packages/ros_gz_example_application
-- Symlinking: /home/sebastian-elliott-pedrosa/T1GR3/template_ws/install/ros_gz_example_application/share/ros_gz_example_application/cmake/ros_gz_example_applicationConfig.cmake
-- Symlinking: /home/sebastian-elliott-pedrosa/T1GR3/template_ws/install/ros_gz_example_application/share/ros_gz_example_application/cmake/ros_gz_example_applicationConfig-version.cmake
-- Symlinking: /home/sebastian-elliott-pedrosa/T1GR3/template_ws/install/ros_gz_example_application/share/ros_gz_example_application/package.xml
-- Symlinking: /home/sebastian-elliott-pedrosa/T1GR3/template_ws/install/ros_gz_example_application/lib/ros_gz_example_application/autonomous_drone.py
