[0.008s] Invoking command in '/home/sebastian-elliott-pedrosa/T1GR3/template_ws/build/ros_gz_example_bringup': CMAKE_PREFIX_PATH=/home/sebastian-elliott-pedrosa/T1GR3/template_ws/install/ros_gz_example_gazebo:/home/sebastian-elliott-pedrosa/T1GR3/template_ws/install/ros_gz_example_description:/home/sebastian-elliott-pedrosa/T1GR3/template_ws/install/ros_gz_example_bringup:/home/sebastian-elliott-pedrosa/T1GR3/template_ws/install/ros_gz_example_application:/opt/ros/jazzy/opt/gz_sim_vendor:/opt/ros/jazzy/opt/gz_sensors_vendor:/opt/ros/jazzy/opt/gz_physics_vendor:/opt/ros/jazzy/opt/sdformat_vendor:/opt/ros/jazzy/opt/gz_gui_vendor:/opt/ros/jazzy/opt/gz_transport_vendor:/opt/ros/jazzy/opt/gz_rendering_vendor:/opt/ros/jazzy/opt/gz_plugin_vendor:/opt/ros/jazzy/opt/gz_fuel_tools_vendor:/opt/ros/jazzy/opt/gz_msgs_vendor:/opt/ros/jazzy/opt/gz_common_vendor:/opt/ros/jazzy/opt/gz_math_vendor:/opt/ros/jazzy/opt/gz_utils_vendor:/opt/ros/jazzy/opt/gz_tools_vendor:/opt/ros/jazzy/opt/gz_ogre_next_vendor:/opt/ros/jazzy/opt/gz_dartsim_vendor:/opt/ros/jazzy/opt/gz_cmake_vendor:/opt/ros/jazzy DEBUGINFOD_URLS=https://debuginfod.ubuntu.com GZ_SIM_PLUGIN_PATH=/home/sebastian-elliott-pedrosa/T1GR3/template_ws/install/ros_gz_example_gazebo/lib/ros_gz_example_gazebo GZ_SIM_RESOURCE_PATH=/home/sebastian-elliott-pedrosa/T1GR3/template_ws/install/ros_gz_example_description/share/ros_gz_example_description/models:${GZ_SIM_RESOURCE_PATH} VIRTUAL_ENV_PROMPT=(.venv) /usr/bin/cmake /home/sebastian-elliott-pedrosa/T1GR3/template_ws/src/ros_gz_project_template/ros_gz_example_bringup -DBUILD_TESTING=ON -DCMAKE_INSTALL_PREFIX=/home/sebastian-elliott-pedrosa/T1GR3/template_ws/install/ros_gz_example_bringup
[0.062s] -- The C compiler identification is GNU 13.3.0
[0.114s] -- The CXX compiler identification is GNU 13.3.0
[0.130s] -- Detecting C compiler ABI info
[0.220s] -- Detecting C compiler ABI info - done
[0.230s] -- Check for working C compiler: /usr/bin/cc - skipped
[0.230s] -- Detecting C compile features
[0.231s] -- Detecting C compile features - done
[0.240s] -- Detecting CXX compiler ABI info
[0.340s] -- Detecting CXX compiler ABI info - done
[0.349s] -- Check for working CXX compiler: /usr/bin/c++ - skipped
[0.349s] -- Detecting CXX compile features
[0.350s] -- Detecting CXX compile features - done
[0.354s] -- Found ament_cmake: 2.5.3 (/opt/ros/jazzy/share/ament_cmake/cmake)
[0.459s] -- Found Python3: /home/sebastian-elliott-pedrosa/T1GR3/template_ws/.venv/bin/python3 (found version "3.12.3") found components: Interpreter 
[0.570s] -- Found ros_gz_example_description: 0.0.0 (/home/sebastian-elliott-pedrosa/T1GR3/template_ws/install/ros_gz_example_description/share/ros_gz_example_description/cmake)
[0.571s] -- Found ros_gz_example_gazebo: 0.0.0 (/home/sebastian-elliott-pedrosa/T1GR3/template_ws/install/ros_gz_example_gazebo/share/ros_gz_example_gazebo/cmake)
[0.574s] -- Found ament_lint_auto: 0.17.1 (/opt/ros/jazzy/share/ament_lint_auto/cmake)
[0.644s] -- Configuring done (0.6s)
[0.647s] -- Generating done (0.0s)
[0.649s] -- Build files have been written to: /home/sebastian-elliott-pedrosa/T1GR3/template_ws/build/ros_gz_example_bringup
[0.654s] Invoked command in '/home/sebastian-elliott-pedrosa/T1GR3/template_ws/build/ros_gz_example_bringup' returned '0': CMAKE_PREFIX_PATH=/home/sebastian-elliott-pedrosa/T1GR3/template_ws/install/ros_gz_example_gazebo:/home/sebastian-elliott-pedrosa/T1GR3/template_ws/install/ros_gz_example_description:/home/sebastian-elliott-pedrosa/T1GR3/template_ws/install/ros_gz_example_bringup:/home/sebastian-elliott-pedrosa/T1GR3/template_ws/install/ros_gz_example_application:/opt/ros/jazzy/opt/gz_sim_vendor:/opt/ros/jazzy/opt/gz_sensors_vendor:/opt/ros/jazzy/opt/gz_physics_vendor:/opt/ros/jazzy/opt/sdformat_vendor:/opt/ros/jazzy/opt/gz_gui_vendor:/opt/ros/jazzy/opt/gz_transport_vendor:/opt/ros/jazzy/opt/gz_rendering_vendor:/opt/ros/jazzy/opt/gz_plugin_vendor:/opt/ros/jazzy/opt/gz_fuel_tools_vendor:/opt/ros/jazzy/opt/gz_msgs_vendor:/opt/ros/jazzy/opt/gz_common_vendor:/opt/ros/jazzy/opt/gz_math_vendor:/opt/ros/jazzy/opt/gz_utils_vendor:/opt/ros/jazzy/opt/gz_tools_vendor:/opt/ros/jazzy/opt/gz_ogre_next_vendor:/opt/ros/jazzy/opt/gz_dartsim_vendor:/opt/ros/jazzy/opt/gz_cmake_vendor:/opt/ros/jazzy DEBUGINFOD_URLS=https://debuginfod.ubuntu.com GZ_SIM_PLUGIN_PATH=/home/sebastian-elliott-pedrosa/T1GR3/template_ws/install/ros_gz_example_gazebo/lib/ros_gz_example_gazebo GZ_SIM_RESOURCE_PATH=/home/sebastian-elliott-pedrosa/T1GR3/template_ws/install/ros_gz_example_description/share/ros_gz_example_description/models:${GZ_SIM_RESOURCE_PATH} VIRTUAL_ENV_PROMPT=(.venv) /usr/bin/cmake /home/sebastian-elliott-pedrosa/T1GR3/template_ws/src/ros_gz_project_template/ros_gz_example_bringup -DBUILD_TESTING=ON -DCMAKE_INSTALL_PREFIX=/home/sebastian-elliott-pedrosa/T1GR3/template_ws/install/ros_gz_example_bringup
[0.655s] Invoking command in '/home/sebastian-elliott-pedrosa/T1GR3/template_ws/build/ros_gz_example_bringup': CMAKE_PREFIX_PATH=/home/sebastian-elliott-pedrosa/T1GR3/template_ws/install/ros_gz_example_gazebo:/home/sebastian-elliott-pedrosa/T1GR3/template_ws/install/ros_gz_example_description:/home/sebastian-elliott-pedrosa/T1GR3/template_ws/install/ros_gz_example_bringup:/home/sebastian-elliott-pedrosa/T1GR3/template_ws/install/ros_gz_example_application:/opt/ros/jazzy/opt/gz_sim_vendor:/opt/ros/jazzy/opt/gz_sensors_vendor:/opt/ros/jazzy/opt/gz_physics_vendor:/opt/ros/jazzy/opt/sdformat_vendor:/opt/ros/jazzy/opt/gz_gui_vendor:/opt/ros/jazzy/opt/gz_transport_vendor:/opt/ros/jazzy/opt/gz_rendering_vendor:/opt/ros/jazzy/opt/gz_plugin_vendor:/opt/ros/jazzy/opt/gz_fuel_tools_vendor:/opt/ros/jazzy/opt/gz_msgs_vendor:/opt/ros/jazzy/opt/gz_common_vendor:/opt/ros/jazzy/opt/gz_math_vendor:/opt/ros/jazzy/opt/gz_utils_vendor:/opt/ros/jazzy/opt/gz_tools_vendor:/opt/ros/jazzy/opt/gz_ogre_next_vendor:/opt/ros/jazzy/opt/gz_dartsim_vendor:/opt/ros/jazzy/opt/gz_cmake_vendor:/opt/ros/jazzy DEBUGINFOD_URLS=https://debuginfod.ubuntu.com GZ_SIM_PLUGIN_PATH=/home/sebastian-elliott-pedrosa/T1GR3/template_ws/install/ros_gz_example_gazebo/lib/ros_gz_example_gazebo GZ_SIM_RESOURCE_PATH=/home/sebastian-elliott-pedrosa/T1GR3/template_ws/install/ros_gz_example_description/share/ros_gz_example_description/models:${GZ_SIM_RESOURCE_PATH} VIRTUAL_ENV_PROMPT=(.venv) /usr/bin/cmake --build /home/sebastian-elliott-pedrosa/T1GR3/template_ws/build/ros_gz_example_bringup -- -j24 -l24
[0.699s] Invoked command in '/home/sebastian-elliott-pedrosa/T1GR3/template_ws/build/ros_gz_example_bringup' returned '0': CMAKE_PREFIX_PATH=/home/sebastian-elliott-pedrosa/T1GR3/template_ws/install/ros_gz_example_gazebo:/home/sebastian-elliott-pedrosa/T1GR3/template_ws/install/ros_gz_example_description:/home/sebastian-elliott-pedrosa/T1GR3/template_ws/install/ros_gz_example_bringup:/home/sebastian-elliott-pedrosa/T1GR3/template_ws/install/ros_gz_example_application:/opt/ros/jazzy/opt/gz_sim_vendor:/opt/ros/jazzy/opt/gz_sensors_vendor:/opt/ros/jazzy/opt/gz_physics_vendor:/opt/ros/jazzy/opt/sdformat_vendor:/opt/ros/jazzy/opt/gz_gui_vendor:/opt/ros/jazzy/opt/gz_transport_vendor:/opt/ros/jazzy/opt/gz_rendering_vendor:/opt/ros/jazzy/opt/gz_plugin_vendor:/opt/ros/jazzy/opt/gz_fuel_tools_vendor:/opt/ros/jazzy/opt/gz_msgs_vendor:/opt/ros/jazzy/opt/gz_common_vendor:/opt/ros/jazzy/opt/gz_math_vendor:/opt/ros/jazzy/opt/gz_utils_vendor:/opt/ros/jazzy/opt/gz_tools_vendor:/opt/ros/jazzy/opt/gz_ogre_next_vendor:/opt/ros/jazzy/opt/gz_dartsim_vendor:/opt/ros/jazzy/opt/gz_cmake_vendor:/opt/ros/jazzy DEBUGINFOD_URLS=https://debuginfod.ubuntu.com GZ_SIM_PLUGIN_PATH=/home/sebastian-elliott-pedrosa/T1GR3/template_ws/install/ros_gz_example_gazebo/lib/ros_gz_example_gazebo GZ_SIM_RESOURCE_PATH=/home/sebastian-elliott-pedrosa/T1GR3/template_ws/install/ros_gz_example_description/share/ros_gz_example_description/models:${GZ_SIM_RESOURCE_PATH} VIRTUAL_ENV_PROMPT=(.venv) /usr/bin/cmake --build /home/sebastian-elliott-pedrosa/T1GR3/template_ws/build/ros_gz_example_bringup -- -j24 -l24
[0.700s] Invoking command in '/home/sebastian-elliott-pedrosa/T1GR3/template_ws/build/ros_gz_example_bringup': CMAKE_PREFIX_PATH=/home/sebastian-elliott-pedrosa/T1GR3/template_ws/install/ros_gz_example_gazebo:/home/sebastian-elliott-pedrosa/T1GR3/template_ws/install/ros_gz_example_description:/home/sebastian-elliott-pedrosa/T1GR3/template_ws/install/ros_gz_example_bringup:/home/sebastian-elliott-pedrosa/T1GR3/template_ws/install/ros_gz_example_application:/opt/ros/jazzy/opt/gz_sim_vendor:/opt/ros/jazzy/opt/gz_sensors_vendor:/opt/ros/jazzy/opt/gz_physics_vendor:/opt/ros/jazzy/opt/sdformat_vendor:/opt/ros/jazzy/opt/gz_gui_vendor:/opt/ros/jazzy/opt/gz_transport_vendor:/opt/ros/jazzy/opt/gz_rendering_vendor:/opt/ros/jazzy/opt/gz_plugin_vendor:/opt/ros/jazzy/opt/gz_fuel_tools_vendor:/opt/ros/jazzy/opt/gz_msgs_vendor:/opt/ros/jazzy/opt/gz_common_vendor:/opt/ros/jazzy/opt/gz_math_vendor:/opt/ros/jazzy/opt/gz_utils_vendor:/opt/ros/jazzy/opt/gz_tools_vendor:/opt/ros/jazzy/opt/gz_ogre_next_vendor:/opt/ros/jazzy/opt/gz_dartsim_vendor:/opt/ros/jazzy/opt/gz_cmake_vendor:/opt/ros/jazzy DEBUGINFOD_URLS=https://debuginfod.ubuntu.com GZ_SIM_PLUGIN_PATH=/home/sebastian-elliott-pedrosa/T1GR3/template_ws/install/ros_gz_example_gazebo/lib/ros_gz_example_gazebo GZ_SIM_RESOURCE_PATH=/home/sebastian-elliott-pedrosa/T1GR3/template_ws/install/ros_gz_example_description/share/ros_gz_example_description/models:${GZ_SIM_RESOURCE_PATH} VIRTUAL_ENV_PROMPT=(.venv) /usr/bin/cmake --install /home/sebastian-elliott-pedrosa/T1GR3/template_ws/build/ros_gz_example_bringup
[0.708s] -- Install configuration: ""
[0.708s] -- Installing: /home/sebastian-elliott-pedrosa/T1GR3/template_ws/install/ros_gz_example_bringup/share/ros_gz_example_bringup/launch
[0.709s] -- Installing: /home/sebastian-elliott-pedrosa/T1GR3/template_ws/install/ros_gz_example_bringup/share/ros_gz_example_bringup/launch/autonomous_drone.launch.py
[0.709s] -- Installing: /home/sebastian-elliott-pedrosa/T1GR3/template_ws/install/ros_gz_example_bringup/share/ros_gz_example_bringup/launch/rrbot_setup.launch.py
[0.709s] -- Installing: /home/sebastian-elliott-pedrosa/T1GR3/template_ws/install/ros_gz_example_bringup/share/ros_gz_example_bringup/launch/diff_drive.launch.py
[0.709s] -- Installing: /home/sebastian-elliott-pedrosa/T1GR3/template_ws/install/ros_gz_example_bringup/share/ros_gz_example_bringup/config
[0.709s] -- Installing: /home/sebastian-elliott-pedrosa/T1GR3/template_ws/install/ros_gz_example_bringup/share/ros_gz_example_bringup/config/ros_gz_example_bridge.yaml
[0.709s] -- Installing: /home/sebastian-elliott-pedrosa/T1GR3/template_ws/install/ros_gz_example_bringup/share/ros_gz_example_bringup/config/rrbot.rviz
[0.709s] -- Installing: /home/sebastian-elliott-pedrosa/T1GR3/template_ws/install/ros_gz_example_bringup/share/ros_gz_example_bringup/config/diff_drive.rviz
[0.710s] -- Installing: /home/sebastian-elliott-pedrosa/T1GR3/template_ws/install/ros_gz_example_bringup/share/ament_index/resource_index/package_run_dependencies/ros_gz_example_bringup
[0.710s] -- Installing: /home/sebastian-elliott-pedrosa/T1GR3/template_ws/install/ros_gz_example_bringup/share/ament_index/resource_index/parent_prefix_path/ros_gz_example_bringup
[0.710s] -- Installing: /home/sebastian-elliott-pedrosa/T1GR3/template_ws/install/ros_gz_example_bringup/share/ros_gz_example_bringup/environment/ament_prefix_path.sh
[0.710s] -- Installing: /home/sebastian-elliott-pedrosa/T1GR3/template_ws/install/ros_gz_example_bringup/share/ros_gz_example_bringup/environment/ament_prefix_path.dsv
[0.710s] -- Installing: /home/sebastian-elliott-pedrosa/T1GR3/template_ws/install/ros_gz_example_bringup/share/ros_gz_example_bringup/environment/path.sh
[0.710s] -- Installing: /home/sebastian-elliott-pedrosa/T1GR3/template_ws/install/ros_gz_example_bringup/share/ros_gz_example_bringup/environment/path.dsv
[0.711s] -- Installing: /home/sebastian-elliott-pedrosa/T1GR3/template_ws/install/ros_gz_example_bringup/share/ros_gz_example_bringup/local_setup.bash
[0.711s] -- Installing: /home/sebastian-elliott-pedrosa/T1GR3/template_ws/install/ros_gz_example_bringup/share/ros_gz_example_bringup/local_setup.sh
[0.711s] -- Installing: /home/sebastian-elliott-pedrosa/T1GR3/template_ws/install/ros_gz_example_bringup/share/ros_gz_example_bringup/local_setup.zsh
[0.711s] -- Installing: /home/sebastian-elliott-pedrosa/T1GR3/template_ws/install/ros_gz_example_bringup/share/ros_gz_example_bringup/local_setup.dsv
[0.711s] -- Installing: /home/sebastian-elliott-pedrosa/T1GR3/template_ws/install/ros_gz_example_bringup/share/ros_gz_example_bringup/package.dsv
[0.711s] -- Installing: /home/sebastian-elliott-pedrosa/T1GR3/template_ws/install/ros_gz_example_bringup/share/ament_index/resource_index/packages/ros_gz_example_bringup
[0.712s] -- Installing: /home/sebastian-elliott-pedrosa/T1GR3/template_ws/install/ros_gz_example_bringup/share/ros_gz_example_bringup/cmake/ros_gz_example_bringupConfig.cmake
[0.712s] -- Installing: /home/sebastian-elliott-pedrosa/T1GR3/template_ws/install/ros_gz_example_bringup/share/ros_gz_example_bringup/cmake/ros_gz_example_bringupConfig-version.cmake
[0.712s] -- Installing: /home/sebastian-elliott-pedrosa/T1GR3/template_ws/install/ros_gz_example_bringup/share/ros_gz_example_bringup/package.xml
[0.712s] -- Up-to-date: /home/sebastian-elliott-pedrosa/T1GR3/template_ws/install/ros_gz_example_bringup/share/ros_gz_example_bringup/launch
[0.712s] -- Up-to-date: /home/sebastian-elliott-pedrosa/T1GR3/template_ws/install/ros_gz_example_bringup/share/ros_gz_example_bringup/launch/autonomous_drone.launch.py
[0.712s] -- Up-to-date: /home/sebastian-elliott-pedrosa/T1GR3/template_ws/install/ros_gz_example_bringup/share/ros_gz_example_bringup/launch/rrbot_setup.launch.py
[0.712s] -- Up-to-date: /home/sebastian-elliott-pedrosa/T1GR3/template_ws/install/ros_gz_example_bringup/share/ros_gz_example_bringup/launch/diff_drive.launch.py
[0.714s] Invoked command in '/home/sebastian-elliott-pedrosa/T1GR3/template_ws/build/ros_gz_example_bringup' returned '0': CMAKE_PREFIX_PATH=/home/sebastian-elliott-pedrosa/T1GR3/template_ws/install/ros_gz_example_gazebo:/home/sebastian-elliott-pedrosa/T1GR3/template_ws/install/ros_gz_example_description:/home/sebastian-elliott-pedrosa/T1GR3/template_ws/install/ros_gz_example_bringup:/home/sebastian-elliott-pedrosa/T1GR3/template_ws/install/ros_gz_example_application:/opt/ros/jazzy/opt/gz_sim_vendor:/opt/ros/jazzy/opt/gz_sensors_vendor:/opt/ros/jazzy/opt/gz_physics_vendor:/opt/ros/jazzy/opt/sdformat_vendor:/opt/ros/jazzy/opt/gz_gui_vendor:/opt/ros/jazzy/opt/gz_transport_vendor:/opt/ros/jazzy/opt/gz_rendering_vendor:/opt/ros/jazzy/opt/gz_plugin_vendor:/opt/ros/jazzy/opt/gz_fuel_tools_vendor:/opt/ros/jazzy/opt/gz_msgs_vendor:/opt/ros/jazzy/opt/gz_common_vendor:/opt/ros/jazzy/opt/gz_math_vendor:/opt/ros/jazzy/opt/gz_utils_vendor:/opt/ros/jazzy/opt/gz_tools_vendor:/opt/ros/jazzy/opt/gz_ogre_next_vendor:/opt/ros/jazzy/opt/gz_dartsim_vendor:/opt/ros/jazzy/opt/gz_cmake_vendor:/opt/ros/jazzy DEBUGINFOD_URLS=https://debuginfod.ubuntu.com GZ_SIM_PLUGIN_PATH=/home/sebastian-elliott-pedrosa/T1GR3/template_ws/install/ros_gz_example_gazebo/lib/ros_gz_example_gazebo GZ_SIM_RESOURCE_PATH=/home/sebastian-elliott-pedrosa/T1GR3/template_ws/install/ros_gz_example_description/share/ros_gz_example_description/models:${GZ_SIM_RESOURCE_PATH} VIRTUAL_ENV_PROMPT=(.venv) /usr/bin/cmake --install /home/sebastian-elliott-pedrosa/T1GR3/template_ws/build/ros_gz_example_bringup
