[0.007s] Invoking command in '/home/sebastian-elliott-pedrosa/T1GR3/template_ws/build/ros_gz_example_gazebo': CMAKE_PREFIX_PATH=/home/sebastian-elliott-pedrosa/T1GR3/template_ws/install/ros_gz_example_description:/home/sebastian-elliott-pedrosa/T1GR3/template_ws/install/ros_gz_example_bringup:/home/sebastian-elliott-pedrosa/T1GR3/template_ws/install/ros_gz_example_gazebo:/home/sebastian-elliott-pedrosa/T1GR3/template_ws/install/ros_gz_example_application:/opt/ros/jazzy/opt/gz_sim_vendor:/opt/ros/jazzy/opt/gz_sensors_vendor:/opt/ros/jazzy/opt/gz_physics_vendor:/opt/ros/jazzy/opt/sdformat_vendor:/opt/ros/jazzy/opt/gz_gui_vendor:/opt/ros/jazzy/opt/gz_transport_vendor:/opt/ros/jazzy/opt/gz_rendering_vendor:/opt/ros/jazzy/opt/gz_plugin_vendor:/opt/ros/jazzy/opt/gz_fuel_tools_vendor:/opt/ros/jazzy/opt/gz_msgs_vendor:/opt/ros/jazzy/opt/gz_common_vendor:/opt/ros/jazzy/opt/gz_math_vendor:/opt/ros/jazzy/opt/gz_utils_vendor:/opt/ros/jazzy/opt/gz_tools_vendor:/opt/ros/jazzy/opt/gz_ogre_next_vendor:/opt/ros/jazzy/opt/gz_dartsim_vendor:/opt/ros/jazzy/opt/gz_cmake_vendor:/opt/ros/jazzy DEBUGINFOD_URLS=https://debuginfod.ubuntu.com GZ_SIM_RESOURCE_PATH=/home/sebastian-elliott-pedrosa/T1GR3/template_ws/install/ros_gz_example_description/share/ros_gz_example_description/models:${GZ_SIM_RESOURCE_PATH} VIRTUAL_ENV_PROMPT=(.venv) /usr/bin/cmake /home/sebastian-elliott-pedrosa/T1GR3/template_ws/src/ros_gz_project_template/ros_gz_example_gazebo -DBUILD_TESTING=ON -DCMAKE_INSTALL_PREFIX=/home/sebastian-elliott-pedrosa/T1GR3/template_ws/install/ros_gz_example_gazebo
[0.060s] -- The C compiler identification is GNU 13.3.0
[0.112s] -- The CXX compiler identification is GNU 13.3.0
[0.129s] -- Detecting C compiler ABI info
[0.218s] -- Detecting C compiler ABI info - done
[0.227s] -- Check for working C compiler: /usr/bin/cc - skipped
[0.227s] -- Detecting C compile features
[0.227s] -- Detecting C compile features - done
[0.237s] -- Detecting CXX compiler ABI info
[0.336s] -- Detecting CXX compiler ABI info - done
[0.345s] -- Check for working CXX compiler: /usr/bin/c++ - skipped
[0.345s] -- Detecting CXX compile features
[0.346s] -- Detecting CXX compile features - done
[0.350s] -- Found ament_cmake: 2.5.3 (/opt/ros/jazzy/share/ament_cmake/cmake)
[0.455s] -- Found Python3: /home/sebastian-elliott-pedrosa/T1GR3/template_ws/.venv/bin/python3 (found version "3.12.3") found components: Interpreter 
[0.565s] -- Found ros_gz_example_description: 0.0.0 (/home/sebastian-elliott-pedrosa/T1GR3/template_ws/install/ros_gz_example_description/share/ros_gz_example_description/cmake)
[0.574s] -- Looking for gz-plugin2 -- found version 2.0.3
[0.574s] -- Searching for dependencies of gz-plugin2
[0.576s] -- Looking for gz-utils2 -- found version 2.2.0
[0.576s] -- Searching for dependencies of gz-utils2
[0.577s] -- Searching for <gz-utils2> component [cli]
[0.579s] -- Looking for gz-utils2-cli -- found version 2.2.0
[0.579s] -- Searching for dependencies of gz-utils2-cli
[0.580s] -- Searching for <gz-plugin2> component [register]
[0.582s] -- Looking for gz-plugin2-register -- found version 2.0.3
[0.582s] -- Searching for dependencies of gz-plugin2-register
[0.585s] -- Looking for gz-common5 -- found version 5.7.0
[0.585s] -- Searching for dependencies of gz-common5
[0.585s] -- Looking for gz-utils2 -- found version 2.2.0
[0.585s] -- Looking for dlfcn.h - found
[0.596s] -- Looking for libdl - found
[0.597s] -- Found DL: TRUE  
[0.603s] -- Checking for module 'uuid'
[0.619s] --   Found uuid, version 2.39.3
[0.657s] -- Found UUID: TRUE  
[0.657s] -- Searching for <gz-common5> component [profiler]
[0.660s] -- Looking for gz-common5-profiler -- found version 5.7.0
[0.660s] -- Searching for dependencies of gz-common5-profiler
[0.661s] -- Looking for gz-sim8 -- found version 8.8.0
[0.661s] -- Searching for dependencies of gz-sim8
[0.663s] -- Looking for sdformat14 -- found version 14.6.0
[0.663s] -- Searching for dependencies of sdformat14
[0.668s] -- Checking for module 'tinyxml2'
[0.684s] --   Found tinyxml2, version 10.0.0
[0.724s] -- Looking for gz-math7 -- found version 7.5.1
[0.724s] -- Searching for dependencies of gz-math7
[0.724s] -- Looking for gz-utils2 -- found version 2.2.0
[0.725s] -- Looking for gz-utils2 -- found version 2.2.0
[0.726s] -- Looking for gz-plugin2 -- found version 2.0.3
[0.726s] -- Searching for dependencies of gz-plugin2
[0.726s] -- Looking for gz-utils2 -- found version 2.2.0
[0.726s] -- Searching for <gz-plugin2> component [loader]
[0.728s] -- Looking for gz-plugin2-loader -- found version 2.0.3
[0.728s] -- Searching for dependencies of gz-plugin2-loader
[0.729s] -- Searching for <gz-plugin2> component [register]
[0.730s] -- Looking for gz-transport13 -- found version 13.4.0
[0.731s] -- Searching for dependencies of gz-transport13
[0.854s] -- Found Protobuf: /usr/lib/x86_64-linux-gnu/libprotobuf.so (found version "3.21.12") 
[0.870s] -- Config-file not installed for ZeroMQ -- checking for pkg-config
[0.874s] -- Checking for module 'libzmq >= 4'
[0.891s] --   Found libzmq, version 4.3.5
[0.941s] -- Found ZeroMQ: TRUE (Required is at least version "4") 
[0.948s] -- Looking for gz-utils2 -- found version 2.2.0
[0.950s] -- Looking for gz-msgs10 -- found version 10.3.1
[0.950s] -- Searching for dependencies of gz-msgs10
[0.974s] -- Looking for gz-utils2 -- found version 2.2.0
[0.974s] -- Looking for gz-math7 -- found version 7.5.1
[1.083s] -- Searching for <gz-transport13> component [log]
[1.085s] -- Looking for gz-transport13-log -- found version 13.4.0
[1.085s] -- Searching for dependencies of gz-transport13-log
[1.085s] -- Searching for <gz-transport13> component [parameters]
[1.087s] -- Looking for gz-transport13-parameters -- found version 13.4.0
[1.087s] -- Searching for dependencies of gz-transport13-parameters
[1.088s] -- Looking for gz-msgs10 -- found version 10.3.1
[1.088s] -- Looking for gz-common5 -- found version 5.7.0
[1.088s] -- Searching for dependencies of gz-common5
[1.089s] -- Looking for gz-utils2 -- found version 2.2.0
[1.089s] -- Looking for dlfcn.h - found
[1.089s] -- Looking for libdl - found
[1.097s] -- Searching for <gz-common5> component [av]
[1.099s] -- Looking for gz-common5-av -- found version 5.7.0
[1.099s] -- Searching for dependencies of gz-common5-av
[1.104s] -- Checking for module 'libswscale'
[1.122s] --   Found libswscale, version 7.5.100
[1.164s] -- Found SWSCALE: TRUE  
[1.169s] -- Checking for module 'libavdevice >= 56.4.100'
[1.186s] --   Found libavdevice, version 60.3.100
[1.240s] -- Found AVDEVICE: TRUE (Required is at least version "56.4.100") 
[1.246s] -- Checking for module 'libavformat'
[1.263s] --   Found libavformat, version 60.16.100
[1.307s] -- Found AVFORMAT: TRUE  
[1.312s] -- Checking for module 'libavcodec'
[1.330s] --   Found libavcodec, version 60.31.102
[1.373s] -- Found AVCODEC: TRUE  
[1.378s] -- Checking for module 'libavutil'
[1.395s] --   Found libavutil, version 58.29.100
[1.436s] -- Found AVUTIL: TRUE  
[1.437s] -- Searching for <gz-common5> component [events]
[1.439s] -- Looking for gz-common5-events -- found version 5.7.0
[1.439s] -- Searching for dependencies of gz-common5-events
[1.440s] -- Looking for gz-math7 -- found version 7.5.1
[1.440s] -- Searching for <gz-common5> component [graphics]
[1.442s] -- Looking for gz-common5-graphics -- found version 5.7.0
[1.442s] -- Searching for dependencies of gz-common5-graphics
[1.443s] -- Looking for gz-math7 -- found version 7.5.1
[1.449s] -- Found GzAssimp: TRUE (found version "5.3.0") 
[1.449s] -- Searching for <gz-common5> component [io]
[1.451s] -- Looking for gz-common5-io -- found version 5.7.0
[1.451s] -- Searching for dependencies of gz-common5-io
[1.452s] -- Searching for <gz-common5> component [profiler]
[1.454s] -- Looking for gz-fuel_tools9 -- found version 9.1.0
[1.454s] -- Searching for dependencies of gz-fuel_tools9
[1.555s] -- Found CURL: /usr/lib/x86_64-linux-gnu/libcurl.so (found version "8.5.0")  
[1.566s] -- Checking for module 'jsoncpp'
[1.583s] --   Found jsoncpp, version 1.9.5
[1.623s] -- Found JSONCPP: TRUE  
[1.644s] -- Checking for module 'yaml-0.1'
[1.661s] --   Found yaml-0.1, version 0.2.5
[1.701s] -- Found YAML: TRUE  
[1.707s] -- Checking for module 'libzip'
[1.724s] --   Found libzip, version 1.7.3
[1.765s] -- Found ZIP: TRUE  
[1.765s] -- Looking for gz-utils2 -- found version 2.2.0
[1.765s] -- Looking for gz-common5 -- found version 5.7.0
[1.766s] -- Searching for dependencies of gz-common5
[1.766s] -- Looking for gz-utils2 -- found version 2.2.0
[1.766s] -- Looking for dlfcn.h - found
[1.766s] -- Looking for libdl - found
[1.773s] -- Searching for <gz-common5> component [testing]
[1.775s] -- Looking for gz-common5-testing -- found version 5.7.0
[1.775s] -- Searching for dependencies of gz-common5-testing
[1.776s] -- Looking for gz-math7 -- found version 7.5.1
[1.776s] -- Looking for gz-msgs10 -- found version 10.3.1
[1.778s] -- Looking for gz-gui8 -- found version 8.3.0
[1.779s] -- Searching for dependencies of gz-gui8
[1.808s] -- Looking for gz-utils2 -- found version 2.2.0
[1.808s] -- Looking for gz-math7 -- found version 7.5.1
[1.808s] -- Looking for gz-common5 -- found version 5.7.0
[1.809s] -- Looking for gz-plugin2 -- found version 2.0.3
[1.809s] -- Looking for gz-transport13 -- found version 13.4.0
[1.811s] -- Looking for gz-rendering8 -- found version 8.2.1
[1.811s] -- Searching for dependencies of gz-rendering8
[1.811s] -- Looking for gz-math7 -- found version 7.5.1
[1.812s] -- Searching for dependencies of gz-math7
[1.812s] -- Looking for gz-utils2 -- found version 2.2.0
[1.812s] -- Searching for <gz-math7> component [eigen3]
[1.814s] -- Looking for gz-math7-eigen3 -- found version 7.5.1
[1.814s] -- Searching for dependencies of gz-math7-eigen3
[1.826s] -- Looking for gz-common5 -- found version 5.7.0
[1.826s] -- Searching for dependencies of gz-common5
[1.826s] -- Looking for gz-utils2 -- found version 2.2.0
[1.826s] -- Looking for dlfcn.h - found
[1.826s] -- Looking for libdl - found
[1.834s] -- Searching for <gz-common5> component [graphics]
[1.834s] -- Searching for <gz-common5> component [events]
[1.834s] -- Searching for <gz-common5> component [geospatial]
[1.836s] -- Looking for gz-common5-geospatial -- found version 5.7.0
[1.836s] -- Searching for dependencies of gz-common5-geospatial
[1.837s] -- Looking for gz-math7 -- found version 7.5.1
[1.837s] -- Looking for gz-common5 -- found version 5.7.0
[1.838s] -- Looking for gz-plugin2 -- found version 2.0.3
[1.838s] -- Searching for dependencies of gz-plugin2
[1.838s] -- Looking for gz-utils2 -- found version 2.2.0
[1.838s] -- Searching for <gz-plugin2> component [all]
[1.840s] -- Looking for all libraries of gz-plugin2 -- found version 2.0.3
[1.841s] -- Looking for gz-plugin2 -- found version 2.0.3
[1.841s] -- Looking for gz-utils2 -- found version 2.2.0
[1.853s] -- Found OpenGL: /usr/lib/x86_64-linux-gnu/libOpenGL.so  found components: OpenGL 
[1.854s] -- Looking for gz-msgs10 -- found version 10.3.1
[1.877s] -- Looking for gz-physics7 -- found version 7.4.0
[1.877s] -- Searching for dependencies of gz-physics7
[1.877s] -- Looking for gz-common5 -- found version 5.7.0
[1.878s] -- Looking for gz-math7 -- found version 7.5.1
[1.878s] -- Looking for gz-plugin2 -- found version 2.0.3
[1.878s] -- Looking for gz-utils2 -- found version 2.2.0
[1.879s] -- Searching for <gz-physics7> component [heightmap]
[1.880s] -- Looking for gz-physics7-heightmap -- found version 7.4.0
[1.881s] -- Searching for dependencies of gz-physics7-heightmap
[1.881s] -- Looking for gz-common5 -- found version 5.7.0
[1.881s] -- Searching for <gz-physics7> component [mesh]
[1.883s] -- Looking for gz-physics7-mesh -- found version 7.4.0
[1.883s] -- Searching for dependencies of gz-physics7-mesh
[1.883s] -- Looking for gz-common5 -- found version 5.7.0
[1.883s] -- Searching for <gz-physics7> component [sdf]
[1.885s] -- Looking for gz-physics7-sdf -- found version 7.4.0
[1.885s] -- Searching for dependencies of gz-physics7-sdf
[1.885s] -- Looking for sdformat14 -- found version 14.6.0
[1.887s] -- Looking for gz-sensors8 -- found version 8.2.1
[1.887s] -- Searching for dependencies of gz-sensors8
[1.911s] -- Looking for gz-math7 -- found version 7.5.1
[1.911s] -- Looking for gz-common5 -- found version 5.7.0
[1.912s] -- Looking for gz-transport13 -- found version 13.4.0
[1.912s] -- Looking for gz-rendering8 -- found version 8.2.1
[1.912s] -- Looking for gz-msgs10 -- found version 10.3.1
[1.913s] -- Looking for sdformat14 -- found version 14.6.0
[1.913s] -- Searching for <gz-sensors8> component [air_pressure]
[1.914s] -- Looking for gz-sensors8-air_pressure -- found version 8.2.1
[1.914s] -- Searching for dependencies of gz-sensors8-air_pressure
[1.915s] -- Searching for <gz-sensors8> component [air_speed]
[1.916s] -- Looking for gz-sensors8-air_speed -- found version 8.2.1
[1.916s] -- Searching for dependencies of gz-sensors8-air_speed
[1.916s] -- Searching for <gz-sensors8> component [altimeter]
[1.918s] -- Looking for gz-sensors8-altimeter -- found version 8.2.1
[1.918s] -- Searching for dependencies of gz-sensors8-altimeter
[1.918s] -- Searching for <gz-sensors8> component [imu]
[1.919s] -- Looking for gz-sensors8-imu -- found version 8.2.1
[1.919s] -- Searching for dependencies of gz-sensors8-imu
[1.920s] -- Searching for <gz-sensors8> component [force_torque]
[1.921s] -- Looking for gz-sensors8-force_torque -- found version 8.2.1
[1.921s] -- Searching for dependencies of gz-sensors8-force_torque
[1.921s] -- Searching for <gz-sensors8> component [logical_camera]
[1.923s] -- Looking for gz-sensors8-logical_camera -- found version 8.2.1
[1.923s] -- Searching for dependencies of gz-sensors8-logical_camera
[1.923s] -- Searching for <gz-sensors8> component [magnetometer]
[1.924s] -- Looking for gz-sensors8-magnetometer -- found version 8.2.1
[1.924s] -- Searching for dependencies of gz-sensors8-magnetometer
[1.925s] -- Searching for <gz-sensors8> component [navsat]
[1.926s] -- Looking for gz-sensors8-navsat -- found version 8.2.1
[1.926s] -- Searching for dependencies of gz-sensors8-navsat
[1.926s] -- Searching for <gz-sensors8> component [dvl]
[1.928s] -- Looking for gz-sensors8-dvl -- found version 8.2.1
[1.928s] -- Searching for dependencies of gz-sensors8-dvl
[1.928s] -- Looking for gz-sensors8 -- found version 8.2.1
[1.928s] -- Searching for dependencies of gz-sensors8
[1.952s] -- Looking for gz-math7 -- found version 7.5.1
[1.952s] -- Looking for gz-common5 -- found version 5.7.0
[1.953s] -- Looking for gz-transport13 -- found version 13.4.0
[1.953s] -- Looking for gz-rendering8 -- found version 8.2.1
[1.953s] -- Looking for gz-msgs10 -- found version 10.3.1
[1.954s] -- Looking for sdformat14 -- found version 14.6.0
[1.954s] -- Searching for <gz-sensors8> component [rendering]
[1.955s] -- Looking for gz-sensors8-rendering -- found version 8.2.1
[1.955s] -- Searching for dependencies of gz-sensors8-rendering
[1.956s] -- Searching for <gz-sensors8> component [rendering]
[1.956s] -- Searching for <gz-sensors8> component [lidar]
[1.957s] -- Looking for gz-sensors8-lidar -- found version 8.2.1
[1.957s] -- Searching for dependencies of gz-sensors8-lidar
[1.958s] -- Looking for gz-sensors8 -- found version 8.2.1
[1.958s] -- Searching for <gz-sensors8> component [gpu_lidar]
[1.959s] -- Looking for gz-sensors8-gpu_lidar -- found version 8.2.1
[1.960s] -- Searching for dependencies of gz-sensors8-gpu_lidar
[1.960s] -- Looking for gz-sensors8 -- found version 8.2.1
[1.960s] -- Searching for <gz-sensors8> component [camera]
[1.961s] -- Looking for gz-sensors8-camera -- found version 8.2.1
[1.962s] -- Searching for dependencies of gz-sensors8-camera
[1.962s] -- Looking for gz-sensors8 -- found version 8.2.1
[1.962s] -- Searching for <gz-sensors8> component [boundingbox_camera]
[1.963s] -- Looking for gz-sensors8-boundingbox_camera -- found version 8.2.1
[1.964s] -- Searching for dependencies of gz-sensors8-boundingbox_camera
[1.964s] -- Searching for <gz-sensors8> component [segmentation_camera]
[1.965s] -- Looking for gz-sensors8-segmentation_camera -- found version 8.2.1
[1.965s] -- Searching for dependencies of gz-sensors8-segmentation_camera
[1.966s] -- Searching for <gz-sensors8> component [depth_camera]
[1.967s] -- Looking for gz-sensors8-depth_camera -- found version 8.2.1
[1.967s] -- Searching for dependencies of gz-sensors8-depth_camera
[1.967s] -- Looking for gz-sensors8 -- found version 8.2.1
[1.968s] -- Searching for <gz-sensors8> component [rgbd_camera]
[1.969s] -- Looking for gz-sensors8-rgbd_camera -- found version 8.2.1
[1.969s] -- Searching for dependencies of gz-sensors8-rgbd_camera
[1.969s] -- Looking for gz-sensors8 -- found version 8.2.1
[1.970s] -- Searching for <gz-sensors8> component [thermal_camera]
[1.971s] -- Looking for gz-sensors8-thermal_camera -- found version 8.2.1
[1.971s] -- Searching for dependencies of gz-sensors8-thermal_camera
[1.971s] -- Looking for gz-sensors8 -- found version 8.2.1
[1.972s] -- Searching for <gz-sensors8> component [wide_angle_camera]
[1.973s] -- Looking for gz-sensors8-wide_angle_camera -- found version 8.2.1
[1.973s] -- Searching for dependencies of gz-sensors8-wide_angle_camera
[1.974s] -- Looking for gz-rendering8 -- found version 8.2.1
[1.974s] -- Looking for gz-math7 -- found version 7.5.1
[1.975s] -- Looking for gz-utils2 -- found version 2.2.0
[1.999s] -- Compiling against Gazebo Harmonic
[2.002s] -- Found ament_lint_auto: 0.17.1 (/opt/ros/jazzy/share/ament_lint_auto/cmake)
[2.073s] -- Configuring done (2.1s)
[2.093s] -- Generating done (0.0s)
[2.098s] -- Build files have been written to: /home/sebastian-elliott-pedrosa/T1GR3/template_ws/build/ros_gz_example_gazebo
[2.108s] Invoked command in '/home/sebastian-elliott-pedrosa/T1GR3/template_ws/build/ros_gz_example_gazebo' returned '0': CMAKE_PREFIX_PATH=/home/sebastian-elliott-pedrosa/T1GR3/template_ws/install/ros_gz_example_description:/home/sebastian-elliott-pedrosa/T1GR3/template_ws/install/ros_gz_example_bringup:/home/sebastian-elliott-pedrosa/T1GR3/template_ws/install/ros_gz_example_gazebo:/home/sebastian-elliott-pedrosa/T1GR3/template_ws/install/ros_gz_example_application:/opt/ros/jazzy/opt/gz_sim_vendor:/opt/ros/jazzy/opt/gz_sensors_vendor:/opt/ros/jazzy/opt/gz_physics_vendor:/opt/ros/jazzy/opt/sdformat_vendor:/opt/ros/jazzy/opt/gz_gui_vendor:/opt/ros/jazzy/opt/gz_transport_vendor:/opt/ros/jazzy/opt/gz_rendering_vendor:/opt/ros/jazzy/opt/gz_plugin_vendor:/opt/ros/jazzy/opt/gz_fuel_tools_vendor:/opt/ros/jazzy/opt/gz_msgs_vendor:/opt/ros/jazzy/opt/gz_common_vendor:/opt/ros/jazzy/opt/gz_math_vendor:/opt/ros/jazzy/opt/gz_utils_vendor:/opt/ros/jazzy/opt/gz_tools_vendor:/opt/ros/jazzy/opt/gz_ogre_next_vendor:/opt/ros/jazzy/opt/gz_dartsim_vendor:/opt/ros/jazzy/opt/gz_cmake_vendor:/opt/ros/jazzy DEBUGINFOD_URLS=https://debuginfod.ubuntu.com GZ_SIM_RESOURCE_PATH=/home/sebastian-elliott-pedrosa/T1GR3/template_ws/install/ros_gz_example_description/share/ros_gz_example_description/models:${GZ_SIM_RESOURCE_PATH} VIRTUAL_ENV_PROMPT=(.venv) /usr/bin/cmake /home/sebastian-elliott-pedrosa/T1GR3/template_ws/src/ros_gz_project_template/ros_gz_example_gazebo -DBUILD_TESTING=ON -DCMAKE_INSTALL_PREFIX=/home/sebastian-elliott-pedrosa/T1GR3/template_ws/install/ros_gz_example_gazebo
[2.109s] Invoking command in '/home/sebastian-elliott-pedrosa/T1GR3/template_ws/build/ros_gz_example_gazebo': CMAKE_PREFIX_PATH=/home/sebastian-elliott-pedrosa/T1GR3/template_ws/install/ros_gz_example_description:/home/sebastian-elliott-pedrosa/T1GR3/template_ws/install/ros_gz_example_bringup:/home/sebastian-elliott-pedrosa/T1GR3/template_ws/install/ros_gz_example_gazebo:/home/sebastian-elliott-pedrosa/T1GR3/template_ws/install/ros_gz_example_application:/opt/ros/jazzy/opt/gz_sim_vendor:/opt/ros/jazzy/opt/gz_sensors_vendor:/opt/ros/jazzy/opt/gz_physics_vendor:/opt/ros/jazzy/opt/sdformat_vendor:/opt/ros/jazzy/opt/gz_gui_vendor:/opt/ros/jazzy/opt/gz_transport_vendor:/opt/ros/jazzy/opt/gz_rendering_vendor:/opt/ros/jazzy/opt/gz_plugin_vendor:/opt/ros/jazzy/opt/gz_fuel_tools_vendor:/opt/ros/jazzy/opt/gz_msgs_vendor:/opt/ros/jazzy/opt/gz_common_vendor:/opt/ros/jazzy/opt/gz_math_vendor:/opt/ros/jazzy/opt/gz_utils_vendor:/opt/ros/jazzy/opt/gz_tools_vendor:/opt/ros/jazzy/opt/gz_ogre_next_vendor:/opt/ros/jazzy/opt/gz_dartsim_vendor:/opt/ros/jazzy/opt/gz_cmake_vendor:/opt/ros/jazzy DEBUGINFOD_URLS=https://debuginfod.ubuntu.com GZ_SIM_RESOURCE_PATH=/home/sebastian-elliott-pedrosa/T1GR3/template_ws/install/ros_gz_example_description/share/ros_gz_example_description/models:${GZ_SIM_RESOURCE_PATH} VIRTUAL_ENV_PROMPT=(.venv) /usr/bin/cmake --build /home/sebastian-elliott-pedrosa/T1GR3/template_ws/build/ros_gz_example_gazebo -- -j24 -l24
[2.166s] [ 50%] [32mBuilding CXX object CMakeFiles/FullSystem.dir/src/FullSystem.cc.o[0m
[2.166s] [ 50%] [32mBuilding CXX object CMakeFiles/BasicSystem.dir/src/BasicSystem.cc.o[0m
[3.655s] [ 75%] [32m[1mLinking CXX shared library libBasicSystem.so[0m
[3.742s] [100%] [32m[1mLinking CXX shared library libFullSystem.so[0m
[3.796s] [100%] Built target BasicSystem
[3.874s] [100%] Built target FullSystem
[3.889s] Invoked command in '/home/sebastian-elliott-pedrosa/T1GR3/template_ws/build/ros_gz_example_gazebo' returned '0': CMAKE_PREFIX_PATH=/home/sebastian-elliott-pedrosa/T1GR3/template_ws/install/ros_gz_example_description:/home/sebastian-elliott-pedrosa/T1GR3/template_ws/install/ros_gz_example_bringup:/home/sebastian-elliott-pedrosa/T1GR3/template_ws/install/ros_gz_example_gazebo:/home/sebastian-elliott-pedrosa/T1GR3/template_ws/install/ros_gz_example_application:/opt/ros/jazzy/opt/gz_sim_vendor:/opt/ros/jazzy/opt/gz_sensors_vendor:/opt/ros/jazzy/opt/gz_physics_vendor:/opt/ros/jazzy/opt/sdformat_vendor:/opt/ros/jazzy/opt/gz_gui_vendor:/opt/ros/jazzy/opt/gz_transport_vendor:/opt/ros/jazzy/opt/gz_rendering_vendor:/opt/ros/jazzy/opt/gz_plugin_vendor:/opt/ros/jazzy/opt/gz_fuel_tools_vendor:/opt/ros/jazzy/opt/gz_msgs_vendor:/opt/ros/jazzy/opt/gz_common_vendor:/opt/ros/jazzy/opt/gz_math_vendor:/opt/ros/jazzy/opt/gz_utils_vendor:/opt/ros/jazzy/opt/gz_tools_vendor:/opt/ros/jazzy/opt/gz_ogre_next_vendor:/opt/ros/jazzy/opt/gz_dartsim_vendor:/opt/ros/jazzy/opt/gz_cmake_vendor:/opt/ros/jazzy DEBUGINFOD_URLS=https://debuginfod.ubuntu.com GZ_SIM_RESOURCE_PATH=/home/sebastian-elliott-pedrosa/T1GR3/template_ws/install/ros_gz_example_description/share/ros_gz_example_description/models:${GZ_SIM_RESOURCE_PATH} VIRTUAL_ENV_PROMPT=(.venv) /usr/bin/cmake --build /home/sebastian-elliott-pedrosa/T1GR3/template_ws/build/ros_gz_example_gazebo -- -j24 -l24
[3.890s] Invoking command in '/home/sebastian-elliott-pedrosa/T1GR3/template_ws/build/ros_gz_example_gazebo': CMAKE_PREFIX_PATH=/home/sebastian-elliott-pedrosa/T1GR3/template_ws/install/ros_gz_example_description:/home/sebastian-elliott-pedrosa/T1GR3/template_ws/install/ros_gz_example_bringup:/home/sebastian-elliott-pedrosa/T1GR3/template_ws/install/ros_gz_example_gazebo:/home/sebastian-elliott-pedrosa/T1GR3/template_ws/install/ros_gz_example_application:/opt/ros/jazzy/opt/gz_sim_vendor:/opt/ros/jazzy/opt/gz_sensors_vendor:/opt/ros/jazzy/opt/gz_physics_vendor:/opt/ros/jazzy/opt/sdformat_vendor:/opt/ros/jazzy/opt/gz_gui_vendor:/opt/ros/jazzy/opt/gz_transport_vendor:/opt/ros/jazzy/opt/gz_rendering_vendor:/opt/ros/jazzy/opt/gz_plugin_vendor:/opt/ros/jazzy/opt/gz_fuel_tools_vendor:/opt/ros/jazzy/opt/gz_msgs_vendor:/opt/ros/jazzy/opt/gz_common_vendor:/opt/ros/jazzy/opt/gz_math_vendor:/opt/ros/jazzy/opt/gz_utils_vendor:/opt/ros/jazzy/opt/gz_tools_vendor:/opt/ros/jazzy/opt/gz_ogre_next_vendor:/opt/ros/jazzy/opt/gz_dartsim_vendor:/opt/ros/jazzy/opt/gz_cmake_vendor:/opt/ros/jazzy DEBUGINFOD_URLS=https://debuginfod.ubuntu.com GZ_SIM_RESOURCE_PATH=/home/sebastian-elliott-pedrosa/T1GR3/template_ws/install/ros_gz_example_description/share/ros_gz_example_description/models:${GZ_SIM_RESOURCE_PATH} VIRTUAL_ENV_PROMPT=(.venv) /usr/bin/cmake --install /home/sebastian-elliott-pedrosa/T1GR3/template_ws/build/ros_gz_example_gazebo
[3.898s] -- Install configuration: ""
[3.898s] -- Installing: /home/sebastian-elliott-pedrosa/T1GR3/template_ws/install/ros_gz_example_gazebo/lib/ros_gz_example_gazebo/libBasicSystem.so
[3.899s] -- Set non-toolchain portion of runtime path of "/home/sebastian-elliott-pedrosa/T1GR3/template_ws/install/ros_gz_example_gazebo/lib/ros_gz_example_gazebo/libBasicSystem.so" to ""
[3.899s] -- Installing: /home/sebastian-elliott-pedrosa/T1GR3/template_ws/install/ros_gz_example_gazebo/lib/ros_gz_example_gazebo/libFullSystem.so
[3.900s] -- Set non-toolchain portion of runtime path of "/home/sebastian-elliott-pedrosa/T1GR3/template_ws/install/ros_gz_example_gazebo/lib/ros_gz_example_gazebo/libFullSystem.so" to ""
[3.900s] -- Installing: /home/sebastian-elliott-pedrosa/T1GR3/template_ws/install/ros_gz_example_gazebo/share/ros_gz_example_gazebo/worlds
[3.900s] -- Installing: /home/sebastian-elliott-pedrosa/T1GR3/template_ws/install/ros_gz_example_gazebo/share/ros_gz_example_gazebo/worlds/diff_drive.sdf
[3.900s] -- Installing: /home/sebastian-elliott-pedrosa/T1GR3/template_ws/install/ros_gz_example_gazebo/share/ros_gz_example_gazebo/environment/ros_gz_example_gazebo.dsv
[3.900s] -- Installing: /home/sebastian-elliott-pedrosa/T1GR3/template_ws/install/ros_gz_example_gazebo/share/ros_gz_example_gazebo/environment/ros_gz_example_gazebo.sh
[3.900s] -- Installing: /home/sebastian-elliott-pedrosa/T1GR3/template_ws/install/ros_gz_example_gazebo/share/ament_index/resource_index/package_run_dependencies/ros_gz_example_gazebo
[3.901s] -- Installing: /home/sebastian-elliott-pedrosa/T1GR3/template_ws/install/ros_gz_example_gazebo/share/ament_index/resource_index/parent_prefix_path/ros_gz_example_gazebo
[3.901s] -- Installing: /home/sebastian-elliott-pedrosa/T1GR3/template_ws/install/ros_gz_example_gazebo/share/ros_gz_example_gazebo/environment/ament_prefix_path.sh
[3.901s] -- Installing: /home/sebastian-elliott-pedrosa/T1GR3/template_ws/install/ros_gz_example_gazebo/share/ros_gz_example_gazebo/environment/ament_prefix_path.dsv
[3.901s] -- Installing: /home/sebastian-elliott-pedrosa/T1GR3/template_ws/install/ros_gz_example_gazebo/share/ros_gz_example_gazebo/environment/path.sh
[3.901s] -- Installing: /home/sebastian-elliott-pedrosa/T1GR3/template_ws/install/ros_gz_example_gazebo/share/ros_gz_example_gazebo/environment/path.dsv
[3.901s] -- Installing: /home/sebastian-elliott-pedrosa/T1GR3/template_ws/install/ros_gz_example_gazebo/share/ros_gz_example_gazebo/local_setup.bash
[3.901s] -- Installing: /home/sebastian-elliott-pedrosa/T1GR3/template_ws/install/ros_gz_example_gazebo/share/ros_gz_example_gazebo/local_setup.sh
[3.902s] -- Installing: /home/sebastian-elliott-pedrosa/T1GR3/template_ws/install/ros_gz_example_gazebo/share/ros_gz_example_gazebo/local_setup.zsh
[3.902s] -- Installing: /home/sebastian-elliott-pedrosa/T1GR3/template_ws/install/ros_gz_example_gazebo/share/ros_gz_example_gazebo/local_setup.dsv
[3.902s] -- Installing: /home/sebastian-elliott-pedrosa/T1GR3/template_ws/install/ros_gz_example_gazebo/share/ros_gz_example_gazebo/package.dsv
[3.902s] -- Installing: /home/sebastian-elliott-pedrosa/T1GR3/template_ws/install/ros_gz_example_gazebo/share/ament_index/resource_index/packages/ros_gz_example_gazebo
[3.902s] -- Installing: /home/sebastian-elliott-pedrosa/T1GR3/template_ws/install/ros_gz_example_gazebo/share/ros_gz_example_gazebo/cmake/ros_gz_example_gazeboConfig.cmake
[3.902s] -- Installing: /home/sebastian-elliott-pedrosa/T1GR3/template_ws/install/ros_gz_example_gazebo/share/ros_gz_example_gazebo/cmake/ros_gz_example_gazeboConfig-version.cmake
[3.902s] -- Installing: /home/sebastian-elliott-pedrosa/T1GR3/template_ws/install/ros_gz_example_gazebo/share/ros_gz_example_gazebo/package.xml
[3.905s] Invoked command in '/home/sebastian-elliott-pedrosa/T1GR3/template_ws/build/ros_gz_example_gazebo' returned '0': CMAKE_PREFIX_PATH=/home/sebastian-elliott-pedrosa/T1GR3/template_ws/install/ros_gz_example_description:/home/sebastian-elliott-pedrosa/T1GR3/template_ws/install/ros_gz_example_bringup:/home/sebastian-elliott-pedrosa/T1GR3/template_ws/install/ros_gz_example_gazebo:/home/sebastian-elliott-pedrosa/T1GR3/template_ws/install/ros_gz_example_application:/opt/ros/jazzy/opt/gz_sim_vendor:/opt/ros/jazzy/opt/gz_sensors_vendor:/opt/ros/jazzy/opt/gz_physics_vendor:/opt/ros/jazzy/opt/sdformat_vendor:/opt/ros/jazzy/opt/gz_gui_vendor:/opt/ros/jazzy/opt/gz_transport_vendor:/opt/ros/jazzy/opt/gz_rendering_vendor:/opt/ros/jazzy/opt/gz_plugin_vendor:/opt/ros/jazzy/opt/gz_fuel_tools_vendor:/opt/ros/jazzy/opt/gz_msgs_vendor:/opt/ros/jazzy/opt/gz_common_vendor:/opt/ros/jazzy/opt/gz_math_vendor:/opt/ros/jazzy/opt/gz_utils_vendor:/opt/ros/jazzy/opt/gz_tools_vendor:/opt/ros/jazzy/opt/gz_ogre_next_vendor:/opt/ros/jazzy/opt/gz_dartsim_vendor:/opt/ros/jazzy/opt/gz_cmake_vendor:/opt/ros/jazzy DEBUGINFOD_URLS=https://debuginfod.ubuntu.com GZ_SIM_RESOURCE_PATH=/home/sebastian-elliott-pedrosa/T1GR3/template_ws/install/ros_gz_example_description/share/ros_gz_example_description/models:${GZ_SIM_RESOURCE_PATH} VIRTUAL_ENV_PROMPT=(.venv) /usr/bin/cmake --install /home/sebastian-elliott-pedrosa/T1GR3/template_ws/build/ros_gz_example_gazebo
