[0.007s] Invoking command in '/home/sebastian-elliott-pedrosa/template_ws/build/ros_gz_example_gazebo': CMAKE_PREFIX_PATH=/home/sebastian-elliott-pedrosa/template_ws/install/ros_gz_example_description:/home/sebastian-elliott-pedrosa/template_ws/install/ros_gz_example_bringup:/home/sebastian-elliott-pedrosa/template_ws/install/ros_gz_example_gazebo:/home/sebastian-elliott-pedrosa/template_ws/install/ros_gz_example_application:/opt/ros/jazzy/opt/gz_sim_vendor:/opt/ros/jazzy/opt/gz_sensors_vendor:/opt/ros/jazzy/opt/gz_physics_vendor:/opt/ros/jazzy/opt/sdformat_vendor:/opt/ros/jazzy/opt/gz_gui_vendor:/opt/ros/jazzy/opt/gz_transport_vendor:/opt/ros/jazzy/opt/gz_rendering_vendor:/opt/ros/jazzy/opt/gz_plugin_vendor:/opt/ros/jazzy/opt/gz_fuel_tools_vendor:/opt/ros/jazzy/opt/gz_msgs_vendor:/opt/ros/jazzy/opt/gz_common_vendor:/opt/ros/jazzy/opt/gz_math_vendor:/opt/ros/jazzy/opt/gz_utils_vendor:/opt/ros/jazzy/opt/gz_tools_vendor:/opt/ros/jazzy/opt/gz_ogre_next_vendor:/opt/ros/jazzy/opt/gz_dartsim_vendor:/opt/ros/jazzy/opt/gz_cmake_vendor:/opt/ros/jazzy DEBUGINFOD_URLS=https://debuginfod.ubuntu.com GZ_SIM_RESOURCE_PATH=/home/sebastian-elliott-pedrosa/template_ws/install/ros_gz_example_description/share/ros_gz_example_description/models:${GZ_SIM_RESOURCE_PATH} VIRTUAL_ENV_PROMPT=(env) /usr/bin/cmake /home/sebastian-elliott-pedrosa/template_ws/src/ros_gz_project_template/ros_gz_example_gazebo -DAMENT_CMAKE_SYMLINK_INSTALL=1 -DCMAKE_INSTALL_PREFIX=/home/sebastian-elliott-pedrosa/template_ws/install/ros_gz_example_gazebo
[0.021s] -- Found ament_cmake: 2.5.3 (/opt/ros/jazzy/share/ament_cmake/cmake)
[0.195s] -- Override CMake install command with custom implementation using symlinks instead of copying resources
[0.201s] -- Found ros_gz_example_description: 0.0.0 (/home/sebastian-elliott-pedrosa/template_ws/install/ros_gz_example_description/share/ros_gz_example_description/cmake)
[0.206s] -- Looking for gz-plugin2 -- found version 2.0.4
[0.207s] -- Searching for dependencies of gz-plugin2
[0.207s] -- Looking for gz-utils2 -- found version 2.2.0
[0.207s] -- Searching for dependencies of gz-utils2
[0.208s] -- Searching for <gz-utils2> component [cli]
[0.208s] -- Looking for gz-utils2-cli -- found version 2.2.0
[0.208s] -- Searching for dependencies of gz-utils2-cli
[0.209s] -- Searching for <gz-plugin2> component [register]
[0.209s] -- Looking for gz-plugin2-register -- found version 2.0.4
[0.209s] -- Searching for dependencies of gz-plugin2-register
[0.210s] -- Looking for gz-common5 -- found version 5.7.1
[0.210s] -- Searching for dependencies of gz-common5
[0.210s] -- Looking for gz-utils2 -- found version 2.2.0
[0.210s] -- Looking for dlfcn.h - found
[0.211s] -- Looking for libdl - found
[0.217s] -- Checking for module 'uuid'
[0.232s] --   Found uuid, version 2.39.3
[0.268s] -- Searching for <gz-common5> component [profiler]
[0.268s] -- Looking for gz-common5-profiler -- found version 5.7.1
[0.268s] -- Searching for dependencies of gz-common5-profiler
[0.269s] -- Looking for gz-sim8 -- found version 8.9.0
[0.269s] -- Searching for dependencies of gz-sim8
[0.270s] -- Looking for sdformat14 -- found version 14.7.0
[0.270s] -- Searching for dependencies of sdformat14
[0.275s] -- Checking for module 'tinyxml2'
[0.290s] --   Found tinyxml2, version 10.0.0
[0.324s] -- Looking for gz-math7 -- found version 7.5.1
[0.324s] -- Searching for dependencies of gz-math7
[0.325s] -- Looking for gz-utils2 -- found version 2.2.0
[0.326s] -- Looking for gz-utils2 -- found version 2.2.0
[0.326s] -- Looking for gz-plugin2 -- found version 2.0.4
[0.327s] -- Searching for dependencies of gz-plugin2
[0.327s] -- Looking for gz-utils2 -- found version 2.2.0
[0.327s] -- Searching for <gz-plugin2> component [loader]
[0.327s] -- Looking for gz-plugin2-loader -- found version 2.0.4
[0.327s] -- Searching for dependencies of gz-plugin2-loader
[0.328s] -- Searching for <gz-plugin2> component [register]
[0.328s] -- Looking for gz-transport13 -- found version 13.4.1
[0.328s] -- Searching for dependencies of gz-transport13
[0.368s] -- Config-file not installed for ZeroMQ -- checking for pkg-config
[0.372s] -- Checking for module 'libzmq >= 4'
[0.388s] --   Found libzmq, version 4.3.5
[0.440s] -- Looking for gz-utils2 -- found version 2.2.0
[0.441s] -- Looking for gz-msgs10 -- found version 10.3.2
[0.441s] -- Searching for dependencies of gz-msgs10
[0.464s] -- Looking for gz-utils2 -- found version 2.2.0
[0.465s] -- Looking for gz-math7 -- found version 7.5.1
[0.471s] -- Searching for <gz-transport13> component [log]
[0.471s] -- Looking for gz-transport13-log -- found version 13.4.1
[0.472s] -- Searching for dependencies of gz-transport13-log
[0.472s] -- Searching for <gz-transport13> component [parameters]
[0.472s] -- Looking for gz-transport13-parameters -- found version 13.4.1
[0.472s] -- Searching for dependencies of gz-transport13-parameters
[0.473s] -- Looking for gz-msgs10 -- found version 10.3.2
[0.474s] -- Looking for gz-common5 -- found version 5.7.1
[0.474s] -- Searching for dependencies of gz-common5
[0.474s] -- Looking for gz-utils2 -- found version 2.2.0
[0.474s] -- Looking for dlfcn.h - found
[0.474s] -- Looking for libdl - found
[0.481s] -- Searching for <gz-common5> component [av]
[0.481s] -- Looking for gz-common5-av -- found version 5.7.1
[0.482s] -- Searching for dependencies of gz-common5-av
[0.486s] -- Checking for module 'libswscale'
[0.503s] --   Found libswscale, version 7.5.100
[0.546s] -- Checking for module 'libavdevice >= 56.4.100'
[0.562s] --   Found libavdevice, version 60.3.100
[0.618s] -- Checking for module 'libavformat'
[0.634s] --   Found libavformat, version 60.16.100
[0.680s] -- Checking for module 'libavcodec'
[0.698s] --   Found libavcodec, version 60.31.102
[0.743s] -- Checking for module 'libavutil'
[0.759s] --   Found libavutil, version 58.29.100
[0.797s] -- Searching for <gz-common5> component [events]
[0.797s] -- Looking for gz-common5-events -- found version 5.7.1
[0.797s] -- Searching for dependencies of gz-common5-events
[0.797s] -- Looking for gz-math7 -- found version 7.5.1
[0.798s] -- Searching for <gz-common5> component [graphics]
[0.798s] -- Looking for gz-common5-graphics -- found version 5.7.1
[0.798s] -- Searching for dependencies of gz-common5-graphics
[0.799s] -- Looking for gz-math7 -- found version 7.5.1
[0.801s] -- Searching for <gz-common5> component [io]
[0.801s] -- Looking for gz-common5-io -- found version 5.7.1
[0.801s] -- Searching for dependencies of gz-common5-io
[0.801s] -- Searching for <gz-common5> component [profiler]
[0.802s] -- Looking for gz-fuel_tools9 -- found version 9.1.1
[0.802s] -- Searching for dependencies of gz-fuel_tools9
[0.859s] -- Checking for module 'jsoncpp'
[0.876s] --   Found jsoncpp, version 1.9.5
[0.934s] -- Checking for module 'yaml-0.1'
[0.951s] --   Found yaml-0.1, version 0.2.5
[0.994s] -- Checking for module 'libzip'
[1.011s] --   Found libzip, version 1.7.3
[1.050s] -- Looking for gz-utils2 -- found version 2.2.0
[1.051s] -- Looking for gz-common5 -- found version 5.7.1
[1.051s] -- Searching for dependencies of gz-common5
[1.051s] -- Looking for gz-utils2 -- found version 2.2.0
[1.051s] -- Looking for dlfcn.h - found
[1.052s] -- Looking for libdl - found
[1.059s] -- Searching for <gz-common5> component [testing]
[1.059s] -- Looking for gz-common5-testing -- found version 5.7.1
[1.059s] -- Searching for dependencies of gz-common5-testing
[1.060s] -- Looking for gz-math7 -- found version 7.5.1
[1.060s] -- Looking for gz-msgs10 -- found version 10.3.2
[1.061s] -- Looking for gz-gui8 -- found version 8.4.0
[1.061s] -- Searching for dependencies of gz-gui8
[1.090s] -- Looking for gz-utils2 -- found version 2.2.0
[1.090s] -- Looking for gz-math7 -- found version 7.5.1
[1.091s] -- Looking for gz-common5 -- found version 5.7.1
[1.091s] -- Looking for gz-plugin2 -- found version 2.0.4
[1.092s] -- Looking for gz-transport13 -- found version 13.4.1
[1.092s] -- Looking for gz-rendering8 -- found version 8.2.2
[1.092s] -- Searching for dependencies of gz-rendering8
[1.092s] -- Looking for gz-math7 -- found version 7.5.1
[1.092s] -- Searching for dependencies of gz-math7
[1.093s] -- Looking for gz-utils2 -- found version 2.2.0
[1.093s] -- Searching for <gz-math7> component [eigen3]
[1.093s] -- Looking for gz-math7-eigen3 -- found version 7.5.1
[1.093s] -- Searching for dependencies of gz-math7-eigen3
[1.095s] -- Looking for gz-common5 -- found version 5.7.1
[1.095s] -- Searching for dependencies of gz-common5
[1.095s] -- Looking for gz-utils2 -- found version 2.2.0
[1.095s] -- Looking for dlfcn.h - found
[1.095s] -- Looking for libdl - found
[1.102s] -- Searching for <gz-common5> component [graphics]
[1.102s] -- Searching for <gz-common5> component [events]
[1.103s] -- Searching for <gz-common5> component [geospatial]
[1.103s] -- Looking for gz-common5-geospatial -- found version 5.7.1
[1.103s] -- Searching for dependencies of gz-common5-geospatial
[1.103s] -- Looking for gz-math7 -- found version 7.5.1
[1.104s] -- Looking for gz-common5 -- found version 5.7.1
[1.105s] -- Looking for gz-plugin2 -- found version 2.0.4
[1.105s] -- Searching for dependencies of gz-plugin2
[1.105s] -- Looking for gz-utils2 -- found version 2.2.0
[1.105s] -- Searching for <gz-plugin2> component [all]
[1.106s] -- Looking for all libraries of gz-plugin2 -- found version 2.0.4
[1.106s] -- Looking for gz-plugin2 -- found version 2.0.4
[1.107s] -- Looking for gz-utils2 -- found version 2.2.0
[1.110s] -- Looking for gz-msgs10 -- found version 10.3.2
[1.124s] -- Looking for gz-physics7 -- found version 7.5.0
[1.124s] -- Searching for dependencies of gz-physics7
[1.125s] -- Looking for gz-common5 -- found version 5.7.1
[1.125s] -- Looking for gz-math7 -- found version 7.5.1
[1.125s] -- Looking for gz-plugin2 -- found version 2.0.4
[1.126s] -- Looking for gz-utils2 -- found version 2.2.0
[1.127s] -- Searching for <gz-physics7> component [heightmap]
[1.127s] -- Looking for gz-physics7-heightmap -- found version 7.5.0
[1.127s] -- Searching for dependencies of gz-physics7-heightmap
[1.128s] -- Looking for gz-common5 -- found version 5.7.1
[1.128s] -- Searching for <gz-physics7> component [mesh]
[1.128s] -- Looking for gz-physics7-mesh -- found version 7.5.0
[1.128s] -- Searching for dependencies of gz-physics7-mesh
[1.129s] -- Looking for gz-common5 -- found version 5.7.1
[1.129s] -- Searching for <gz-physics7> component [sdf]
[1.129s] -- Looking for gz-physics7-sdf -- found version 7.5.0
[1.130s] -- Searching for dependencies of gz-physics7-sdf
[1.130s] -- Looking for sdformat14 -- found version 14.7.0
[1.131s] -- Looking for gz-sensors8 -- found version 8.2.2
[1.131s] -- Searching for dependencies of gz-sensors8
[1.155s] -- Looking for gz-math7 -- found version 7.5.1
[1.155s] -- Looking for gz-common5 -- found version 5.7.1
[1.156s] -- Looking for gz-transport13 -- found version 13.4.1
[1.156s] -- Looking for gz-rendering8 -- found version 8.2.2
[1.156s] -- Looking for gz-msgs10 -- found version 10.3.2
[1.157s] -- Looking for sdformat14 -- found version 14.7.0
[1.157s] -- Searching for <gz-sensors8> component [air_pressure]
[1.157s] -- Looking for gz-sensors8-air_pressure -- found version 8.2.2
[1.158s] -- Searching for dependencies of gz-sensors8-air_pressure
[1.158s] -- Searching for <gz-sensors8> component [air_speed]
[1.158s] -- Looking for gz-sensors8-air_speed -- found version 8.2.2
[1.159s] -- Searching for dependencies of gz-sensors8-air_speed
[1.159s] -- Searching for <gz-sensors8> component [altimeter]
[1.159s] -- Looking for gz-sensors8-altimeter -- found version 8.2.2
[1.159s] -- Searching for dependencies of gz-sensors8-altimeter
[1.160s] -- Searching for <gz-sensors8> component [imu]
[1.160s] -- Looking for gz-sensors8-imu -- found version 8.2.2
[1.160s] -- Searching for dependencies of gz-sensors8-imu
[1.161s] -- Searching for <gz-sensors8> component [force_torque]
[1.161s] -- Looking for gz-sensors8-force_torque -- found version 8.2.2
[1.161s] -- Searching for dependencies of gz-sensors8-force_torque
[1.162s] -- Searching for <gz-sensors8> component [logical_camera]
[1.162s] -- Looking for gz-sensors8-logical_camera -- found version 8.2.2
[1.162s] -- Searching for dependencies of gz-sensors8-logical_camera
[1.163s] -- Searching for <gz-sensors8> component [magnetometer]
[1.163s] -- Looking for gz-sensors8-magnetometer -- found version 8.2.2
[1.163s] -- Searching for dependencies of gz-sensors8-magnetometer
[1.164s] -- Searching for <gz-sensors8> component [navsat]
[1.164s] -- Looking for gz-sensors8-navsat -- found version 8.2.2
[1.164s] -- Searching for dependencies of gz-sensors8-navsat
[1.165s] -- Searching for <gz-sensors8> component [dvl]
[1.165s] -- Looking for gz-sensors8-dvl -- found version 8.2.2
[1.165s] -- Searching for dependencies of gz-sensors8-dvl
[1.165s] -- Looking for gz-sensors8 -- found version 8.2.2
[1.165s] -- Searching for dependencies of gz-sensors8
[1.190s] -- Looking for gz-math7 -- found version 7.5.1
[1.190s] -- Looking for gz-common5 -- found version 5.7.1
[1.190s] -- Looking for gz-transport13 -- found version 13.4.1
[1.191s] -- Looking for gz-rendering8 -- found version 8.2.2
[1.191s] -- Looking for gz-msgs10 -- found version 10.3.2
[1.191s] -- Looking for sdformat14 -- found version 14.7.0
[1.191s] -- Searching for <gz-sensors8> component [rendering]
[1.192s] -- Looking for gz-sensors8-rendering -- found version 8.2.2
[1.192s] -- Searching for dependencies of gz-sensors8-rendering
[1.193s] -- Searching for <gz-sensors8> component [rendering]
[1.193s] -- Searching for <gz-sensors8> component [lidar]
[1.193s] -- Looking for gz-sensors8-lidar -- found version 8.2.2
[1.193s] -- Searching for dependencies of gz-sensors8-lidar
[1.194s] -- Looking for gz-sensors8 -- found version 8.2.2
[1.194s] -- Searching for <gz-sensors8> component [gpu_lidar]
[1.195s] -- Looking for gz-sensors8-gpu_lidar -- found version 8.2.2
[1.195s] -- Searching for dependencies of gz-sensors8-gpu_lidar
[1.195s] -- Looking for gz-sensors8 -- found version 8.2.2
[1.196s] -- Searching for <gz-sensors8> component [camera]
[1.196s] -- Looking for gz-sensors8-camera -- found version 8.2.2
[1.196s] -- Searching for dependencies of gz-sensors8-camera
[1.197s] -- Looking for gz-sensors8 -- found version 8.2.2
[1.197s] -- Searching for <gz-sensors8> component [boundingbox_camera]
[1.197s] -- Looking for gz-sensors8-boundingbox_camera -- found version 8.2.2
[1.198s] -- Searching for dependencies of gz-sensors8-boundingbox_camera
[1.198s] -- Searching for <gz-sensors8> component [segmentation_camera]
[1.198s] -- Looking for gz-sensors8-segmentation_camera -- found version 8.2.2
[1.198s] -- Searching for dependencies of gz-sensors8-segmentation_camera
[1.199s] -- Searching for <gz-sensors8> component [depth_camera]
[1.199s] -- Looking for gz-sensors8-depth_camera -- found version 8.2.2
[1.199s] -- Searching for dependencies of gz-sensors8-depth_camera
[1.200s] -- Looking for gz-sensors8 -- found version 8.2.2
[1.200s] -- Searching for <gz-sensors8> component [rgbd_camera]
[1.201s] -- Looking for gz-sensors8-rgbd_camera -- found version 8.2.2
[1.201s] -- Searching for dependencies of gz-sensors8-rgbd_camera
[1.201s] -- Looking for gz-sensors8 -- found version 8.2.2
[1.202s] -- Searching for <gz-sensors8> component [thermal_camera]
[1.202s] -- Looking for gz-sensors8-thermal_camera -- found version 8.2.2
[1.202s] -- Searching for dependencies of gz-sensors8-thermal_camera
[1.202s] -- Looking for gz-sensors8 -- found version 8.2.2
[1.203s] -- Searching for <gz-sensors8> component [wide_angle_camera]
[1.203s] -- Looking for gz-sensors8-wide_angle_camera -- found version 8.2.2
[1.203s] -- Searching for dependencies of gz-sensors8-wide_angle_camera
[1.204s] -- Looking for gz-rendering8 -- found version 8.2.2
[1.205s] -- Looking for gz-math7 -- found version 7.5.1
[1.205s] -- Looking for gz-utils2 -- found version 2.2.0
[1.229s] -- Compiling against Gazebo Harmonic
[1.230s] -- Found ament_lint_auto: 0.17.1 (/opt/ros/jazzy/share/ament_lint_auto/cmake)
[1.303s] -- Configuring done (1.3s)
[1.319s] -- Generating done (0.0s)
[1.323s] -- Build files have been written to: /home/sebastian-elliott-pedrosa/template_ws/build/ros_gz_example_gazebo
[1.330s] Invoked command in '/home/sebastian-elliott-pedrosa/template_ws/build/ros_gz_example_gazebo' returned '0': CMAKE_PREFIX_PATH=/home/sebastian-elliott-pedrosa/template_ws/install/ros_gz_example_description:/home/sebastian-elliott-pedrosa/template_ws/install/ros_gz_example_bringup:/home/sebastian-elliott-pedrosa/template_ws/install/ros_gz_example_gazebo:/home/sebastian-elliott-pedrosa/template_ws/install/ros_gz_example_application:/opt/ros/jazzy/opt/gz_sim_vendor:/opt/ros/jazzy/opt/gz_sensors_vendor:/opt/ros/jazzy/opt/gz_physics_vendor:/opt/ros/jazzy/opt/sdformat_vendor:/opt/ros/jazzy/opt/gz_gui_vendor:/opt/ros/jazzy/opt/gz_transport_vendor:/opt/ros/jazzy/opt/gz_rendering_vendor:/opt/ros/jazzy/opt/gz_plugin_vendor:/opt/ros/jazzy/opt/gz_fuel_tools_vendor:/opt/ros/jazzy/opt/gz_msgs_vendor:/opt/ros/jazzy/opt/gz_common_vendor:/opt/ros/jazzy/opt/gz_math_vendor:/opt/ros/jazzy/opt/gz_utils_vendor:/opt/ros/jazzy/opt/gz_tools_vendor:/opt/ros/jazzy/opt/gz_ogre_next_vendor:/opt/ros/jazzy/opt/gz_dartsim_vendor:/opt/ros/jazzy/opt/gz_cmake_vendor:/opt/ros/jazzy DEBUGINFOD_URLS=https://debuginfod.ubuntu.com GZ_SIM_RESOURCE_PATH=/home/sebastian-elliott-pedrosa/template_ws/install/ros_gz_example_description/share/ros_gz_example_description/models:${GZ_SIM_RESOURCE_PATH} VIRTUAL_ENV_PROMPT=(env) /usr/bin/cmake /home/sebastian-elliott-pedrosa/template_ws/src/ros_gz_project_template/ros_gz_example_gazebo -DAMENT_CMAKE_SYMLINK_INSTALL=1 -DCMAKE_INSTALL_PREFIX=/home/sebastian-elliott-pedrosa/template_ws/install/ros_gz_example_gazebo
[1.331s] Invoking command in '/home/sebastian-elliott-pedrosa/template_ws/build/ros_gz_example_gazebo': CMAKE_PREFIX_PATH=/home/sebastian-elliott-pedrosa/template_ws/install/ros_gz_example_description:/home/sebastian-elliott-pedrosa/template_ws/install/ros_gz_example_bringup:/home/sebastian-elliott-pedrosa/template_ws/install/ros_gz_example_gazebo:/home/sebastian-elliott-pedrosa/template_ws/install/ros_gz_example_application:/opt/ros/jazzy/opt/gz_sim_vendor:/opt/ros/jazzy/opt/gz_sensors_vendor:/opt/ros/jazzy/opt/gz_physics_vendor:/opt/ros/jazzy/opt/sdformat_vendor:/opt/ros/jazzy/opt/gz_gui_vendor:/opt/ros/jazzy/opt/gz_transport_vendor:/opt/ros/jazzy/opt/gz_rendering_vendor:/opt/ros/jazzy/opt/gz_plugin_vendor:/opt/ros/jazzy/opt/gz_fuel_tools_vendor:/opt/ros/jazzy/opt/gz_msgs_vendor:/opt/ros/jazzy/opt/gz_common_vendor:/opt/ros/jazzy/opt/gz_math_vendor:/opt/ros/jazzy/opt/gz_utils_vendor:/opt/ros/jazzy/opt/gz_tools_vendor:/opt/ros/jazzy/opt/gz_ogre_next_vendor:/opt/ros/jazzy/opt/gz_dartsim_vendor:/opt/ros/jazzy/opt/gz_cmake_vendor:/opt/ros/jazzy DEBUGINFOD_URLS=https://debuginfod.ubuntu.com GZ_SIM_RESOURCE_PATH=/home/sebastian-elliott-pedrosa/template_ws/install/ros_gz_example_description/share/ros_gz_example_description/models:${GZ_SIM_RESOURCE_PATH} VIRTUAL_ENV_PROMPT=(env) /usr/bin/cmake --build /home/sebastian-elliott-pedrosa/template_ws/build/ros_gz_example_gazebo -- -j24 -l24
[1.393s] [ 25%] [32m[1mLinking CXX shared library libFullSystem.so[0m
[1.395s] [ 50%] [32m[1mLinking CXX shared library libBasicSystem.so[0m
[1.537s] [ 75%] Built target FullSystem
[1.538s] [100%] Built target BasicSystem
[1.550s] Invoked command in '/home/sebastian-elliott-pedrosa/template_ws/build/ros_gz_example_gazebo' returned '0': CMAKE_PREFIX_PATH=/home/sebastian-elliott-pedrosa/template_ws/install/ros_gz_example_description:/home/sebastian-elliott-pedrosa/template_ws/install/ros_gz_example_bringup:/home/sebastian-elliott-pedrosa/template_ws/install/ros_gz_example_gazebo:/home/sebastian-elliott-pedrosa/template_ws/install/ros_gz_example_application:/opt/ros/jazzy/opt/gz_sim_vendor:/opt/ros/jazzy/opt/gz_sensors_vendor:/opt/ros/jazzy/opt/gz_physics_vendor:/opt/ros/jazzy/opt/sdformat_vendor:/opt/ros/jazzy/opt/gz_gui_vendor:/opt/ros/jazzy/opt/gz_transport_vendor:/opt/ros/jazzy/opt/gz_rendering_vendor:/opt/ros/jazzy/opt/gz_plugin_vendor:/opt/ros/jazzy/opt/gz_fuel_tools_vendor:/opt/ros/jazzy/opt/gz_msgs_vendor:/opt/ros/jazzy/opt/gz_common_vendor:/opt/ros/jazzy/opt/gz_math_vendor:/opt/ros/jazzy/opt/gz_utils_vendor:/opt/ros/jazzy/opt/gz_tools_vendor:/opt/ros/jazzy/opt/gz_ogre_next_vendor:/opt/ros/jazzy/opt/gz_dartsim_vendor:/opt/ros/jazzy/opt/gz_cmake_vendor:/opt/ros/jazzy DEBUGINFOD_URLS=https://debuginfod.ubuntu.com GZ_SIM_RESOURCE_PATH=/home/sebastian-elliott-pedrosa/template_ws/install/ros_gz_example_description/share/ros_gz_example_description/models:${GZ_SIM_RESOURCE_PATH} VIRTUAL_ENV_PROMPT=(env) /usr/bin/cmake --build /home/sebastian-elliott-pedrosa/template_ws/build/ros_gz_example_gazebo -- -j24 -l24
[1.552s] Invoking command in '/home/sebastian-elliott-pedrosa/template_ws/build/ros_gz_example_gazebo': CMAKE_PREFIX_PATH=/home/sebastian-elliott-pedrosa/template_ws/install/ros_gz_example_description:/home/sebastian-elliott-pedrosa/template_ws/install/ros_gz_example_bringup:/home/sebastian-elliott-pedrosa/template_ws/install/ros_gz_example_gazebo:/home/sebastian-elliott-pedrosa/template_ws/install/ros_gz_example_application:/opt/ros/jazzy/opt/gz_sim_vendor:/opt/ros/jazzy/opt/gz_sensors_vendor:/opt/ros/jazzy/opt/gz_physics_vendor:/opt/ros/jazzy/opt/sdformat_vendor:/opt/ros/jazzy/opt/gz_gui_vendor:/opt/ros/jazzy/opt/gz_transport_vendor:/opt/ros/jazzy/opt/gz_rendering_vendor:/opt/ros/jazzy/opt/gz_plugin_vendor:/opt/ros/jazzy/opt/gz_fuel_tools_vendor:/opt/ros/jazzy/opt/gz_msgs_vendor:/opt/ros/jazzy/opt/gz_common_vendor:/opt/ros/jazzy/opt/gz_math_vendor:/opt/ros/jazzy/opt/gz_utils_vendor:/opt/ros/jazzy/opt/gz_tools_vendor:/opt/ros/jazzy/opt/gz_ogre_next_vendor:/opt/ros/jazzy/opt/gz_dartsim_vendor:/opt/ros/jazzy/opt/gz_cmake_vendor:/opt/ros/jazzy DEBUGINFOD_URLS=https://debuginfod.ubuntu.com GZ_SIM_RESOURCE_PATH=/home/sebastian-elliott-pedrosa/template_ws/install/ros_gz_example_description/share/ros_gz_example_description/models:${GZ_SIM_RESOURCE_PATH} VIRTUAL_ENV_PROMPT=(env) /usr/bin/cmake --install /home/sebastian-elliott-pedrosa/template_ws/build/ros_gz_example_gazebo
[1.559s] -- Install configuration: ""
[1.560s] -- Execute custom install script
[1.560s] -- Symlinking: /home/sebastian-elliott-pedrosa/template_ws/install/ros_gz_example_gazebo/lib/ros_gz_example_gazebo/libBasicSystem.so
[1.570s] -- Symlinking: /home/sebastian-elliott-pedrosa/template_ws/install/ros_gz_example_gazebo/lib/ros_gz_example_gazebo/libFullSystem.so
[1.580s] -- Symlinking: /home/sebastian-elliott-pedrosa/template_ws/install/ros_gz_example_gazebo/share/ros_gz_example_gazebo/worlds/diff_drive.sdf
[1.590s] -- Symlinking: /home/sebastian-elliott-pedrosa/template_ws/install/ros_gz_example_gazebo/share/ros_gz_example_gazebo/environment/ros_gz_example_gazebo.dsv
[1.599s] -- Symlinking: /home/sebastian-elliott-pedrosa/template_ws/install/ros_gz_example_gazebo/share/ros_gz_example_gazebo/environment/ros_gz_example_gazebo.sh
[1.608s] -- Symlinking: /home/sebastian-elliott-pedrosa/template_ws/install/ros_gz_example_gazebo/share/ament_index/resource_index/package_run_dependencies/ros_gz_example_gazebo
[1.618s] -- Symlinking: /home/sebastian-elliott-pedrosa/template_ws/install/ros_gz_example_gazebo/share/ament_index/resource_index/parent_prefix_path/ros_gz_example_gazebo
[1.627s] -- Symlinking: /home/sebastian-elliott-pedrosa/template_ws/install/ros_gz_example_gazebo/share/ros_gz_example_gazebo/environment/ament_prefix_path.sh
[1.637s] -- Symlinking: /home/sebastian-elliott-pedrosa/template_ws/install/ros_gz_example_gazebo/share/ros_gz_example_gazebo/environment/ament_prefix_path.dsv
[1.647s] -- Symlinking: /home/sebastian-elliott-pedrosa/template_ws/install/ros_gz_example_gazebo/share/ros_gz_example_gazebo/environment/path.sh
[1.657s] -- Symlinking: /home/sebastian-elliott-pedrosa/template_ws/install/ros_gz_example_gazebo/share/ros_gz_example_gazebo/environment/path.dsv
[1.666s] -- Symlinking: /home/sebastian-elliott-pedrosa/template_ws/install/ros_gz_example_gazebo/share/ros_gz_example_gazebo/local_setup.bash
[1.677s] -- Symlinking: /home/sebastian-elliott-pedrosa/template_ws/install/ros_gz_example_gazebo/share/ros_gz_example_gazebo/local_setup.sh
[1.686s] -- Symlinking: /home/sebastian-elliott-pedrosa/template_ws/install/ros_gz_example_gazebo/share/ros_gz_example_gazebo/local_setup.zsh
[1.695s] -- Symlinking: /home/sebastian-elliott-pedrosa/template_ws/install/ros_gz_example_gazebo/share/ros_gz_example_gazebo/local_setup.dsv
[1.705s] -- Symlinking: /home/sebastian-elliott-pedrosa/template_ws/install/ros_gz_example_gazebo/share/ros_gz_example_gazebo/package.dsv
[1.714s] -- Symlinking: /home/sebastian-elliott-pedrosa/template_ws/install/ros_gz_example_gazebo/share/ament_index/resource_index/packages/ros_gz_example_gazebo
[1.724s] -- Symlinking: /home/sebastian-elliott-pedrosa/template_ws/install/ros_gz_example_gazebo/share/ros_gz_example_gazebo/cmake/ros_gz_example_gazeboConfig.cmake
[1.733s] -- Symlinking: /home/sebastian-elliott-pedrosa/template_ws/install/ros_gz_example_gazebo/share/ros_gz_example_gazebo/cmake/ros_gz_example_gazeboConfig-version.cmake
[1.743s] -- Symlinking: /home/sebastian-elliott-pedrosa/template_ws/install/ros_gz_example_gazebo/share/ros_gz_example_gazebo/package.xml
[1.755s] Invoked command in '/home/sebastian-elliott-pedrosa/template_ws/build/ros_gz_example_gazebo' returned '0': CMAKE_PREFIX_PATH=/home/sebastian-elliott-pedrosa/template_ws/install/ros_gz_example_description:/home/sebastian-elliott-pedrosa/template_ws/install/ros_gz_example_bringup:/home/sebastian-elliott-pedrosa/template_ws/install/ros_gz_example_gazebo:/home/sebastian-elliott-pedrosa/template_ws/install/ros_gz_example_application:/opt/ros/jazzy/opt/gz_sim_vendor:/opt/ros/jazzy/opt/gz_sensors_vendor:/opt/ros/jazzy/opt/gz_physics_vendor:/opt/ros/jazzy/opt/sdformat_vendor:/opt/ros/jazzy/opt/gz_gui_vendor:/opt/ros/jazzy/opt/gz_transport_vendor:/opt/ros/jazzy/opt/gz_rendering_vendor:/opt/ros/jazzy/opt/gz_plugin_vendor:/opt/ros/jazzy/opt/gz_fuel_tools_vendor:/opt/ros/jazzy/opt/gz_msgs_vendor:/opt/ros/jazzy/opt/gz_common_vendor:/opt/ros/jazzy/opt/gz_math_vendor:/opt/ros/jazzy/opt/gz_utils_vendor:/opt/ros/jazzy/opt/gz_tools_vendor:/opt/ros/jazzy/opt/gz_ogre_next_vendor:/opt/ros/jazzy/opt/gz_dartsim_vendor:/opt/ros/jazzy/opt/gz_cmake_vendor:/opt/ros/jazzy DEBUGINFOD_URLS=https://debuginfod.ubuntu.com GZ_SIM_RESOURCE_PATH=/home/sebastian-elliott-pedrosa/template_ws/install/ros_gz_example_description/share/ros_gz_example_description/models:${GZ_SIM_RESOURCE_PATH} VIRTUAL_ENV_PROMPT=(env) /usr/bin/cmake --install /home/sebastian-elliott-pedrosa/template_ws/build/ros_gz_example_gazebo
