[0.006s] Invoking command in '/home/sebastian-elliott-pedrosa/template_ws/build/ros_gz_example_gazebo': AMENT_PREFIX_PATH=/home/sebastian-elliott-pedrosa/template_ws/install/ros_gz_example_description:${AMENT_PREFIX_PATH} CMAKE_PREFIX_PATH=/home/sebastian-elliott-pedrosa/template_ws/install/ros_gz_example_description:/opt/ros/jazzy/opt/gz_math_vendor:/opt/ros/jazzy/opt/gz_utils_vendor:/opt/ros/jazzy/opt/gz_cmake_vendor:/opt/ros/jazzy DEBUGINFOD_URLS=https://debuginfod.ubuntu.com GZ_SIM_RESOURCE_PATH=/home/sebastian-elliott-pedrosa/template_ws/install/ros_gz_example_description/share/ros_gz_example_description/models /usr/bin/cmake /home/sebastian-elliott-pedrosa/template_ws/src/ros_gz_project_template/ros_gz_example_gazebo -DBUILD_TESTING=ON -DCMAKE_INSTALL_PREFIX=/home/sebastian-elliott-pedrosa/template_ws/install/ros_gz_example_gazebo
[0.056s] -- The C compiler identification is GNU 13.3.0
[0.106s] -- The CXX compiler identification is GNU 13.3.0
[0.121s] -- Detecting C compiler ABI info
[0.201s] -- Detecting C compiler ABI info - done
[0.209s] -- Check for working C compiler: /usr/bin/cc - skipped
[0.210s] -- Detecting C compile features
[0.210s] -- Detecting C compile features - done
[0.218s] -- Detecting CXX compiler ABI info
[0.309s] -- Detecting CXX compiler ABI info - done
[0.318s] -- Check for working CXX compiler: /usr/bin/c++ - skipped
[0.318s] -- Detecting CXX compile features
[0.319s] -- Detecting CXX compile features - done
[0.322s] -- Found ament_cmake: 2.5.3 (/opt/ros/jazzy/share/ament_cmake/cmake)
[0.444s] -- Found Python3: /usr/bin/python3 (found version "3.12.3") found components: Interpreter 
[0.528s] -- Found ros_gz_example_description: 0.0.0 (/home/sebastian-elliott-pedrosa/template_ws/install/ros_gz_example_description/share/ros_gz_example_description/cmake)
[0.541s] -- Looking for gz-plugin2 -- found version 2.0.4
[0.541s] -- Searching for dependencies of gz-plugin2
[0.542s] -- Looking for gz-utils2 -- found version 2.2.0
[0.542s] -- Searching for dependencies of gz-utils2
[0.542s] -- Searching for <gz-utils2> component [cli]
[0.543s] -- Looking for gz-utils2-cli -- found version 2.2.0
[0.543s] -- Searching for dependencies of gz-utils2-cli
[0.544s] -- Searching for <gz-plugin2> component [register]
[0.547s] -- Looking for gz-plugin2-register -- found version 2.0.4
[0.547s] -- Searching for dependencies of gz-plugin2-register
[0.553s] -- Looking for gz-common5 -- found version 5.7.1
[0.553s] -- Searching for dependencies of gz-common5
[0.554s] -- Looking for gz-utils2 -- found version 2.2.0
[0.554s] -- Looking for dlfcn.h - found
[0.564s] -- Looking for libdl - found
[0.565s] -- Found DL: TRUE  
[0.571s] -- Checking for module 'uuid'
[0.585s] --   Found uuid, version 2.39.3
[0.619s] -- Found UUID: TRUE  
[0.620s] -- Searching for <gz-common5> component [profiler]
[0.623s] -- Looking for gz-common5-profiler -- found version 5.7.1
[0.623s] -- Searching for dependencies of gz-common5-profiler
[0.637s] [31mCMake Error at CMakeLists.txt:26 (find_package):
[0.637s]   By not providing "Findgz-sim7.cmake" in CMAKE_MODULE_PATH this project has
[0.637s]   asked CMake to find a package configuration file provided by "gz-sim7", but
[0.637s]   CMake did not find one.
[0.638s] 
[0.638s]   Could not find a package configuration file provided by "gz-sim7" with any
[0.638s]   of the following names:
[0.638s] 
[0.638s]     gz-sim7Config.cmake
[0.638s]     gz-sim7-config.cmake
[0.638s] 
[0.638s]   Add the installation prefix of "gz-sim7" to CMAKE_PREFIX_PATH or set
[0.638s]   "gz-sim7_DIR" to a directory containing one of the above files.  If
[0.638s]   "gz-sim7" provides a separate development package or SDK, be sure it has
[0.638s]   been installed.
[0.638s] 
[0.639s] [0m
[0.639s] -- Configuring incomplete, errors occurred!
[0.644s] Invoked command in '/home/sebastian-elliott-pedrosa/template_ws/build/ros_gz_example_gazebo' returned '1': AMENT_PREFIX_PATH=/home/sebastian-elliott-pedrosa/template_ws/install/ros_gz_example_description:${AMENT_PREFIX_PATH} CMAKE_PREFIX_PATH=/home/sebastian-elliott-pedrosa/template_ws/install/ros_gz_example_description:/opt/ros/jazzy/opt/gz_math_vendor:/opt/ros/jazzy/opt/gz_utils_vendor:/opt/ros/jazzy/opt/gz_cmake_vendor:/opt/ros/jazzy DEBUGINFOD_URLS=https://debuginfod.ubuntu.com GZ_SIM_RESOURCE_PATH=/home/sebastian-elliott-pedrosa/template_ws/install/ros_gz_example_description/share/ros_gz_example_description/models /usr/bin/cmake /home/sebastian-elliott-pedrosa/template_ws/src/ros_gz_project_template/ros_gz_example_gazebo -DBUILD_TESTING=ON -DCMAKE_INSTALL_PREFIX=/home/sebastian-elliott-pedrosa/template_ws/install/ros_gz_example_gazebo
