[0.009s] Invoking command in '/home/sebastian-elliott-pedrosa/template_ws/build/ros_gz_example_application': CMAKE_PREFIX_PATH=${CMAKE_PREFIX_PATH}:/opt/ros/jazzy DEBUGINFOD_URLS=https://debuginfod.ubuntu.com /usr/bin/cmake --build /home/sebastian-elliott-pedrosa/template_ws/build/ros_gz_example_application -- -j24 -l24
[0.051s] Invoked command in '/home/sebastian-elliott-pedrosa/template_ws/build/ros_gz_example_application' returned '0': CMAKE_PREFIX_PATH=${CMAKE_PREFIX_PATH}:/opt/ros/jazzy DEBUGINFOD_URLS=https://debuginfod.ubuntu.com /usr/bin/cmake --build /home/sebastian-elliott-pedrosa/template_ws/build/ros_gz_example_application -- -j24 -l24
[0.052s] Invoking command in '/home/sebastian-elliott-pedrosa/template_ws/build/ros_gz_example_application': CMAKE_PREFIX_PATH=${CMAKE_PREFIX_PATH}:/opt/ros/jazzy DEBUGINFOD_URLS=https://debuginfod.ubuntu.com /usr/bin/cmake --install /home/sebastian-elliott-pedrosa/template_ws/build/ros_gz_example_application
[0.059s] -- Install configuration: ""
[0.059s] -- Up-to-date: /home/sebastian-elliott-pedrosa/template_ws/install/ros_gz_example_application/share/ament_index/resource_index/package_run_dependencies/ros_gz_example_application
[0.059s] -- Up-to-date: /home/sebastian-elliott-pedrosa/template_ws/install/ros_gz_example_application/share/ament_index/resource_index/parent_prefix_path/ros_gz_example_application
[0.059s] -- Up-to-date: /home/sebastian-elliott-pedrosa/template_ws/install/ros_gz_example_application/share/ros_gz_example_application/environment/ament_prefix_path.sh
[0.059s] -- Up-to-date: /home/sebastian-elliott-pedrosa/template_ws/install/ros_gz_example_application/share/ros_gz_example_application/environment/ament_prefix_path.dsv
[0.059s] -- Up-to-date: /home/sebastian-elliott-pedrosa/template_ws/install/ros_gz_example_application/share/ros_gz_example_application/environment/path.sh
[0.060s] -- Up-to-date: /home/sebastian-elliott-pedrosa/template_ws/install/ros_gz_example_application/share/ros_gz_example_application/environment/path.dsv
[0.060s] -- Up-to-date: /home/sebastian-elliott-pedrosa/template_ws/install/ros_gz_example_application/share/ros_gz_example_application/local_setup.bash
[0.060s] -- Up-to-date: /home/sebastian-elliott-pedrosa/template_ws/install/ros_gz_example_application/share/ros_gz_example_application/local_setup.sh
[0.060s] -- Up-to-date: /home/sebastian-elliott-pedrosa/template_ws/install/ros_gz_example_application/share/ros_gz_example_application/local_setup.zsh
[0.060s] -- Up-to-date: /home/sebastian-elliott-pedrosa/template_ws/install/ros_gz_example_application/share/ros_gz_example_application/local_setup.dsv
[0.060s] -- Up-to-date: /home/sebastian-elliott-pedrosa/template_ws/install/ros_gz_example_application/share/ros_gz_example_application/package.dsv
[0.060s] -- Up-to-date: /home/sebastian-elliott-pedrosa/template_ws/install/ros_gz_example_application/share/ament_index/resource_index/packages/ros_gz_example_application
[0.060s] -- Up-to-date: /home/sebastian-elliott-pedrosa/template_ws/install/ros_gz_example_application/share/ros_gz_example_application/cmake/ros_gz_example_applicationConfig.cmake
[0.060s] -- Up-to-date: /home/sebastian-elliott-pedrosa/template_ws/install/ros_gz_example_application/share/ros_gz_example_application/cmake/ros_gz_example_applicationConfig-version.cmake
[0.060s] -- Up-to-date: /home/sebastian-elliott-pedrosa/template_ws/install/ros_gz_example_application/share/ros_gz_example_application/package.xml
[0.074s] Invoked command in '/home/sebastian-elliott-pedrosa/template_ws/build/ros_gz_example_application' returned '0': CMAKE_PREFIX_PATH=${CMAKE_PREFIX_PATH}:/opt/ros/jazzy DEBUGINFOD_URLS=https://debuginfod.ubuntu.com /usr/bin/cmake --install /home/sebastian-elliott-pedrosa/template_ws/build/ros_gz_example_application
