-- The C compiler identification is GNU 13.3.0
-- The CXX compiler identification is GNU 13.3.0
-- Detecting C compiler ABI info
-- Detecting C compiler ABI info - done
-- Check for working C compiler: /usr/bin/cc - skipped
-- Detecting C compile features
-- Detecting C compile features - done
-- Detecting CXX compiler ABI info
-- Detecting CXX compiler ABI info - done
-- Check for working CXX compiler: /usr/bin/c++ - skipped
-- Detecting CXX compile features
-- Detecting CXX compile features - done
-- Found ament_cmake: 2.5.3 (/opt/ros/jazzy/share/ament_cmake/cmake)
-- Found Python3: /home/sebastian-elliott-pedrosa/template_ws/env/bin/python3 (found version "3.12.3") found components: Interpreter 
-- Override CMake install command with custom implementation using symlinks instead of copying resources
-- Found ament_lint_auto: 0.17.1 (/opt/ros/jazzy/share/ament_lint_auto/cmake)
-- Configuring done (0.7s)
-- Generating done (0.0s)
-- Build files have been written to: /home/sebastian-elliott-pedrosa/template_ws/build/ros_gz_example_description
-- Install configuration: ""
-- Execute custom install script
-- Symlinking: /home/sebastian-elliott-pedrosa/template_ws/install/ros_gz_example_description/share/ros_gz_example_description/models/diff_drive/model.config
-- Symlinking: /home/sebastian-elliott-pedrosa/template_ws/install/ros_gz_example_description/share/ros_gz_example_description/models/diff_drive/model.sdf
-- Symlinking: /home/sebastian-elliott-pedrosa/template_ws/install/ros_gz_example_description/share/ros_gz_example_description/models/rrbot/model.sdf
-- Symlinking: /home/sebastian-elliott-pedrosa/template_ws/install/ros_gz_example_description/share/ros_gz_example_description/environment/ros_gz_example_description.dsv
-- Symlinking: /home/sebastian-elliott-pedrosa/template_ws/install/ros_gz_example_description/share/ros_gz_example_description/environment/ros_gz_example_description.sh
-- Symlinking: /home/sebastian-elliott-pedrosa/template_ws/install/ros_gz_example_description/share/ament_index/resource_index/package_run_dependencies/ros_gz_example_description
-- Symlinking: /home/sebastian-elliott-pedrosa/template_ws/install/ros_gz_example_description/share/ament_index/resource_index/parent_prefix_path/ros_gz_example_description
-- Symlinking: /home/sebastian-elliott-pedrosa/template_ws/install/ros_gz_example_description/share/ros_gz_example_description/environment/ament_prefix_path.sh
-- Symlinking: /home/sebastian-elliott-pedrosa/template_ws/install/ros_gz_example_description/share/ros_gz_example_description/environment/ament_prefix_path.dsv
-- Symlinking: /home/sebastian-elliott-pedrosa/template_ws/install/ros_gz_example_description/share/ros_gz_example_description/environment/path.sh
-- Symlinking: /home/sebastian-elliott-pedrosa/template_ws/install/ros_gz_example_description/share/ros_gz_example_description/environment/path.dsv
-- Symlinking: /home/sebastian-elliott-pedrosa/template_ws/install/ros_gz_example_description/share/ros_gz_example_description/local_setup.bash
-- Symlinking: /home/sebastian-elliott-pedrosa/template_ws/install/ros_gz_example_description/share/ros_gz_example_description/local_setup.sh
-- Symlinking: /home/sebastian-elliott-pedrosa/template_ws/install/ros_gz_example_description/share/ros_gz_example_description/local_setup.zsh
-- Symlinking: /home/sebastian-elliott-pedrosa/template_ws/install/ros_gz_example_description/share/ros_gz_example_description/local_setup.dsv
-- Symlinking: /home/sebastian-elliott-pedrosa/template_ws/install/ros_gz_example_description/share/ros_gz_example_description/package.dsv
-- Symlinking: /home/sebastian-elliott-pedrosa/template_ws/install/ros_gz_example_description/share/ament_index/resource_index/packages/ros_gz_example_description
-- Symlinking: /home/sebastian-elliott-pedrosa/template_ws/install/ros_gz_example_description/share/ros_gz_example_description/cmake/ros_gz_example_descriptionConfig.cmake
-- Symlinking: /home/sebastian-elliott-pedrosa/template_ws/install/ros_gz_example_description/share/ros_gz_example_description/cmake/ros_gz_example_descriptionConfig-version.cmake
-- Symlinking: /home/sebastian-elliott-pedrosa/template_ws/install/ros_gz_example_description/share/ros_gz_example_description/package.xml
