[0.012s] Invoking command in '/home/sebastian-elliott-pedrosa/template_ws/build/ros_gz_example_description': CMAKE_PREFIX_PATH=${CMAKE_PREFIX_PATH}:/opt/ros/jazzy DEBUGINFOD_URLS=https://debuginfod.ubuntu.com VIRTUAL_ENV_PROMPT=(env) /usr/bin/cmake /home/sebastian-elliott-pedrosa/template_ws/src/ros_gz_project_template/ros_gz_example_description -DAMENT_CMAKE_SYMLINK_INSTALL=1 -DCMAKE_INSTALL_PREFIX=/home/sebastian-elliott-pedrosa/template_ws/install/ros_gz_example_description
[0.193s] -- The C compiler identification is GNU 13.3.0
[0.193s] -- The CXX compiler identification is GNU 13.3.0
[0.193s] -- Detecting C compiler ABI info
[0.224s] -- Detecting C compiler ABI info - done
[0.233s] -- Check for working C compiler: /usr/bin/cc - skipped
[0.233s] -- Detecting C compile features
[0.234s] -- Detecting C compile features - done
[0.243s] -- Detecting CXX compiler ABI info
[0.343s] -- Detecting CXX compiler ABI info - done
[0.352s] -- Check for working CXX compiler: /usr/bin/c++ - skipped
[0.352s] -- Detecting CXX compile features
[0.353s] -- Detecting CXX compile features - done
[0.357s] -- Found ament_cmake: 2.5.3 (/opt/ros/jazzy/share/ament_cmake/cmake)
[0.485s] -- Found Python3: /home/sebastian-elliott-pedrosa/template_ws/env/bin/python3 (found version "3.12.3") found components: Interpreter 
[0.545s] -- Override CMake install command with custom implementation using symlinks instead of copying resources
[0.600s] -- Found ament_lint_auto: 0.17.1 (/opt/ros/jazzy/share/ament_lint_auto/cmake)
[0.677s] -- Configuring done (0.7s)
[0.680s] -- Generating done (0.0s)
[0.682s] -- Build files have been written to: /home/sebastian-elliott-pedrosa/template_ws/build/ros_gz_example_description
[0.686s] Invoked command in '/home/sebastian-elliott-pedrosa/template_ws/build/ros_gz_example_description' returned '0': CMAKE_PREFIX_PATH=${CMAKE_PREFIX_PATH}:/opt/ros/jazzy DEBUGINFOD_URLS=https://debuginfod.ubuntu.com VIRTUAL_ENV_PROMPT=(env) /usr/bin/cmake /home/sebastian-elliott-pedrosa/template_ws/src/ros_gz_project_template/ros_gz_example_description -DAMENT_CMAKE_SYMLINK_INSTALL=1 -DCMAKE_INSTALL_PREFIX=/home/sebastian-elliott-pedrosa/template_ws/install/ros_gz_example_description
[0.687s] Invoking command in '/home/sebastian-elliott-pedrosa/template_ws/build/ros_gz_example_description': CMAKE_PREFIX_PATH=${CMAKE_PREFIX_PATH}:/opt/ros/jazzy DEBUGINFOD_URLS=https://debuginfod.ubuntu.com VIRTUAL_ENV_PROMPT=(env) /usr/bin/cmake --build /home/sebastian-elliott-pedrosa/template_ws/build/ros_gz_example_description -- -j24 -l24
[0.729s] Invoked command in '/home/sebastian-elliott-pedrosa/template_ws/build/ros_gz_example_description' returned '0': CMAKE_PREFIX_PATH=${CMAKE_PREFIX_PATH}:/opt/ros/jazzy DEBUGINFOD_URLS=https://debuginfod.ubuntu.com VIRTUAL_ENV_PROMPT=(env) /usr/bin/cmake --build /home/sebastian-elliott-pedrosa/template_ws/build/ros_gz_example_description -- -j24 -l24
[0.739s] Invoking command in '/home/sebastian-elliott-pedrosa/template_ws/build/ros_gz_example_description': CMAKE_PREFIX_PATH=${CMAKE_PREFIX_PATH}:/opt/ros/jazzy DEBUGINFOD_URLS=https://debuginfod.ubuntu.com VIRTUAL_ENV_PROMPT=(env) /usr/bin/cmake --install /home/sebastian-elliott-pedrosa/template_ws/build/ros_gz_example_description
[0.748s] -- Install configuration: ""
[0.749s] -- Execute custom install script
[0.749s] -- Symlinking: /home/sebastian-elliott-pedrosa/template_ws/install/ros_gz_example_description/share/ros_gz_example_description/models/diff_drive/model.config
[0.759s] -- Symlinking: /home/sebastian-elliott-pedrosa/template_ws/install/ros_gz_example_description/share/ros_gz_example_description/models/diff_drive/model.sdf
[0.768s] -- Symlinking: /home/sebastian-elliott-pedrosa/template_ws/install/ros_gz_example_description/share/ros_gz_example_description/models/rrbot/model.sdf
[0.778s] -- Symlinking: /home/sebastian-elliott-pedrosa/template_ws/install/ros_gz_example_description/share/ros_gz_example_description/environment/ros_gz_example_description.dsv
[0.788s] -- Symlinking: /home/sebastian-elliott-pedrosa/template_ws/install/ros_gz_example_description/share/ros_gz_example_description/environment/ros_gz_example_description.sh
[0.797s] -- Symlinking: /home/sebastian-elliott-pedrosa/template_ws/install/ros_gz_example_description/share/ament_index/resource_index/package_run_dependencies/ros_gz_example_description
[0.807s] -- Symlinking: /home/sebastian-elliott-pedrosa/template_ws/install/ros_gz_example_description/share/ament_index/resource_index/parent_prefix_path/ros_gz_example_description
[0.817s] -- Symlinking: /home/sebastian-elliott-pedrosa/template_ws/install/ros_gz_example_description/share/ros_gz_example_description/environment/ament_prefix_path.sh
[0.827s] -- Symlinking: /home/sebastian-elliott-pedrosa/template_ws/install/ros_gz_example_description/share/ros_gz_example_description/environment/ament_prefix_path.dsv
[0.837s] -- Symlinking: /home/sebastian-elliott-pedrosa/template_ws/install/ros_gz_example_description/share/ros_gz_example_description/environment/path.sh
[0.846s] -- Symlinking: /home/sebastian-elliott-pedrosa/template_ws/install/ros_gz_example_description/share/ros_gz_example_description/environment/path.dsv
[0.856s] -- Symlinking: /home/sebastian-elliott-pedrosa/template_ws/install/ros_gz_example_description/share/ros_gz_example_description/local_setup.bash
[0.866s] -- Symlinking: /home/sebastian-elliott-pedrosa/template_ws/install/ros_gz_example_description/share/ros_gz_example_description/local_setup.sh
[0.876s] -- Symlinking: /home/sebastian-elliott-pedrosa/template_ws/install/ros_gz_example_description/share/ros_gz_example_description/local_setup.zsh
[0.886s] -- Symlinking: /home/sebastian-elliott-pedrosa/template_ws/install/ros_gz_example_description/share/ros_gz_example_description/local_setup.dsv
[0.896s] -- Symlinking: /home/sebastian-elliott-pedrosa/template_ws/install/ros_gz_example_description/share/ros_gz_example_description/package.dsv
[0.906s] -- Symlinking: /home/sebastian-elliott-pedrosa/template_ws/install/ros_gz_example_description/share/ament_index/resource_index/packages/ros_gz_example_description
[0.917s] -- Symlinking: /home/sebastian-elliott-pedrosa/template_ws/install/ros_gz_example_description/share/ros_gz_example_description/cmake/ros_gz_example_descriptionConfig.cmake
[0.928s] -- Symlinking: /home/sebastian-elliott-pedrosa/template_ws/install/ros_gz_example_description/share/ros_gz_example_description/cmake/ros_gz_example_descriptionConfig-version.cmake
[0.938s] -- Symlinking: /home/sebastian-elliott-pedrosa/template_ws/install/ros_gz_example_description/share/ros_gz_example_description/package.xml
[0.950s] Invoked command in '/home/sebastian-elliott-pedrosa/template_ws/build/ros_gz_example_description' returned '0': CMAKE_PREFIX_PATH=${CMAKE_PREFIX_PATH}:/opt/ros/jazzy DEBUGINFOD_URLS=https://debuginfod.ubuntu.com VIRTUAL_ENV_PROMPT=(env) /usr/bin/cmake --install /home/sebastian-elliott-pedrosa/template_ws/build/ros_gz_example_description
