-- Install configuration: ""
-- Execute custom install script
-- Up-to-date symlink: /home/sebastian-elliott-pedrosa/T1GR3/template_ws/install/ros_gz_example_bringup/share/ros_gz_example_bringup/launch/autonomous_drone.launch.py
-- Up-to-date symlink: /home/sebastian-elliott-pedrosa/T1GR3/template_ws/install/ros_gz_example_bringup/share/ros_gz_example_bringup/launch/diff_drive.launch.py
-- Symlinking: /home/sebastian-elliott-pedrosa/T1GR3/template_ws/install/ros_gz_example_bringup/share/ros_gz_example_bringup/launch/px4_gz_sim.launch.py
-- Up-to-date symlink: /home/sebastian-elliott-pedrosa/T1GR3/template_ws/install/ros_gz_example_bringup/share/ros_gz_example_bringup/launch/rrbot_setup.launch.py
-- Up-to-date symlink: /home/sebastian-elliott-pedrosa/T1GR3/template_ws/install/ros_gz_example_bringup/share/ros_gz_example_bringup/config/diff_drive.rviz
-- Up-to-date symlink: /home/sebastian-elliott-pedrosa/T1GR3/template_ws/install/ros_gz_example_bringup/share/ros_gz_example_bringup/config/ros_gz_example_bridge.yaml
-- Up-to-date symlink: /home/sebastian-elliott-pedrosa/T1GR3/template_ws/install/ros_gz_example_bringup/share/ros_gz_example_bringup/config/rrbot.rviz
-- Up-to-date symlink: /home/sebastian-elliott-pedrosa/T1GR3/template_ws/install/ros_gz_example_bringup/share/ament_index/resource_index/package_run_dependencies/ros_gz_example_bringup
-- Up-to-date symlink: /home/sebastian-elliott-pedrosa/T1GR3/template_ws/install/ros_gz_example_bringup/share/ament_index/resource_index/parent_prefix_path/ros_gz_example_bringup
-- Up-to-date symlink: /home/sebastian-elliott-pedrosa/T1GR3/template_ws/install/ros_gz_example_bringup/share/ros_gz_example_bringup/environment/ament_prefix_path.sh
-- Up-to-date symlink: /home/sebastian-elliott-pedrosa/T1GR3/template_ws/install/ros_gz_example_bringup/share/ros_gz_example_bringup/environment/ament_prefix_path.dsv
-- Up-to-date symlink: /home/sebastian-elliott-pedrosa/T1GR3/template_ws/install/ros_gz_example_bringup/share/ros_gz_example_bringup/environment/path.sh
-- Up-to-date symlink: /home/sebastian-elliott-pedrosa/T1GR3/template_ws/install/ros_gz_example_bringup/share/ros_gz_example_bringup/environment/path.dsv
-- Up-to-date symlink: /home/sebastian-elliott-pedrosa/T1GR3/template_ws/install/ros_gz_example_bringup/share/ros_gz_example_bringup/local_setup.bash
-- Up-to-date symlink: /home/sebastian-elliott-pedrosa/T1GR3/template_ws/install/ros_gz_example_bringup/share/ros_gz_example_bringup/local_setup.sh
-- Up-to-date symlink: /home/sebastian-elliott-pedrosa/T1GR3/template_ws/install/ros_gz_example_bringup/share/ros_gz_example_bringup/local_setup.zsh
-- Up-to-date symlink: /home/sebastian-elliott-pedrosa/T1GR3/template_ws/install/ros_gz_example_bringup/share/ros_gz_example_bringup/local_setup.dsv
-- Symlinking: /home/sebastian-elliott-pedrosa/T1GR3/template_ws/install/ros_gz_example_bringup/share/ros_gz_example_bringup/package.dsv
-- Up-to-date symlink: /home/sebastian-elliott-pedrosa/T1GR3/template_ws/install/ros_gz_example_bringup/share/ament_index/resource_index/packages/ros_gz_example_bringup
-- Up-to-date symlink: /home/sebastian-elliott-pedrosa/T1GR3/template_ws/install/ros_gz_example_bringup/share/ros_gz_example_bringup/cmake/ros_gz_example_bringupConfig.cmake
-- Up-to-date symlink: /home/sebastian-elliott-pedrosa/T1GR3/template_ws/install/ros_gz_example_bringup/share/ros_gz_example_bringup/cmake/ros_gz_example_bringupConfig-version.cmake
-- Up-to-date symlink: /home/sebastian-elliott-pedrosa/T1GR3/template_ws/install/ros_gz_example_bringup/share/ros_gz_example_bringup/package.xml
-- Up-to-date symlink: /home/sebastian-elliott-pedrosa/T1GR3/template_ws/install/ros_gz_example_bringup/share/ros_gz_example_bringup/launch/autonomous_drone.launch.py
-- Up-to-date symlink: /home/sebastian-elliott-pedrosa/T1GR3/template_ws/install/ros_gz_example_bringup/share/ros_gz_example_bringup/launch/diff_drive.launch.py
-- Up-to-date symlink: /home/sebastian-elliott-pedrosa/T1GR3/template_ws/install/ros_gz_example_bringup/share/ros_gz_example_bringup/launch/px4_gz_sim.launch.py
-- Up-to-date symlink: /home/sebastian-elliott-pedrosa/T1GR3/template_ws/install/ros_gz_example_bringup/share/ros_gz_example_bringup/launch/rrbot_setup.launch.py
